#
# There is insufficient memory for the Java Runtime Environment to continue.
# Native memory allocation (malloc) failed to allocate 624336 bytes for Chunk::new
# Possible reasons:
#   The system is out of physical RAM or swap space
#   In 32 bit mode, the process size limit was hit
# Possible solutions:
#   Reduce memory load on the system
#   Increase physical memory or swap space
#   Check if swap backing store is full
#   Use 64 bit Java on a 64 bit OS
#   Decrease Java heap size (-Xmx/-Xms)
#   Decrease number of Java threads
#   Decrease Java thread stack sizes (-Xss)
#   Set larger code cache with -XX:ReservedCodeCacheSize=
# This output file may be truncated or incomplete.
#
#  Out of Memory Error (allocation.cpp:390), pid=11320, tid=0x0000000000003138
#
# JRE version: OpenJDK Runtime Environment (8.0_152-b01) (build 1.8.0_152-release-915-b01)
# Java VM: OpenJDK 64-Bit Server VM (25.152-b01 mixed mode windows-amd64 compressed oops)
# Failed to write core dump. Minidumps are not enabled by default on client versions of Windows
#

---------------  T H R E A D  ---------------

Current thread (0x000000001855a000):  JavaThread "C2 CompilerThread0" daemon [_thread_in_native, id=12600, stack(0x0000000019ed0000,0x0000000019fd0000)]

Stack: [0x0000000019ed0000,0x0000000019fd0000]
[error occurred during error reporting (printing stack bounds), id 0xc0000005]

Native frames: (J=compiled Java code, j=interpreted, Vv=VM code, C=native code)


Current CompileTask:
C2: 105064 7953       4       org.jetbrains.kotlin.load.kotlin.TypeSignatureMappingKt::mapType (749 bytes)


---------------  P R O C E S S  ---------------

Java Threads: ( => current thread )
  0x000000001c550800 JavaThread "RMI RenewClean-[localhost:52564,org.jetbrains.kotlin.daemon.common.LoopbackNetworkInterface$ClientLoopbackSocketFactory@352fa33f]" daemon [_thread_blocked, id=12828, stack(0x0000000021f30000,0x0000000022030000)]
  0x000000001c54f800 JavaThread "RMI TCP Connection(4)-127.0.0.1" daemon [_thread_in_native, id=12840, stack(0x0000000021e30000,0x0000000021f30000)]
  0x000000001c54d800 JavaThread "RMI TCP Connection(3)-127.0.0.1" daemon [_thread_in_native, id=5340, stack(0x0000000021d30000,0x0000000021e30000)]
  0x000000001a6e6000 JavaThread "RMI RenewClean-[localhost:52564,org.jetbrains.kotlin.daemon.common.LoopbackNetworkInterface$ClientLoopbackSocketFactory@595c5ca]" daemon [_thread_blocked, id=13128, stack(0x000000001b690000,0x000000001b790000)]
  0x000000001a747800 JavaThread "RMI Scheduler(0)" daemon [_thread_blocked, id=6612, stack(0x000000001b490000,0x000000001b590000)]
  0x0000000004a8e800 JavaThread "DestroyJavaVM" [_thread_blocked, id=7508, stack(0x0000000004980000,0x0000000004a80000)]
  0x000000001a67c000 JavaThread "GC Daemon" daemon [_thread_blocked, id=5736, stack(0x000000001b1f0000,0x000000001b2f0000)]
  0x000000001a673000 JavaThread "RMI Reaper" [_thread_blocked, id=12092, stack(0x000000001b0f0000,0x000000001b1f0000)]
  0x000000001a5a8800 JavaThread "Timer-0" daemon [_thread_blocked, id=9024, stack(0x000000001acf0000,0x000000001adf0000)]
  0x000000001a664800 JavaThread "RMI TCP Accept-17227" daemon [_thread_in_native, id=7568, stack(0x000000001abf0000,0x000000001acf0000)]
  0x000000001995e000 JavaThread "Service Thread" daemon [_thread_blocked, id=8024, stack(0x000000001a1d0000,0x000000001a2d0000)]
  0x00000000198d9000 JavaThread "C1 CompilerThread2" daemon [_thread_in_vm, id=12692, stack(0x000000001a0d0000,0x000000001a1d0000)]
  0x000000001855b800 JavaThread "C2 CompilerThread1" daemon [_thread_in_native, id=3640, stack(0x0000000019fd0000,0x000000001a0d0000)]
=>0x000000001855a000 JavaThread "C2 CompilerThread0" daemon [_thread_in_native, id=12600, stack(0x0000000019ed0000,0x0000000019fd0000)]
  0x0000000018559800 JavaThread "Attach Listener" daemon [_thread_blocked, id=2308, stack(0x0000000019dd0000,0x0000000019ed0000)]
  0x00000000198d8800 JavaThread "Signal Dispatcher" daemon [_thread_blocked, id=6364, stack(0x0000000019cd0000,0x0000000019dd0000)]
  0x0000000004b8b000 JavaThread "Finalizer" daemon [_thread_blocked, id=1748, stack(0x0000000019770000,0x0000000019870000)]
  0x0000000004b82000 JavaThread "Reference Handler" daemon [_thread_blocked, id=3144, stack(0x0000000019670000,0x0000000019770000)]

Other Threads:
  0x00000000184c5800 VMThread [stack: 0x0000000019570000,0x0000000019670000] [id=5928]
  0x0000000019976800 WatcherThread [stack: 0x000000001a2d0000,0x000000001a3d0000] [id=748]

VM state:not at safepoint (normal execution)

VM Mutex/Monitor currently owned by a thread: None

Heap:
 PSYoungGen      total 128512K, used 78664K [0x00000000e0000000, 0x00000000e9d80000, 0x0000000100000000)
  eden space 100864K, 50% used [0x00000000e0000000,0x00000000e31d52c0,0x00000000e6280000)
  from space 27648K, 99% used [0x00000000e6280000,0x00000000e7d7cd78,0x00000000e7d80000)
  to   space 20480K, 0% used [0x00000000e7d80000,0x00000000e7d80000,0x00000000e9180000)
 ParOldGen       total 97280K, used 29605K [0x00000000a0000000, 0x00000000a5f00000, 0x00000000e0000000)
  object space 97280K, 30% used [0x00000000a0000000,0x00000000a1ce94a8,0x00000000a5f00000)
 Metaspace       used 52599K, capacity 53622K, committed 53888K, reserved 1095680K
  class space    used 6441K, capacity 6679K, committed 6784K, reserved 1048576K

Card table byte_map: [0x0000000013f50000,0x0000000014260000] byte_map_base: 0x0000000013a50000

Marking Bits: (ParMarkBitMap*) 0x000000006f613950
 Begin Bits: [0x0000000014860000, 0x0000000016060000)
 End Bits:   [0x0000000016060000, 0x0000000017860000)

Polling page: 0x0000000002a00000

CodeCache: size=245760Kb used=24554Kb max_used=24554Kb free=221205Kb
 bounds [0x0000000004b90000, 0x00000000063b0000, 0x0000000013b90000]
 total_blobs=7696 nmethods=7178 adapters=430
 compilation: enabled

Compilation events (10 events):
Event: 105.022 Thread 0x00000000198d9000 8085       3       org.jetbrains.kotlin.load.java.lazy.descriptors.LazyJavaClassMemberScope$constructors$1::<init> (16 bytes)
Event: 105.023 Thread 0x00000000198d9000 nmethod 8085 0x000000000639e2d0 code [0x000000000639e440, 0x000000000639e690]
Event: 105.023 Thread 0x00000000198d9000 8086       3       org.jetbrains.kotlin.load.java.lazy.descriptors.LazyJavaClassMemberScope$nestedClassIndex$1::<init> (11 bytes)
Event: 105.023 Thread 0x00000000198d9000 nmethod 8086 0x000000000639de50 code [0x000000000639dfc0, 0x000000000639e1f0]
Event: 105.023 Thread 0x00000000198d9000 8087       3       org.jetbrains.kotlin.load.java.lazy.descriptors.LazyJavaClassMemberScope$enumEntryIndex$1::<init> (11 bytes)
Event: 105.023 Thread 0x00000000198d9000 nmethod 8087 0x000000000639d9d0 code [0x000000000639db40, 0x000000000639dd70]
Event: 105.023 Thread 0x00000000198d9000 8088       3       org.jetbrains.kotlin.load.java.lazy.descriptors.LazyJavaClassMemberScope$nestedClasses$1::<init> (16 bytes)
Event: 105.023 Thread 0x00000000198d9000 nmethod 8088 0x00000000063a0490 code [0x00000000063a0600, 0x00000000063a0850]
Event: 105.024 Thread 0x00000000198d9000 8089       1       org.jetbrains.kotlin.serialization.deserialization.descriptors.DeserializedClassDescriptor::getModality (5 bytes)
Event: 105.024 Thread 0x00000000198d9000 nmethod 8089 0x000000000639d710 code [0x000000000639d860, 0x000000000639d970]

GC Heap History (10 events):
Event: 7.984 GC heap before
{Heap before GC invocations=8 (full 2):
 PSYoungGen      total 71680K, used 12280K [0x00000000e0000000, 0x00000000e5a00000, 0x0000000100000000)
  eden space 66560K, 10% used [0x00000000e0000000,0x00000000e06feb48,0x00000000e4100000)
  from space 5120K, 99% used [0x00000000e4100000,0x00000000e45ff508,0x00000000e4600000)
  to   space 5120K, 0% used [0x00000000e5500000,0x00000000e5500000,0x00000000e5a00000)
 ParOldGen       total 66048K, used 25241K [0x00000000a0000000, 0x00000000a4080000, 0x00000000e0000000)
  object space 66048K, 38% used [0x00000000a0000000,0x00000000a18a67e0,0x00000000a4080000)
 Metaspace       used 34611K, capacity 35114K, committed 35496K, reserved 1081344K
  class space    used 4426K, capacity 4551K, committed 4608K, reserved 1048576K
Event: 7.999 GC heap after
Heap after GC invocations=8 (full 2):
 PSYoungGen      total 75264K, used 5117K [0x00000000e0000000, 0x00000000e9180000, 0x0000000100000000)
  eden space 70144K, 0% used [0x00000000e0000000,0x00000000e0000000,0x00000000e4480000)
  from space 5120K, 99% used [0x00000000e5500000,0x00000000e59ff508,0x00000000e5a00000)
  to   space 16896K, 0% used [0x00000000e4480000,0x00000000e4480000,0x00000000e5500000)
 ParOldGen       total 66048K, used 26916K [0x00000000a0000000, 0x00000000a4080000, 0x00000000e0000000)
  object space 66048K, 40% used [0x00000000a0000000,0x00000000a1a493e0,0x00000000a4080000)
 Metaspace       used 34611K, capacity 35114K, committed 35496K, reserved 1081344K
  class space    used 4426K, capacity 4551K, committed 4608K, reserved 1048576K
}
Event: 7.999 GC heap before
{Heap before GC invocations=9 (full 3):
 PSYoungGen      total 75264K, used 5117K [0x00000000e0000000, 0x00000000e9180000, 0x0000000100000000)
  eden space 70144K, 0% used [0x00000000e0000000,0x00000000e0000000,0x00000000e4480000)
  from space 5120K, 99% used [0x00000000e5500000,0x00000000e59ff508,0x00000000e5a00000)
  to   space 16896K, 0% used [0x00000000e4480000,0x00000000e4480000,0x00000000e5500000)
 ParOldGen       total 66048K, used 26916K [0x00000000a0000000, 0x00000000a4080000, 0x00000000e0000000)
  object space 66048K, 40% used [0x00000000a0000000,0x00000000a1a493e0,0x00000000a4080000)
 Metaspace       used 34611K, capacity 35114K, committed 35496K, reserved 1081344K
  class space    used 4426K, capacity 4551K, committed 4608K, reserved 1048576K
Event: 8.091 GC heap after
Heap after GC invocations=9 (full 3):
 PSYoungGen      total 75264K, used 0K [0x00000000e0000000, 0x00000000e9180000, 0x0000000100000000)
  eden space 70144K, 0% used [0x00000000e0000000,0x00000000e0000000,0x00000000e4480000)
  from space 5120K, 0% used [0x00000000e5500000,0x00000000e5500000,0x00000000e5a00000)
  to   space 16896K, 0% used [0x00000000e4480000,0x00000000e4480000,0x00000000e5500000)
 ParOldGen       total 97280K, used 13912K [0x00000000a0000000, 0x00000000a5f00000, 0x00000000e0000000)
  object space 97280K, 14% used [0x00000000a0000000,0x00000000a0d96380,0x00000000a5f00000)
 Metaspace       used 34611K, capacity 35114K, committed 35496K, reserved 1081344K
  class space    used 4426K, capacity 4551K, committed 4608K, reserved 1048576K
}
Event: 9.703 GC heap before
{Heap before GC invocations=10 (full 3):
 PSYoungGen      total 75264K, used 70144K [0x00000000e0000000, 0x00000000e9180000, 0x0000000100000000)
  eden space 70144K, 100% used [0x00000000e0000000,0x00000000e4480000,0x00000000e4480000)
  from space 5120K, 0% used [0x00000000e5500000,0x00000000e5500000,0x00000000e5a00000)
  to   space 16896K, 0% used [0x00000000e4480000,0x00000000e4480000,0x00000000e5500000)
 ParOldGen       total 97280K, used 13912K [0x00000000a0000000, 0x00000000a5f00000, 0x00000000e0000000)
  object space 97280K, 14% used [0x00000000a0000000,0x00000000a0d96380,0x00000000a5f00000)
 Metaspace       used 38724K, capacity 39324K, committed 39936K, reserved 1083392K
  class space    used 4868K, capacity 4998K, committed 5120K, reserved 1048576K
Event: 9.727 GC heap after
Heap after GC invocations=10 (full 3):
 PSYoungGen      total 87040K, used 16883K [0x00000000e0000000, 0x00000000e9180000, 0x0000000100000000)
  eden space 70144K, 0% used [0x00000000e0000000,0x00000000e0000000,0x00000000e4480000)
  from space 16896K, 99% used [0x00000000e4480000,0x00000000e54fcd50,0x00000000e5500000)
  to   space 20480K, 0% used [0x00000000e7d80000,0x00000000e7d80000,0x00000000e9180000)
 ParOldGen       total 97280K, used 15498K [0x00000000a0000000, 0x00000000a5f00000, 0x00000000e0000000)
  object space 97280K, 15% used [0x00000000a0000000,0x00000000a0f22948,0x00000000a5f00000)
 Metaspace       used 38724K, capacity 39324K, committed 39936K, reserved 1083392K
  class space    used 4868K, capacity 4998K, committed 5120K, reserved 1048576K
}
Event: 12.062 GC heap before
{Heap before GC invocations=11 (full 3):
 PSYoungGen      total 87040K, used 87027K [0x00000000e0000000, 0x00000000e9180000, 0x0000000100000000)
  eden space 70144K, 100% used [0x00000000e0000000,0x00000000e4480000,0x00000000e4480000)
  from space 16896K, 99% used [0x00000000e4480000,0x00000000e54fcd50,0x00000000e5500000)
  to   space 20480K, 0% used [0x00000000e7d80000,0x00000000e7d80000,0x00000000e9180000)
 ParOldGen       total 97280K, used 15498K [0x00000000a0000000, 0x00000000a5f00000, 0x00000000e0000000)
  object space 97280K, 15% used [0x00000000a0000000,0x00000000a0f22948,0x00000000a5f00000)
 Metaspace       used 45811K, capacity 46620K, committed 47104K, reserved 1089536K
  class space    used 5800K, capacity 6034K, committed 6144K, reserved 1048576K
Event: 12.098 GC heap after
Heap after GC invocations=11 (full 3):
 PSYoungGen      total 121344K, used 20454K [0x00000000e0000000, 0x00000000e9d80000, 0x0000000100000000)
  eden space 100864K, 0% used [0x00000000e0000000,0x00000000e0000000,0x00000000e6280000)
  from space 20480K, 99% used [0x00000000e7d80000,0x00000000e9179b50,0x00000000e9180000)
  to   space 27648K, 0% used [0x00000000e6280000,0x00000000e6280000,0x00000000e7d80000)
 ParOldGen       total 97280K, used 23522K [0x00000000a0000000, 0x00000000a5f00000, 0x00000000e0000000)
  object space 97280K, 24% used [0x00000000a0000000,0x00000000a16f8898,0x00000000a5f00000)
 Metaspace       used 45811K, capacity 46620K, committed 47104K, reserved 1089536K
  class space    used 5800K, capacity 6034K, committed 6144K, reserved 1048576K
}
Event: 104.238 GC heap before
{Heap before GC invocations=12 (full 3):
 PSYoungGen      total 121344K, used 121318K [0x00000000e0000000, 0x00000000e9d80000, 0x0000000100000000)
  eden space 100864K, 100% used [0x00000000e0000000,0x00000000e6280000,0x00000000e6280000)
  from space 20480K, 99% used [0x00000000e7d80000,0x00000000e9179b50,0x00000000e9180000)
  to   space 27648K, 0% used [0x00000000e6280000,0x00000000e6280000,0x00000000e7d80000)
 ParOldGen       total 97280K, used 23522K [0x00000000a0000000, 0x00000000a5f00000, 0x00000000e0000000)
  object space 97280K, 24% used [0x00000000a0000000,0x00000000a16f8898,0x00000000a5f00000)
 Metaspace       used 52443K, capacity 53494K, committed 53888K, reserved 1095680K
  class space    used 6441K, capacity 6679K, committed 6784K, reserved 1048576K
Event: 104.291 GC heap after
Heap after GC invocations=12 (full 3):
 PSYoungGen      total 128512K, used 27635K [0x00000000e0000000, 0x00000000e9d80000, 0x0000000100000000)
  eden space 100864K, 0% used [0x00000000e0000000,0x00000000e0000000,0x00000000e6280000)
  from space 27648K, 99% used [0x00000000e6280000,0x00000000e7d7cd78,0x00000000e7d80000)
  to   space 20480K, 0% used [0x00000000e7d80000,0x00000000e7d80000,0x00000000e9180000)
 ParOldGen       total 97280K, used 29605K [0x00000000a0000000, 0x00000000a5f00000, 0x00000000e0000000)
  object space 97280K, 30% used [0x00000000a0000000,0x00000000a1ce94a8,0x00000000a5f00000)
 Metaspace       used 52443K, capacity 53494K, committed 53888K, reserved 1095680K
  class space    used 6441K, capacity 6679K, committed 6784K, reserved 1048576K
}

Deoptimization events (10 events):
Event: 104.104 Thread 0x000000001c54f800 Uncommon trap: reason=class_check action=maybe_recompile pc=0x000000000612e428 method=java.util.regex.Pattern$Slice.match(Ljava/util/regex/Matcher;ILjava/lang/CharSequence;)Z @ 75
Event: 104.106 Thread 0x000000001c54f800 Uncommon trap: reason=class_check action=maybe_recompile pc=0x000000000612e428 method=java.util.regex.Pattern$Slice.match(Ljava/util/regex/Matcher;ILjava/lang/CharSequence;)Z @ 75
Event: 104.111 Thread 0x000000001c54f800 Uncommon trap: reason=class_check action=maybe_recompile pc=0x000000000612e428 method=java.util.regex.Pattern$Slice.match(Ljava/util/regex/Matcher;ILjava/lang/CharSequence;)Z @ 75
Event: 104.125 Thread 0x000000001c54f800 Uncommon trap: reason=unstable_if action=reinterpret pc=0x0000000004ce9458 method=org.jetbrains.kotlin.psi.KtFile.getVirtualFilePath()Ljava/lang/String; @ 5
Event: 104.489 Thread 0x000000001c54f800 Uncommon trap: reason=class_check action=maybe_recompile pc=0x0000000005ccbc64 method=org.jetbrains.kotlin.types.DelegatingSimpleType.getConstructor()Lorg/jetbrains/kotlin/types/TypeConstructor; @ 4
Event: 104.518 Thread 0x000000001c54f800 Uncommon trap: reason=class_check action=maybe_recompile pc=0x000000000632bd6c method=org.jetbrains.kotlin.load.kotlin.TypeSignatureMappingKt.mapType(Lorg/jetbrains/kotlin/types/KotlinType;Lorg/jetbrains/kotlin/load/kotlin/JvmTypeFactory;Lorg/jetbrains/ko
Event: 104.519 Thread 0x000000001c54f800 Uncommon trap: reason=class_check action=maybe_recompile pc=0x000000000632bd6c method=org.jetbrains.kotlin.load.kotlin.TypeSignatureMappingKt.mapType(Lorg/jetbrains/kotlin/types/KotlinType;Lorg/jetbrains/kotlin/load/kotlin/JvmTypeFactory;Lorg/jetbrains/ko
Event: 104.520 Thread 0x000000001c54f800 Uncommon trap: reason=class_check action=maybe_recompile pc=0x000000000632bd6c method=org.jetbrains.kotlin.load.kotlin.TypeSignatureMappingKt.mapType(Lorg/jetbrains/kotlin/types/KotlinType;Lorg/jetbrains/kotlin/load/kotlin/JvmTypeFactory;Lorg/jetbrains/ko
Event: 104.520 Thread 0x000000001c54f800 Uncommon trap: reason=class_check action=maybe_recompile pc=0x000000000632bd6c method=org.jetbrains.kotlin.load.kotlin.TypeSignatureMappingKt.mapType(Lorg/jetbrains/kotlin/types/KotlinType;Lorg/jetbrains/kotlin/load/kotlin/JvmTypeFactory;Lorg/jetbrains/ko
Event: 104.584 Thread 0x000000001c54f800 Uncommon trap: reason=predicate action=maybe_recompile pc=0x00000000059abe90 method=java.util.regex.Pattern$Slice.match(Ljava/util/regex/Matcher;ILjava/lang/CharSequence;)Z @ 21

Classes redefined (0 events):
No events

Internal exceptions (10 events):
Event: 12.519 Thread 0x000000001a6de800 Implicit null exception at 0x0000000004ddbf6f to 0x0000000004ddc075
Event: 12.641 Thread 0x000000001a6de800 Implicit null exception at 0x0000000004e12f55 to 0x0000000004e13125
Event: 12.701 Thread 0x000000001a6de800 Implicit null exception at 0x000000000548f162 to 0x000000000548f535
Event: 12.701 Thread 0x000000001a6de800 Implicit null exception at 0x00000000053e9367 to 0x00000000053e96d1
Event: 12.701 Thread 0x000000001a6de800 Implicit null exception at 0x00000000053c768c to 0x00000000053c76f6
Event: 13.036 Thread 0x000000001a6de800 Exception <a 'java/lang/NoSuchMethodError': java.lang.Object.lambda$static$0(Ljava/lang/Throwable;Ljava/lang/String;)V> (0x00000000e15748b8) thrown at [D:\src\AOSP-openjdk-cygwin\jdk8u\hotspot\src\share\vm\interpreter\linkResolver.cpp, line 584]
Event: 13.238 Thread 0x000000001a6de800 Exception <a 'java/lang/NoSuchMethodError': java.lang.Object.lambda$static$0(Lorg/jetbrains/kotlin/descriptors/ValueParameterDescriptor;Lorg/jetbrains/kotlin/codegen/ExpressionCodegen;)Lorg/jetbrains/kotlin/codegen/StackValue;> (0x00000000e1f3e208) thrown
Event: 14.240 Thread 0x000000001a6de800 Exception <a 'java/lang/NoSuchMethodError': <clinit>> (0x00000000e4762c10) thrown at [D:\src\AOSP-openjdk-cygwin\jdk8u\hotspot\src\share\vm\prims\jni.cpp, line 1613]
Event: 103.791 Thread 0x000000001c54f800 Exception <a 'sun/nio/fs/WindowsException'> (0x00000000e4c15f10) thrown at [D:\src\AOSP-openjdk-cygwin\jdk8u\hotspot\src\share\vm\prims\jni.cpp, line 709]
Event: 103.792 Thread 0x000000001c54f800 Exception <a 'java/lang/reflect/InvocationTargetException'> (0x00000000e4c16758) thrown at [D:\src\AOSP-openjdk-cygwin\jdk8u\hotspot\src\share\vm\runtime\reflection.cpp, line 1092]

Events (10 events):
Event: 104.556 Executing VM operation: ForceSafepoint done
Event: 104.584 Thread 0x000000001c54f800 Uncommon trap: trap_request=0xffffff86 fr.pc=0x00000000059abe90
Event: 104.584 Thread 0x000000001c54f800 DEOPT PACKING pc=0x00000000059abe90 sp=0x0000000021f2a590
Event: 104.584 Thread 0x000000001c54f800 DEOPT UNPACKING pc=0x0000000004bd556a sp=0x0000000021f2a538 mode 2
Event: 104.680 Thread 0x000000001c54f800 DEOPT PACKING pc=0x00000000059a1d71 sp=0x0000000021f27f00
Event: 104.680 Thread 0x000000001c54f800 DEOPT UNPACKING pc=0x0000000004bd75bf sp=0x0000000021f27c18 mode 0
Event: 104.912 Thread 0x000000001c54f800 DEOPT PACKING pc=0x00000000055f67e7 sp=0x0000000021f29530
Event: 104.912 Thread 0x000000001c54f800 DEOPT UNPACKING pc=0x0000000004bd75bf sp=0x0000000021f29250 mode 0
Event: 104.949 Thread 0x000000001c54f800 DEOPT PACKING pc=0x00000000059a1d71 sp=0x0000000021f28890
Event: 104.950 Thread 0x000000001c54f800 DEOPT UNPACKING pc=0x0000000004bd75bf sp=0x0000000021f285a8 mode 0


Dynamic libraries:
0x00007ff7135a0000 - 0x00007ff7135d1000 	E:\Android\Android Studio\jre\jre\bin\java.exe
0x00007ffd33b00000 - 0x00007ffd33ce0000 	C:\WINDOWS\SYSTEM32\ntdll.dll
0x00007ffd334a0000 - 0x00007ffd3354e000 	C:\WINDOWS\System32\KERNEL32.DLL
0x00007ffd30a00000 - 0x00007ffd30c66000 	C:\WINDOWS\System32\KERNELBASE.dll
0x00007ffd33380000 - 0x00007ffd33421000 	C:\WINDOWS\System32\ADVAPI32.dll
0x00007ffd31030000 - 0x00007ffd310cd000 	C:\WINDOWS\System32\msvcrt.dll
0x00007ffd335b0000 - 0x00007ffd3360b000 	C:\WINDOWS\System32\sechost.dll
0x00007ffd336c0000 - 0x00007ffd337df000 	C:\WINDOWS\System32\RPCRT4.dll
0x00007ffd31240000 - 0x00007ffd313cf000 	C:\WINDOWS\System32\USER32.dll
0x00007ffd30650000 - 0x00007ffd30670000 	C:\WINDOWS\System32\win32u.dll
0x00007ffd313d0000 - 0x00007ffd313f8000 	C:\WINDOWS\System32\GDI32.dll
0x00007ffd30860000 - 0x00007ffd309f3000 	C:\WINDOWS\System32\gdi32full.dll
0x00007ffd30770000 - 0x00007ffd3080b000 	C:\WINDOWS\System32\msvcp_win.dll
0x00007ffd30670000 - 0x00007ffd30766000 	C:\WINDOWS\System32\ucrtbase.dll
0x00007ffd19d50000 - 0x00007ffd19fb9000 	C:\WINDOWS\WinSxS\amd64_microsoft.windows.common-controls_6595b64144ccf1df_6.0.16299.248_none_15ced204935f55d7\COMCTL32.dll
0x00007ffd32850000 - 0x00007ffd32b58000 	C:\WINDOWS\System32\combase.dll
0x00007ffd30c70000 - 0x00007ffd30ce2000 	C:\WINDOWS\System32\bcryptPrimitives.dll
0x00007ffd32df0000 - 0x00007ffd32e1d000 	C:\WINDOWS\System32\IMM32.DLL
0x000000006ed70000 - 0x000000006ee42000 	E:\Android\Android Studio\jre\jre\bin\msvcr100.dll
0x000000006ee50000 - 0x000000006f68e000 	E:\Android\Android Studio\jre\jre\bin\server\jvm.dll
0x00007ffd32e80000 - 0x00007ffd32e88000 	C:\WINDOWS\System32\PSAPI.DLL
0x00007ffd06170000 - 0x00007ffd06179000 	C:\WINDOWS\SYSTEM32\WSOCK32.dll
0x00007ffd2c320000 - 0x00007ffd2c343000 	C:\WINDOWS\SYSTEM32\WINMM.dll
0x00007ffd1c100000 - 0x00007ffd1c10a000 	C:\WINDOWS\SYSTEM32\VERSION.dll
0x00007ffd33430000 - 0x00007ffd3349c000 	C:\WINDOWS\System32\WS2_32.dll
0x00007ffd2c2c0000 - 0x00007ffd2c2ea000 	C:\WINDOWS\SYSTEM32\WINMMBASE.dll
0x00007ffd30810000 - 0x00007ffd3085a000 	C:\WINDOWS\System32\cfgmgr32.dll
0x00007ffd2c380000 - 0x00007ffd2c38f000 	E:\Android\Android Studio\jre\jre\bin\verify.dll
0x00007ffd2a5c0000 - 0x00007ffd2a5e9000 	E:\Android\Android Studio\jre\jre\bin\java.dll
0x00007ffd2ac50000 - 0x00007ffd2ac66000 	E:\Android\Android Studio\jre\jre\bin\zip.dll
0x00007ffd31410000 - 0x00007ffd32846000 	C:\WINDOWS\System32\SHELL32.dll
0x00007ffd33610000 - 0x00007ffd336b6000 	C:\WINDOWS\System32\shcore.dll
0x00007ffd2ff00000 - 0x00007ffd30647000 	C:\WINDOWS\System32\windows.storage.dll
0x00007ffd33550000 - 0x00007ffd335a1000 	C:\WINDOWS\System32\shlwapi.dll
0x00007ffd2fee0000 - 0x00007ffd2fef1000 	C:\WINDOWS\System32\kernel.appcore.dll
0x00007ffd2fe90000 - 0x00007ffd2fedc000 	C:\WINDOWS\System32\powrprof.dll
0x00007ffd2fe50000 - 0x00007ffd2fe6b000 	C:\WINDOWS\System32\profapi.dll
0x00007ffd2bb00000 - 0x00007ffd2bb0d000 	E:\Android\Android Studio\jre\jre\bin\management.dll
0x00007ffd2a4c0000 - 0x00007ffd2a4da000 	E:\Android\Android Studio\jre\jre\bin\net.dll
0x00007ffd2f6e0000 - 0x00007ffd2f746000 	C:\WINDOWS\system32\mswsock.dll
0x00007ffd2a3c0000 - 0x00007ffd2a3d1000 	E:\Android\Android Studio\jre\jre\bin\nio.dll
0x00007ffd2f8a0000 - 0x00007ffd2f8b7000 	C:\WINDOWS\SYSTEM32\CRYPTSP.dll
0x00007ffd2f2f0000 - 0x00007ffd2f323000 	C:\WINDOWS\system32\rsaenh.dll
0x00007ffd2f9b0000 - 0x00007ffd2f9d5000 	C:\WINDOWS\SYSTEM32\bcrypt.dll
0x00007ffd2fd80000 - 0x00007ffd2fda9000 	C:\WINDOWS\SYSTEM32\USERENV.dll
0x00007ffd2f8c0000 - 0x00007ffd2f8cb000 	C:\WINDOWS\SYSTEM32\CRYPTBASE.dll
0x00007ffd2f470000 - 0x00007ffd2f4a9000 	C:\WINDOWS\SYSTEM32\IPHLPAPI.DLL
0x00007ffd33860000 - 0x00007ffd33868000 	C:\WINDOWS\System32\NSI.dll
0x00007ffd29090000 - 0x00007ffd290a6000 	C:\WINDOWS\SYSTEM32\dhcpcsvc6.DLL
0x00007ffd29050000 - 0x00007ffd2906a000 	C:\WINDOWS\SYSTEM32\dhcpcsvc.DLL

VM Arguments:
jvm_args: -Djava.awt.headless=true -Djava.rmi.server.hostname=localhost -Xmx1536m -Dkotlin.environment.keepalive 
java_command: org.jetbrains.kotlin.daemon.KotlinCompileDaemon --daemon-runFilesPath C:\Users\zrk83\AppData\Local\kotlin\daemon --daemon-autoshutdownIdleSeconds=7200 --daemon-compilerClasspath C:\Users\zrk83\.gradle\caches\modules-2\files-2.1\org.jetbrains.kotlin\kotlin-compiler-embeddable\1.2.21\39456b64a42dc359e385697e2e93b5cba52e197f\kotlin-compiler-embeddable-1.2.21.jar;C:\Users\zrk83\.gradle\caches\modules-2\files-2.1\org.jetbrains.kotlin\kotlin-stdlib\1.2.21\d64187eb2d9d1521be3421aa8c6774a8625cdde8\kotlin-stdlib-1.2.21.jar;C:\Users\zrk83\.gradle\caches\modules-2\files-2.1\org.jetbrains.kotlin\kotlin-script-runtime\1.2.21\40c37b171146be48a989ab74b937b17a96d28d87\kotlin-script-runtime-1.2.21.jar;C:\Users\zrk83\.gradle\caches\modules-2\files-2.1\org.jetbrains.kotlin\kotlin-reflect\1.2.21\3159ff5936aa570a90050d385cb717fbb6c1723a\kotlin-reflect-1.2.21.jar;E:\Android\Android Studio\jre\lib\tools.jar
java_class_path (initial): C:\Users\zrk83\.gradle\caches\modules-2\files-2.1\org.jetbrains.kotlin\kotlin-compiler-embeddable\1.2.21\39456b64a42dc359e385697e2e93b5cba52e197f\kotlin-compiler-embeddable-1.2.21.jar;C:\Users\zrk83\.gradle\caches\modules-2\files-2.1\org.jetbrains.kotlin\kotlin-stdlib\1.2.21\d64187eb2d9d1521be3421aa8c6774a8625cdde8\kotlin-stdlib-1.2.21.jar;C:\Users\zrk83\.gradle\caches\modules-2\files-2.1\org.jetbrains.kotlin\kotlin-script-runtime\1.2.21\40c37b171146be48a989ab74b937b17a96d28d87\kotlin-script-runtime-1.2.21.jar;C:\Users\zrk83\.gradle\caches\modules-2\files-2.1\org.jetbrains.kotlin\kotlin-reflect\1.2.21\3159ff5936aa570a90050d385cb717fbb6c1723a\kotlin-reflect-1.2.21.jar;E:\Android\Android Studio\jre\lib\tools.jar
Launcher Type: SUN_STANDARD

Environment Variables:
PATH=C:\Program Files (x86)\NVIDIA Corporation\PhysX\Common;C:\ProgramData\Oracle\Java\javapath;E:\Microsoft MPI\Bin\;C:\WINDOWS\system32;C:\WINDOWS;C:\WINDOWS\System32\Wbem;C:\WINDOWS\System32\WindowsPowerShell\v1.0\;E:\Git\Git\cmd;C:\Program Files\Microsoft SQL Server\Client SDK\ODBC\110\Tools\Binn\;C:\Program Files (x86)\Microsoft SQL Server\120\Tools\Binn\;C:\Program Files\Microsoft SQL Server\120\Tools\Binn\;C:\Program Files\Microsoft SQL Server\120\DTS\Binn\;C:\Program Files (x86)\Windows Kits\8.1\Windows Performance Toolkit\;C:\Program Files\dotnet\;E:\Anaconda3;E:\Anaconda3\Library\mingw-w64\bin;E:\Anaconda3\Library\usr\bin;E:\Anaconda3\Library\bin;E:\Anaconda3\Scripts;E:\opencv\build\bin;C:\Users\zrk83\AppData\Local\Microsoft\WindowsApps;E:\Microsoft VS Code\bin;E:\Fiddler;C:\Users\zrk83\AppData\Local\GitHubDesktop\bin;E:\Quartus\13.0sp1\modelsim_ase\win32aloem;C:\MinGW\bin;
USERNAME=zrk83
OS=Windows_NT
PROCESSOR_IDENTIFIER=Intel64 Family 6 Model 69 Stepping 1, GenuineIntel



---------------  S Y S T E M  ---------------

OS: Windows 10.0 , 64 bit Build 16299 (10.0.16299.15)

CPU:total 4 (initial active 4) (2 cores per cpu, 2 threads per core) family 6 model 69 stepping 1, cmov, cx8, fxsr, mmx, sse, sse2, sse3, ssse3, sse4.1, sse4.2, popcnt, avx, avx2, aes, clmul, erms, lzcnt, ht, tsc, tscinvbit, bmi1, bmi2

Memory: 4k page, physical 8291408k(853296k free), swap 8291408k(5636k free)

vm_info: OpenJDK 64-Bit Server VM (25.152-b01) for windows-amd64 JRE (1.8.0_152-release-915-b01), built by "builder" with MS VC++ 10.0 (VS2010)

time: Sat Mar 10 15:39:09 2018
elapsed time: 105 seconds (0d 0h 1m 45s)

