#
# There is insufficient memory for the Java Runtime Environment to continue.
# Native memory allocation (malloc) failed to allocate 1366416 bytes for Chunk::new
# Possible reasons:
#   The system is out of physical RAM or swap space
#   In 32 bit mode, the process size limit was hit
# Possible solutions:
#   Reduce memory load on the system
#   Increase physical memory or swap space
#   Check if swap backing store is full
#   Use 64 bit Java on a 64 bit OS
#   Decrease Java heap size (-Xmx/-Xms)
#   Decrease number of Java threads
#   Decrease Java thread stack sizes (-Xss)
#   Set larger code cache with -XX:ReservedCodeCacheSize=
# This output file may be truncated or incomplete.
#
#  Out of Memory Error (allocation.cpp:390), pid=12448, tid=0x00000000000015b4
#
# JRE version: OpenJDK Runtime Environment (8.0_152-b01) (build 1.8.0_152-release-915-b01)
# Java VM: OpenJDK 64-Bit Server VM (25.152-b01 mixed mode windows-amd64 compressed oops)
# Failed to write core dump. Minidumps are not enabled by default on client versions of Windows
#

---------------  T H R E A D  ---------------

Current thread (0x0000000018d9b800):  JavaThread "C2 CompilerThread1" daemon [_thread_in_native, id=5556, stack(0x000000001a790000,0x000000001a890000)]

Stack: [0x000000001a790000,0x000000001a890000]
[error occurred during error reporting (printing stack bounds), id 0xc0000005]

Native frames: (J=compiled Java code, j=interpreted, Vv=VM code, C=native code)


Current CompileTask:
C2:  17919 5426       4       org.jetbrains.kotlin.com.intellij.lang.java.parser.ExpressionParser::parseBinary (164 bytes)


---------------  P R O C E S S  ---------------

Java Threads: ( => current thread )
  0x000000001a35c800 JavaThread "RMI RenewClean-[localhost:52564,org.jetbrains.kotlin.daemon.common.LoopbackNetworkInterface$ClientLoopbackSocketFactory@35875d26]" daemon [_thread_blocked, id=7740, stack(0x000000001be30000,0x000000001bf30000)]
  0x000000001adf0800 JavaThread "RMI TCP Connection(2)-127.0.0.1" daemon [_thread_in_vm, id=13068, stack(0x000000001bd30000,0x000000001be30000)]
  0x000000001ae67800 JavaThread "RMI Scheduler(0)" daemon [_thread_blocked, id=10120, stack(0x000000001bc30000,0x000000001bd30000)]
  0x000000001ae33800 JavaThread "RMI TCP Connection(1)-127.0.0.1" daemon [_thread_in_native, id=9580, stack(0x000000001bb30000,0x000000001bc30000)]
  0x00000000052ce800 JavaThread "DestroyJavaVM" [_thread_blocked, id=10036, stack(0x00000000051a0000,0x00000000052a0000)]
  0x000000001ae6a000 JavaThread "GC Daemon" daemon [_thread_blocked, id=6360, stack(0x000000001b990000,0x000000001ba90000)]
  0x000000001ae1b800 JavaThread "RMI Reaper" [_thread_blocked, id=12404, stack(0x000000001b690000,0x000000001b790000)]
  0x000000001ae02800 JavaThread "Timer-0" daemon [_thread_blocked, id=10588, stack(0x000000001b490000,0x000000001b590000)]
  0x000000001ad17800 JavaThread "RMI TCP Accept-17550" daemon [_thread_in_native, id=1832, stack(0x000000001b390000,0x000000001b490000)]
  0x000000001a11e800 JavaThread "Service Thread" daemon [_thread_blocked, id=6848, stack(0x000000001a990000,0x000000001aa90000)]
  0x000000001a099000 JavaThread "C1 CompilerThread2" daemon [_thread_blocked, id=9552, stack(0x000000001a890000,0x000000001a990000)]
=>0x0000000018d9b800 JavaThread "C2 CompilerThread1" daemon [_thread_in_native, id=5556, stack(0x000000001a790000,0x000000001a890000)]
  0x0000000018d9a000 JavaThread "C2 CompilerThread0" daemon [_thread_in_native, id=12792, stack(0x000000001a690000,0x000000001a790000)]
  0x0000000018d99800 JavaThread "Attach Listener" daemon [_thread_blocked, id=10688, stack(0x000000001a590000,0x000000001a690000)]
  0x000000001a098800 JavaThread "Signal Dispatcher" daemon [_thread_blocked, id=11660, stack(0x000000001a490000,0x000000001a590000)]
  0x00000000053cb000 JavaThread "Finalizer" daemon [_thread_blocked, id=10736, stack(0x0000000019f90000,0x000000001a090000)]
  0x00000000053c2000 JavaThread "Reference Handler" daemon [_thread_blocked, id=4716, stack(0x0000000019e90000,0x0000000019f90000)]

Other Threads:
  0x0000000018d05800 VMThread [stack: 0x0000000019d90000,0x0000000019e90000] [id=7096]
  0x000000001a127000 WatcherThread [stack: 0x000000001aa90000,0x000000001ab90000] [id=5572]

VM state:not at safepoint (normal execution)

VM Mutex/Monitor currently owned by a thread: None

Heap:
 PSYoungGen      total 86528K, used 60609K [0x00000000e0000000, 0x00000000e6f80000, 0x0000000100000000)
  eden space 69120K, 62% used [0x00000000e0000000,0x00000000e2a31c30,0x00000000e4380000)
  from space 17408K, 99% used [0x00000000e5780000,0x00000000e687ea98,0x00000000e6880000)
  to   space 20480K, 0% used [0x00000000e4380000,0x00000000e4380000,0x00000000e5780000)
 ParOldGen       total 96768K, used 19311K [0x00000000a0000000, 0x00000000a5e80000, 0x00000000e0000000)
  object space 96768K, 19% used [0x00000000a0000000,0x00000000a12dbcf8,0x00000000a5e80000)
 Metaspace       used 44928K, capacity 45766K, committed 46208K, reserved 1089536K
  class space    used 5714K, capacity 5905K, committed 6016K, reserved 1048576K

Card table byte_map: [0x0000000014790000,0x0000000014aa0000] byte_map_base: 0x0000000014290000

Marking Bits: (ParMarkBitMap*) 0x000000006f613950
 Begin Bits: [0x00000000150a0000, 0x00000000168a0000)
 End Bits:   [0x00000000168a0000, 0x00000000180a0000)

Polling page: 0x00000000035a0000

CodeCache: size=245760Kb used=18000Kb max_used=18000Kb free=227759Kb
 bounds [0x00000000053d0000, 0x0000000006580000, 0x00000000143d0000]
 total_blobs=5957 nmethods=5465 adapters=404
 compilation: enabled

Compilation events (10 events):
Event: 17.891 Thread 0x000000001a099000 5565       2       org.jetbrains.kotlin.com.intellij.openapi.util.Key::<init> (74 bytes)
Event: 17.892 Thread 0x000000001a099000 nmethod 5565 0x000000000656d910 code [0x000000000656db00, 0x000000000656e228]
Event: 17.892 Thread 0x000000001a099000 5566       2       org.jetbrains.kotlin.com.intellij.util.containers.ConcurrentRefValueIntObjectHashMap::processQueue (38 bytes)
Event: 17.892 Thread 0x000000001a099000 nmethod 5566 0x000000000656e750 code [0x000000000656e8e0, 0x000000000656ed38]
Event: 17.892 Thread 0x000000001a099000 5567       2       org.jetbrains.kotlin.com.intellij.util.containers.ConcurrentWeakValueIntObjectHashMap::createReference (126 bytes)
Event: 17.893 Thread 0x000000001a099000 nmethod 5567 0x000000000656ef50 code [0x000000000656f1c0, 0x000000000656fe68]
Event: 17.894 Thread 0x000000001a099000 5568       2       org.jetbrains.kotlin.com.intellij.util.containers.ConcurrentIntObjectHashMap::put (48 bytes)
Event: 17.894 Thread 0x000000001a099000 nmethod 5568 0x00000000065708d0 code [0x0000000006570ac0, 0x00000000065711a8]
Event: 17.895 Thread 0x000000001a099000 5569       2       org.jetbrains.kotlin.com.intellij.util.containers.ConcurrentIntObjectHashMap::addCount (290 bytes)
Event: 17.896 Thread 0x000000001a099000 nmethod 5569 0x0000000006571710 code [0x00000000065718c0, 0x0000000006571de8]

GC Heap History (10 events):
Event: 13.061 GC heap before
{Heap before GC invocations=7 (full 2):
 PSYoungGen      total 38400K, used 38397K [0x00000000e0000000, 0x00000000e4400000, 0x0000000100000000)
  eden space 33280K, 100% used [0x00000000e0000000,0x00000000e2080000,0x00000000e2080000)
  from space 5120K, 99% used [0x00000000e2580000,0x00000000e2a7f5d0,0x00000000e2a80000)
  to   space 5120K, 0% used [0x00000000e2080000,0x00000000e2080000,0x00000000e2580000)
 ParOldGen       total 58880K, used 12423K [0x00000000a0000000, 0x00000000a3980000, 0x00000000e0000000)
  object space 58880K, 21% used [0x00000000a0000000,0x00000000a0c21ee8,0x00000000a3980000)
 Metaspace       used 30263K, capacity 30772K, committed 31232K, reserved 1077248K
  class space    used 3909K, capacity 4050K, committed 4096K, reserved 1048576K
Event: 13.086 GC heap after
Heap after GC invocations=7 (full 2):
 PSYoungGen      total 38400K, used 5117K [0x00000000e0000000, 0x00000000e4580000, 0x0000000100000000)
  eden space 33280K, 0% used [0x00000000e0000000,0x00000000e0000000,0x00000000e2080000)
  from space 5120K, 99% used [0x00000000e2080000,0x00000000e257f508,0x00000000e2580000)
  to   space 5120K, 0% used [0x00000000e4080000,0x00000000e4080000,0x00000000e4580000)
 ParOldGen       total 58880K, used 19717K [0x00000000a0000000, 0x00000000a3980000, 0x00000000e0000000)
  object space 58880K, 33% used [0x00000000a0000000,0x00000000a13414b8,0x00000000a3980000)
 Metaspace       used 30263K, capacity 30772K, committed 31232K, reserved 1077248K
  class space    used 3909K, capacity 4050K, committed 4096K, reserved 1048576K
}
Event: 13.977 GC heap before
{Heap before GC invocations=8 (full 2):
 PSYoungGen      total 38400K, used 33414K [0x00000000e0000000, 0x00000000e4580000, 0x0000000100000000)
  eden space 33280K, 85% used [0x00000000e0000000,0x00000000e1ba24c8,0x00000000e2080000)
  from space 5120K, 99% used [0x00000000e2080000,0x00000000e257f508,0x00000000e2580000)
  to   space 5120K, 0% used [0x00000000e4080000,0x00000000e4080000,0x00000000e4580000)
 ParOldGen       total 58880K, used 19717K [0x00000000a0000000, 0x00000000a3980000, 0x00000000e0000000)
  object space 58880K, 33% used [0x00000000a0000000,0x00000000a13414b8,0x00000000a3980000)
 Metaspace       used 34674K, capacity 35204K, committed 35496K, reserved 1081344K
  class space    used 4426K, capacity 4556K, committed 4608K, reserved 1048576K
Event: 13.996 GC heap after
Heap after GC invocations=8 (full 2):
 PSYoungGen      total 55808K, used 5093K [0x00000000e0000000, 0x00000000e5980000, 0x0000000100000000)
  eden space 50688K, 0% used [0x00000000e0000000,0x00000000e0000000,0x00000000e3180000)
  from space 5120K, 99% used [0x00000000e4080000,0x00000000e4579650,0x00000000e4580000)
  to   space 15360K, 0% used [0x00000000e3180000,0x00000000e3180000,0x00000000e4080000)
 ParOldGen       total 58880K, used 26645K [0x00000000a0000000, 0x00000000a3980000, 0x00000000e0000000)
  object space 58880K, 45% used [0x00000000a0000000,0x00000000a1a05400,0x00000000a3980000)
 Metaspace       used 34674K, capacity 35204K, committed 35496K, reserved 1081344K
  class space    used 4426K, capacity 4556K, committed 4608K, reserved 1048576K
}
Event: 13.996 GC heap before
{Heap before GC invocations=9 (full 3):
 PSYoungGen      total 55808K, used 5093K [0x00000000e0000000, 0x00000000e5980000, 0x0000000100000000)
  eden space 50688K, 0% used [0x00000000e0000000,0x00000000e0000000,0x00000000e3180000)
  from space 5120K, 99% used [0x00000000e4080000,0x00000000e4579650,0x00000000e4580000)
  to   space 15360K, 0% used [0x00000000e3180000,0x00000000e3180000,0x00000000e4080000)
 ParOldGen       total 58880K, used 26645K [0x00000000a0000000, 0x00000000a3980000, 0x00000000e0000000)
  object space 58880K, 45% used [0x00000000a0000000,0x00000000a1a05400,0x00000000a3980000)
 Metaspace       used 34674K, capacity 35204K, committed 35496K, reserved 1081344K
  class space    used 4426K, capacity 4556K, committed 4608K, reserved 1048576K
Event: 14.119 GC heap after
Heap after GC invocations=9 (full 3):
 PSYoungGen      total 55808K, used 0K [0x00000000e0000000, 0x00000000e5980000, 0x0000000100000000)
  eden space 50688K, 0% used [0x00000000e0000000,0x00000000e0000000,0x00000000e3180000)
  from space 5120K, 0% used [0x00000000e4080000,0x00000000e4080000,0x00000000e4580000)
  to   space 15360K, 0% used [0x00000000e3180000,0x00000000e3180000,0x00000000e4080000)
 ParOldGen       total 96768K, used 17909K [0x00000000a0000000, 0x00000000a5e80000, 0x00000000e0000000)
  object space 96768K, 18% used [0x00000000a0000000,0x00000000a117d400,0x00000000a5e80000)
 Metaspace       used 34674K, capacity 35204K, committed 35496K, reserved 1081344K
  class space    used 4426K, capacity 4556K, committed 4608K, reserved 1048576K
}
Event: 15.276 GC heap before
{Heap before GC invocations=10 (full 3):
 PSYoungGen      total 55808K, used 50688K [0x00000000e0000000, 0x00000000e5980000, 0x0000000100000000)
  eden space 50688K, 100% used [0x00000000e0000000,0x00000000e3180000,0x00000000e3180000)
  from space 5120K, 0% used [0x00000000e4080000,0x00000000e4080000,0x00000000e4580000)
  to   space 15360K, 0% used [0x00000000e3180000,0x00000000e3180000,0x00000000e4080000)
 ParOldGen       total 96768K, used 17909K [0x00000000a0000000, 0x00000000a5e80000, 0x00000000e0000000)
  object space 96768K, 18% used [0x00000000a0000000,0x00000000a117d400,0x00000000a5e80000)
 Metaspace       used 37872K, capacity 38504K, committed 38784K, reserved 1083392K
  class space    used 4807K, capacity 4962K, committed 4992K, reserved 1048576K
Event: 15.303 GC heap after
Heap after GC invocations=10 (full 3):
 PSYoungGen      total 66048K, used 14708K [0x00000000e0000000, 0x00000000e6880000, 0x0000000100000000)
  eden space 50688K, 0% used [0x00000000e0000000,0x00000000e0000000,0x00000000e3180000)
  from space 15360K, 95% used [0x00000000e3180000,0x00000000e3fdd1c0,0x00000000e4080000)
  to   space 17408K, 0% used [0x00000000e5780000,0x00000000e5780000,0x00000000e6880000)
 ParOldGen       total 96768K, used 17917K [0x00000000a0000000, 0x00000000a5e80000, 0x00000000e0000000)
  object space 96768K, 18% used [0x00000000a0000000,0x00000000a117f400,0x00000000a5e80000)
 Metaspace       used 37872K, capacity 38504K, committed 38784K, reserved 1083392K
  class space    used 4807K, capacity 4962K, committed 4992K, reserved 1048576K
}
Event: 16.512 GC heap before
{Heap before GC invocations=11 (full 3):
 PSYoungGen      total 66048K, used 65396K [0x00000000e0000000, 0x00000000e6880000, 0x0000000100000000)
  eden space 50688K, 100% used [0x00000000e0000000,0x00000000e3180000,0x00000000e3180000)
  from space 15360K, 95% used [0x00000000e3180000,0x00000000e3fdd1c0,0x00000000e4080000)
  to   space 17408K, 0% used [0x00000000e5780000,0x00000000e5780000,0x00000000e6880000)
 ParOldGen       total 96768K, used 17917K [0x00000000a0000000, 0x00000000a5e80000, 0x00000000e0000000)
  object space 96768K, 18% used [0x00000000a0000000,0x00000000a117f400,0x00000000a5e80000)
 Metaspace       used 39633K, capacity 40294K, committed 40704K, reserved 1085440K
  class space    used 4969K, capacity 5113K, committed 5120K, reserved 1048576K
Event: 16.544 GC heap after
Heap after GC invocations=11 (full 3):
 PSYoungGen      total 86528K, used 17402K [0x00000000e0000000, 0x00000000e6f80000, 0x0000000100000000)
  eden space 69120K, 0% used [0x00000000e0000000,0x00000000e0000000,0x00000000e4380000)
  from space 17408K, 99% used [0x00000000e5780000,0x00000000e687ea98,0x00000000e6880000)
  to   space 20480K, 0% used [0x00000000e4380000,0x00000000e4380000,0x00000000e5780000)
 ParOldGen       total 96768K, used 19311K [0x00000000a0000000, 0x00000000a5e80000, 0x00000000e0000000)
  object space 96768K, 19% used [0x00000000a0000000,0x00000000a12dbcf8,0x00000000a5e80000)
 Metaspace       used 39633K, capacity 40294K, committed 40704K, reserved 1085440K
  class space    used 4969K, capacity 5113K, committed 5120K, reserved 1048576K
}

Deoptimization events (10 events):
Event: 17.704 Thread 0x000000001adf0800 Uncommon trap: reason=speculate_class_check action=maybe_recompile pc=0x00000000061c5d20 method=org.jetbrains.kotlin.com.intellij.psi.impl.source.tree.AstPath.getNodePath(Lorg/jetbrains/kotlin/com/intellij/psi/impl/source/tree/CompositeElement;)Lorg/jetbr
Event: 17.706 Thread 0x000000001adf0800 Uncommon trap: reason=bimorphic action=maybe_recompile pc=0x00000000063d6180 method=org.jetbrains.kotlin.com.intellij.psi.impl.source.tree.SharedImplUtil.findFileElement(Lorg/jetbrains/kotlin/com/intellij/lang/ASTNode;)Lorg/jetbrains/kotlin/com/intellij/l
Event: 17.712 Thread 0x000000001adf0800 Uncommon trap: reason=bimorphic action=maybe_recompile pc=0x00000000063d6eb8 method=org.jetbrains.kotlin.com.intellij.psi.impl.source.tree.SharedImplUtil.findFileElement(Lorg/jetbrains/kotlin/com/intellij/lang/ASTNode;)Lorg/jetbrains/kotlin/com/intellij/l
Event: 17.714 Thread 0x000000001adf0800 Uncommon trap: reason=speculate_class_check action=maybe_recompile pc=0x00000000061c5d20 method=org.jetbrains.kotlin.com.intellij.psi.impl.source.tree.AstPath.getNodePath(Lorg/jetbrains/kotlin/com/intellij/psi/impl/source/tree/CompositeElement;)Lorg/jetbr
Event: 17.714 Thread 0x000000001adf0800 Uncommon trap: reason=bimorphic action=maybe_recompile pc=0x00000000062ed990 method=org.jetbrains.kotlin.com.intellij.psi.impl.source.tree.SharedImplUtil.findFileElement(Lorg/jetbrains/kotlin/com/intellij/lang/ASTNode;)Lorg/jetbrains/kotlin/com/intellij/l
Event: 17.738 Thread 0x000000001adf0800 Uncommon trap: reason=bimorphic action=maybe_recompile pc=0x0000000006317bb8 method=org.jetbrains.kotlin.gnu.trove.TObjectCanonicalHashingStrategy.equals(Ljava/lang/Object;Ljava/lang/Object;)Z @ 6
Event: 17.738 Thread 0x000000001adf0800 Uncommon trap: reason=bimorphic action=maybe_recompile pc=0x0000000006317bb8 method=org.jetbrains.kotlin.gnu.trove.TObjectCanonicalHashingStrategy.equals(Ljava/lang/Object;Ljava/lang/Object;)Z @ 6
Event: 17.738 Thread 0x000000001adf0800 Uncommon trap: reason=bimorphic action=maybe_recompile pc=0x0000000006317bb8 method=org.jetbrains.kotlin.gnu.trove.TObjectCanonicalHashingStrategy.equals(Ljava/lang/Object;Ljava/lang/Object;)Z @ 6
Event: 17.739 Thread 0x000000001adf0800 Uncommon trap: reason=bimorphic action=maybe_recompile pc=0x0000000006317bb8 method=org.jetbrains.kotlin.gnu.trove.TObjectCanonicalHashingStrategy.equals(Ljava/lang/Object;Ljava/lang/Object;)Z @ 6
Event: 17.909 Thread 0x000000001adf0800 Uncommon trap: reason=unstable_if action=reinterpret pc=0x000000000577ca3c method=java.lang.CharacterDataLatin1.isWhitespace(I)Z @ 14

Classes redefined (0 events):
No events

Internal exceptions (10 events):
Event: 13.647 Thread 0x000000001adf0800 Exception <a 'java/lang/NoSuchMethodError': java.lang.Object.lambda$static$0(I)[Lorg/jetbrains/kotlin/psi/KtDeclaration;> (0x00000000e0d9c988) thrown at [D:\src\AOSP-openjdk-cygwin\jdk8u\hotspot\src\share\vm\interpreter\linkResolver.cpp, line 584]
Event: 13.653 Thread 0x000000001adf0800 Exception <a 'java/lang/NoSuchMethodError': java.lang.Object.lambda$static$0(I)[Lorg/jetbrains/kotlin/com/intellij/psi/PsiElement;> (0x00000000e0dbe848) thrown at [D:\src\AOSP-openjdk-cygwin\jdk8u\hotspot\src\share\vm\interpreter\linkResolver.cpp, line 58
Event: 13.690 Thread 0x000000001adf0800 Exception <a 'java/lang/NoSuchMethodError': java.lang.Object.lambda$static$0(I)[Lorg/jetbrains/kotlin/psi/KtTypeElement;> (0x00000000e0f33360) thrown at [D:\src\AOSP-openjdk-cygwin\jdk8u\hotspot\src\share\vm\interpreter\linkResolver.cpp, line 584]
Event: 14.193 Thread 0x000000001adf0800 Exception <a 'java/lang/NoSuchMethodError': java.lang.Object.lambda$static$0(I)[Lorg/jetbrains/kotlin/com/intellij/psi/PsiClass;> (0x00000000e030c650) thrown at [D:\src\AOSP-openjdk-cygwin\jdk8u\hotspot\src\share\vm\interpreter\linkResolver.cpp, line 584]
Event: 16.232 Thread 0x000000001adf0800 Implicit null exception at 0x0000000006240773 to 0x00000000062411a5
Event: 16.633 Thread 0x000000001adf0800 Implicit null exception at 0x0000000005a2c2cc to 0x0000000005a2c375
Event: 17.702 Thread 0x000000001adf0800 Exception <a 'java/lang/NoSuchMethodError': java.lang.Object.lambda$static$0(I)[Lorg/jetbrains/kotlin/com/intellij/psi/PsiTypeParameter;> (0x00000000e24c5720) thrown at [D:\src\AOSP-openjdk-cygwin\jdk8u\hotspot\src\share\vm\interpreter\linkResolver.cpp, l
Event: 17.722 Thread 0x000000001adf0800 Exception <a 'java/lang/NoSuchMethodError': java.lang.Object.lambda$static$0(I)[Lorg/jetbrains/kotlin/com/intellij/psi/PsiMethod;> (0x00000000e252a4c8) thrown at [D:\src\AOSP-openjdk-cygwin\jdk8u\hotspot\src\share\vm\interpreter\linkResolver.cpp, line 584
Event: 17.724 Thread 0x000000001adf0800 Exception <a 'java/lang/NoSuchMethodError': java.lang.Object.lambda$static$0(I)[Lorg/jetbrains/kotlin/com/intellij/psi/PsiField;> (0x00000000e25353b8) thrown at [D:\src\AOSP-openjdk-cygwin\jdk8u\hotspot\src\share\vm\interpreter\linkResolver.cpp, line 584]
Event: 17.793 Thread 0x000000001adf0800 Exception <a 'java/lang/NoSuchMethodError': java.lang.Object.lambda$static$0(I)[Lorg/jetbrains/kotlin/com/intellij/psi/PsiJavaCodeReferenceElement;> (0x00000000e2688f00) thrown at [D:\src\AOSP-openjdk-cygwin\jdk8u\hotspot\src\share\vm\interpreter\linkReso

Events (10 events):
Event: 17.905 loading class org/jetbrains/kotlin/com/intellij/lexer/JavaDocTokenTypes done
Event: 17.905 loading class org/jetbrains/kotlin/com/intellij/lexer/DocCommentTokenTypes
Event: 17.905 loading class org/jetbrains/kotlin/com/intellij/lexer/DocCommentTokenTypes done
Event: 17.906 loading class org/jetbrains/kotlin/com/intellij/lang/java/lexer/_JavaDocLexer
Event: 17.906 loading class org/jetbrains/kotlin/com/intellij/lang/java/lexer/_JavaDocLexer done
Event: 17.908 loading class org/jetbrains/kotlin/com/intellij/lexer/MergingLexerAdapter$MyMergeFunction
Event: 17.908 loading class org/jetbrains/kotlin/com/intellij/lexer/MergingLexerAdapter$MyMergeFunction done
Event: 17.909 Thread 0x000000001adf0800 Uncommon trap: trap_request=0xffffff65 fr.pc=0x000000000577ca3c
Event: 17.909 Thread 0x000000001adf0800 DEOPT PACKING pc=0x000000000577ca3c sp=0x000000001be26e70
Event: 17.909 Thread 0x000000001adf0800 DEOPT UNPACKING pc=0x000000000541556a sp=0x000000001be26de8 mode 2


Dynamic libraries:
0x00007ff7135a0000 - 0x00007ff7135d1000 	E:\Android\Android Studio\jre\jre\bin\java.exe
0x00007ffd33b00000 - 0x00007ffd33ce0000 	C:\WINDOWS\SYSTEM32\ntdll.dll
0x00007ffd334a0000 - 0x00007ffd3354e000 	C:\WINDOWS\System32\KERNEL32.DLL
0x00007ffd30a00000 - 0x00007ffd30c66000 	C:\WINDOWS\System32\KERNELBASE.dll
0x00007ffd33380000 - 0x00007ffd33421000 	C:\WINDOWS\System32\ADVAPI32.dll
0x00007ffd31030000 - 0x00007ffd310cd000 	C:\WINDOWS\System32\msvcrt.dll
0x00007ffd335b0000 - 0x00007ffd3360b000 	C:\WINDOWS\System32\sechost.dll
0x00007ffd336c0000 - 0x00007ffd337df000 	C:\WINDOWS\System32\RPCRT4.dll
0x00007ffd31240000 - 0x00007ffd313cf000 	C:\WINDOWS\System32\USER32.dll
0x00007ffd30650000 - 0x00007ffd30670000 	C:\WINDOWS\System32\win32u.dll
0x00007ffd313d0000 - 0x00007ffd313f8000 	C:\WINDOWS\System32\GDI32.dll
0x00007ffd30860000 - 0x00007ffd309f3000 	C:\WINDOWS\System32\gdi32full.dll
0x00007ffd30770000 - 0x00007ffd3080b000 	C:\WINDOWS\System32\msvcp_win.dll
0x00007ffd30670000 - 0x00007ffd30766000 	C:\WINDOWS\System32\ucrtbase.dll
0x00007ffd19d50000 - 0x00007ffd19fb9000 	C:\WINDOWS\WinSxS\amd64_microsoft.windows.common-controls_6595b64144ccf1df_6.0.16299.248_none_15ced204935f55d7\COMCTL32.dll
0x00007ffd32850000 - 0x00007ffd32b58000 	C:\WINDOWS\System32\combase.dll
0x00007ffd30c70000 - 0x00007ffd30ce2000 	C:\WINDOWS\System32\bcryptPrimitives.dll
0x00007ffd32df0000 - 0x00007ffd32e1d000 	C:\WINDOWS\System32\IMM32.DLL
0x000000006ed70000 - 0x000000006ee42000 	E:\Android\Android Studio\jre\jre\bin\msvcr100.dll
0x000000006ee50000 - 0x000000006f68e000 	E:\Android\Android Studio\jre\jre\bin\server\jvm.dll
0x00007ffd32e80000 - 0x00007ffd32e88000 	C:\WINDOWS\System32\PSAPI.DLL
0x00007ffd06170000 - 0x00007ffd06179000 	C:\WINDOWS\SYSTEM32\WSOCK32.dll
0x00007ffd33430000 - 0x00007ffd3349c000 	C:\WINDOWS\System32\WS2_32.dll
0x00007ffd2c320000 - 0x00007ffd2c343000 	C:\WINDOWS\SYSTEM32\WINMM.dll
0x00007ffd1c100000 - 0x00007ffd1c10a000 	C:\WINDOWS\SYSTEM32\VERSION.dll
0x00007ffd2c2c0000 - 0x00007ffd2c2ea000 	C:\WINDOWS\SYSTEM32\WINMMBASE.dll
0x00007ffd30810000 - 0x00007ffd3085a000 	C:\WINDOWS\System32\cfgmgr32.dll
0x00007ffd2c380000 - 0x00007ffd2c38f000 	E:\Android\Android Studio\jre\jre\bin\verify.dll
0x00007ffd2a5c0000 - 0x00007ffd2a5e9000 	E:\Android\Android Studio\jre\jre\bin\java.dll
0x00007ffd2ac50000 - 0x00007ffd2ac66000 	E:\Android\Android Studio\jre\jre\bin\zip.dll
0x00007ffd31410000 - 0x00007ffd32846000 	C:\WINDOWS\System32\SHELL32.dll
0x00007ffd33610000 - 0x00007ffd336b6000 	C:\WINDOWS\System32\shcore.dll
0x00007ffd2ff00000 - 0x00007ffd30647000 	C:\WINDOWS\System32\windows.storage.dll
0x00007ffd33550000 - 0x00007ffd335a1000 	C:\WINDOWS\System32\shlwapi.dll
0x00007ffd2fee0000 - 0x00007ffd2fef1000 	C:\WINDOWS\System32\kernel.appcore.dll
0x00007ffd2fe90000 - 0x00007ffd2fedc000 	C:\WINDOWS\System32\powrprof.dll
0x00007ffd2fe50000 - 0x00007ffd2fe6b000 	C:\WINDOWS\System32\profapi.dll
0x00007ffd2bb00000 - 0x00007ffd2bb0d000 	E:\Android\Android Studio\jre\jre\bin\management.dll
0x00007ffd2a4c0000 - 0x00007ffd2a4da000 	E:\Android\Android Studio\jre\jre\bin\net.dll
0x00007ffd2f6e0000 - 0x00007ffd2f746000 	C:\WINDOWS\system32\mswsock.dll
0x00007ffd2a3c0000 - 0x00007ffd2a3d1000 	E:\Android\Android Studio\jre\jre\bin\nio.dll
0x00007ffd2f8a0000 - 0x00007ffd2f8b7000 	C:\WINDOWS\SYSTEM32\CRYPTSP.dll
0x00007ffd2f2f0000 - 0x00007ffd2f323000 	C:\WINDOWS\system32\rsaenh.dll
0x00007ffd2f9b0000 - 0x00007ffd2f9d5000 	C:\WINDOWS\SYSTEM32\bcrypt.dll
0x00007ffd2fd80000 - 0x00007ffd2fda9000 	C:\WINDOWS\SYSTEM32\USERENV.dll
0x00007ffd2f8c0000 - 0x00007ffd2f8cb000 	C:\WINDOWS\SYSTEM32\CRYPTBASE.dll
0x00007ffd2f470000 - 0x00007ffd2f4a9000 	C:\WINDOWS\SYSTEM32\IPHLPAPI.DLL
0x00007ffd33860000 - 0x00007ffd33868000 	C:\WINDOWS\System32\NSI.dll
0x00007ffd29090000 - 0x00007ffd290a6000 	C:\WINDOWS\SYSTEM32\dhcpcsvc6.DLL
0x00007ffd29050000 - 0x00007ffd2906a000 	C:\WINDOWS\SYSTEM32\dhcpcsvc.DLL

VM Arguments:
jvm_args: -Djava.awt.headless=true -Djava.rmi.server.hostname=localhost -Xmx1536m -Dkotlin.environment.keepalive 
java_command: org.jetbrains.kotlin.daemon.KotlinCompileDaemon --daemon-runFilesPath C:\Users\zrk83\AppData\Local\kotlin\daemon --daemon-autoshutdownIdleSeconds=7200 --daemon-compilerClasspath C:\Users\zrk83\.gradle\caches\modules-2\files-2.1\org.jetbrains.kotlin\kotlin-compiler-embeddable\1.2.21\39456b64a42dc359e385697e2e93b5cba52e197f\kotlin-compiler-embeddable-1.2.21.jar;C:\Users\zrk83\.gradle\caches\modules-2\files-2.1\org.jetbrains.kotlin\kotlin-stdlib\1.2.21\d64187eb2d9d1521be3421aa8c6774a8625cdde8\kotlin-stdlib-1.2.21.jar;C:\Users\zrk83\.gradle\caches\modules-2\files-2.1\org.jetbrains.kotlin\kotlin-script-runtime\1.2.21\40c37b171146be48a989ab74b937b17a96d28d87\kotlin-script-runtime-1.2.21.jar;C:\Users\zrk83\.gradle\caches\modules-2\files-2.1\org.jetbrains.kotlin\kotlin-reflect\1.2.21\3159ff5936aa570a90050d385cb717fbb6c1723a\kotlin-reflect-1.2.21.jar;E:\Android\Android Studio\jre\lib\tools.jar
java_class_path (initial): C:\Users\zrk83\.gradle\caches\modules-2\files-2.1\org.jetbrains.kotlin\kotlin-compiler-embeddable\1.2.21\39456b64a42dc359e385697e2e93b5cba52e197f\kotlin-compiler-embeddable-1.2.21.jar;C:\Users\zrk83\.gradle\caches\modules-2\files-2.1\org.jetbrains.kotlin\kotlin-stdlib\1.2.21\d64187eb2d9d1521be3421aa8c6774a8625cdde8\kotlin-stdlib-1.2.21.jar;C:\Users\zrk83\.gradle\caches\modules-2\files-2.1\org.jetbrains.kotlin\kotlin-script-runtime\1.2.21\40c37b171146be48a989ab74b937b17a96d28d87\kotlin-script-runtime-1.2.21.jar;C:\Users\zrk83\.gradle\caches\modules-2\files-2.1\org.jetbrains.kotlin\kotlin-reflect\1.2.21\3159ff5936aa570a90050d385cb717fbb6c1723a\kotlin-reflect-1.2.21.jar;E:\Android\Android Studio\jre\lib\tools.jar
Launcher Type: SUN_STANDARD

Environment Variables:
PATH=C:\Program Files (x86)\NVIDIA Corporation\PhysX\Common;C:\ProgramData\Oracle\Java\javapath;E:\Microsoft MPI\Bin\;C:\WINDOWS\system32;C:\WINDOWS;C:\WINDOWS\System32\Wbem;C:\WINDOWS\System32\WindowsPowerShell\v1.0\;E:\Git\Git\cmd;C:\Program Files\Microsoft SQL Server\Client SDK\ODBC\110\Tools\Binn\;C:\Program Files (x86)\Microsoft SQL Server\120\Tools\Binn\;C:\Program Files\Microsoft SQL Server\120\Tools\Binn\;C:\Program Files\Microsoft SQL Server\120\DTS\Binn\;C:\Program Files (x86)\Windows Kits\8.1\Windows Performance Toolkit\;C:\Program Files\dotnet\;E:\Anaconda3;E:\Anaconda3\Library\mingw-w64\bin;E:\Anaconda3\Library\usr\bin;E:\Anaconda3\Library\bin;E:\Anaconda3\Scripts;E:\opencv\build\bin;C:\Users\zrk83\AppData\Local\Microsoft\WindowsApps;E:\Microsoft VS Code\bin;E:\Fiddler;C:\Users\zrk83\AppData\Local\GitHubDesktop\bin;E:\Quartus\13.0sp1\modelsim_ase\win32aloem;C:\MinGW\bin;
USERNAME=zrk83
OS=Windows_NT
PROCESSOR_IDENTIFIER=Intel64 Family 6 Model 69 Stepping 1, GenuineIntel



---------------  S Y S T E M  ---------------

OS: Windows 10.0 , 64 bit Build 16299 (10.0.16299.15)

CPU:total 4 (initial active 4) (2 cores per cpu, 2 threads per core) family 6 model 69 stepping 1, cmov, cx8, fxsr, mmx, sse, sse2, sse3, ssse3, sse4.1, sse4.2, popcnt, avx, avx2, aes, clmul, erms, lzcnt, ht, tsc, tscinvbit, bmi1, bmi2

Memory: 4k page, physical 8291408k(839016k free), swap 8291408k(5684k free)

vm_info: OpenJDK 64-Bit Server VM (25.152-b01) for windows-amd64 JRE (1.8.0_152-release-915-b01), built by "builder" with MS VC++ 10.0 (VS2010)

time: Sat Mar 10 15:42:09 2018
elapsed time: 17 seconds (0d 0h 0m 17s)

