#
# There is insufficient memory for the Java Runtime Environment to continue.
# Native memory allocation (malloc) failed to allocate 1742736 bytes for Chunk::new
# Possible reasons:
#   The system is out of physical RAM or swap space
#   In 32 bit mode, the process size limit was hit
# Possible solutions:
#   Reduce memory load on the system
#   Increase physical memory or swap space
#   Check if swap backing store is full
#   Use 64 bit Java on a 64 bit OS
#   Decrease Java heap size (-Xmx/-Xms)
#   Decrease number of Java threads
#   Decrease Java thread stack sizes (-Xss)
#   Set larger code cache with -XX:ReservedCodeCacheSize=
# This output file may be truncated or incomplete.
#
#  Out of Memory Error (allocation.cpp:390), pid=11080, tid=0x0000000000001f18
#
# JRE version: OpenJDK Runtime Environment (8.0_152-b01) (build 1.8.0_152-release-915-b01)
# Java VM: OpenJDK 64-Bit Server VM (25.152-b01 mixed mode windows-amd64 compressed oops)
# Failed to write core dump. Minidumps are not enabled by default on client versions of Windows
#

---------------  T H R E A D  ---------------

Current thread (0x000000001852c000):  JavaThread "C2 CompilerThread1" daemon [_thread_in_native, id=7960, stack(0x0000000019f30000,0x000000001a030000)]

Stack: [0x0000000019f30000,0x000000001a030000]
[error occurred during error reporting (printing stack bounds), id 0xc0000005]

Native frames: (J=compiled Java code, j=interpreted, Vv=VM code, C=native code)


Current CompileTask:
C2: 441557 10473       4       org.jetbrains.kotlin.resolve.OverridingUtil::generateOverridesInFunctionGroup (73 bytes)


---------------  P R O C E S S  ---------------

Java Threads: ( => current thread )
  0x000000001c7ea800 JavaThread "RMI RenewClean-[localhost:52564,org.jetbrains.kotlin.daemon.common.LoopbackNetworkInterface$ClientLoopbackSocketFactory@588f2212]" daemon [_thread_blocked, id=952, stack(0x00000000226a0000,0x00000000227a0000)]
  0x000000001c7e8000 JavaThread "RMI TCP Connection(7)-127.0.0.1" daemon [_thread_in_Java, id=6332, stack(0x00000000225a0000,0x00000000226a0000)]
  0x000000001c7e6000 JavaThread "RMI TCP Connection(6)-127.0.0.1" daemon [_thread_in_native, id=12424, stack(0x0000000022270000,0x0000000022370000)]
  0x000000001c7e7800 JavaThread "RMI RenewClean-[localhost:52564,org.jetbrains.kotlin.daemon.common.LoopbackNetworkInterface$ClientLoopbackSocketFactory@8fca860]" daemon [_thread_in_native, id=3148, stack(0x0000000022170000,0x0000000022270000)]
  0x000000001a620800 JavaThread "RMI RenewClean-[localhost:52564,org.jetbrains.kotlin.daemon.common.LoopbackNetworkInterface$ClientLoopbackSocketFactory@7218df72]" daemon [_thread_blocked, id=1172, stack(0x000000001b6d0000,0x000000001b7d0000)]
  0x000000001a64f800 JavaThread "RMI Scheduler(0)" daemon [_thread_blocked, id=8128, stack(0x000000001b4d0000,0x000000001b5d0000)]
  0x000000000296e800 JavaThread "DestroyJavaVM" [_thread_blocked, id=12064, stack(0x0000000004960000,0x0000000004a60000)]
  0x0000000019c2a000 JavaThread "GC Daemon" daemon [_thread_blocked, id=1176, stack(0x000000001b230000,0x000000001b330000)]
  0x000000001a58c800 JavaThread "RMI Reaper" [_thread_blocked, id=9312, stack(0x000000001b130000,0x000000001b230000)]
  0x000000001a36a000 JavaThread "Timer-0" daemon [_thread_blocked, id=2192, stack(0x000000001ad30000,0x000000001ae30000)]
  0x000000001a369000 JavaThread "RMI TCP Accept-17365" daemon [_thread_in_native, id=2864, stack(0x000000001ac30000,0x000000001ad30000)]
  0x00000000198b6000 JavaThread "Service Thread" daemon [_thread_blocked, id=8592, stack(0x000000001a130000,0x000000001a230000)]
  0x000000001983b000 JavaThread "C1 CompilerThread2" daemon [_thread_blocked, id=7916, stack(0x000000001a030000,0x000000001a130000)]
=>0x000000001852c000 JavaThread "C2 CompilerThread1" daemon [_thread_in_native, id=7960, stack(0x0000000019f30000,0x000000001a030000)]
  0x000000001852a000 JavaThread "C2 CompilerThread0" daemon [_thread_in_native, id=4408, stack(0x0000000019e30000,0x0000000019f30000)]
  0x0000000018529800 JavaThread "Attach Listener" daemon [_thread_blocked, id=12988, stack(0x0000000019d30000,0x0000000019e30000)]
  0x0000000019838800 JavaThread "Signal Dispatcher" daemon [_thread_blocked, id=12144, stack(0x0000000019c30000,0x0000000019d30000)]
  0x0000000004b5b000 JavaThread "Finalizer" daemon [_thread_blocked, id=7408, stack(0x0000000019730000,0x0000000019830000)]
  0x0000000004b52000 JavaThread "Reference Handler" daemon [_thread_blocked, id=2176, stack(0x0000000019630000,0x0000000019730000)]

Other Threads:
  0x0000000018495800 VMThread [stack: 0x0000000019530000,0x0000000019630000] [id=1304]
  0x00000000198c7000 WatcherThread [stack: 0x000000001a230000,0x000000001a330000] [id=1184]

VM state:not at safepoint (normal execution)

VM Mutex/Monitor currently owned by a thread: None

Heap:
 PSYoungGen      total 146432K, used 30332K [0x00000000e0000000, 0x00000000eb600000, 0x0000000100000000)
  eden space 111104K, 1% used [0x00000000e0000000,0x00000000e01aee50,0x00000000e6c80000)
  from space 35328K, 80% used [0x00000000e6c80000,0x00000000e8870200,0x00000000e8f00000)
  to   space 35840K, 0% used [0x00000000e8f00000,0x00000000e8f00000,0x00000000eb200000)
 ParOldGen       total 116224K, used 52245K [0x00000000a0000000, 0x00000000a7180000, 0x00000000e0000000)
  object space 116224K, 44% used [0x00000000a0000000,0x00000000a3305570,0x00000000a7180000)
 Metaspace       used 55539K, capacity 56776K, committed 56832K, reserved 1099776K
  class space    used 6609K, capacity 6898K, committed 6912K, reserved 1048576K

Card table byte_map: [0x0000000013f20000,0x0000000014230000] byte_map_base: 0x0000000013a20000

Marking Bits: (ParMarkBitMap*) 0x000000006f613950
 Begin Bits: [0x0000000014830000, 0x0000000016030000)
 End Bits:   [0x0000000016030000, 0x0000000017830000)

Polling page: 0x00000000005f0000

CodeCache: size=245760Kb used=32763Kb max_used=32763Kb free=212996Kb
 bounds [0x0000000004b60000, 0x0000000006b90000, 0x0000000013b60000]
 total_blobs=9746 nmethods=9220 adapters=437
 compilation: enabled

Compilation events (10 events):
Event: 441.332 Thread 0x000000001983b000 nmethod 10648 0x0000000006b78ad0 code [0x0000000006b78ce0, 0x0000000006b79388]
Event: 441.399 Thread 0x000000001983b000 10651   !   3       java.io.FileOutputStream::close (62 bytes)
Event: 441.399 Thread 0x000000001983b000 nmethod 10651 0x0000000006b79710 code [0x0000000006b798a0, 0x0000000006b79f18]
Event: 441.405 Thread 0x000000001983b000 10654       3       java.io.ObjectOutputStream$BlockDataOutputStream::writeUTF (11 bytes)
Event: 441.406 Thread 0x000000001983b000 nmethod 10654 0x0000000006b7a4d0 code [0x0000000006b7a640, 0x0000000006b7a838]
Event: 441.406 Thread 0x000000001983b000 10655       3       java.io.ObjectOutputStream::writeUTF (9 bytes)
Event: 441.406 Thread 0x000000001983b000 nmethod 10655 0x0000000006b7a910 code [0x0000000006b7aaa0, 0x0000000006b7ad18]
Event: 441.408 Thread 0x000000001983b000 10656       3       org.jetbrains.kotlin.android.synthetic.diagnostic.AndroidExtensionPropertiesCallChecker::check (181 bytes)
Event: 441.409 Thread 0x000000001983b000 nmethod 10656 0x0000000006b7ae50 code [0x0000000006b7b140, 0x0000000006b7cb08]
Event: 441.410 Thread 0x000000001983b000 10657       3       org.jetbrains.kotlin.android.parcel.ParcelableAnnotationChecker::check (245 bytes)

GC Heap History (10 events):
Event: 11.544 GC heap before
{Heap before GC invocations=12 (full 3):
 PSYoungGen      total 92160K, used 92135K [0x00000000e0000000, 0x00000000e7880000, 0x0000000100000000)
  eden space 74240K, 100% used [0x00000000e0000000,0x00000000e4880000,0x00000000e4880000)
  from space 17920K, 99% used [0x00000000e5e00000,0x00000000e6f79fb0,0x00000000e6f80000)
  to   space 22016K, 0% used [0x00000000e4880000,0x00000000e4880000,0x00000000e5e00000)
 ParOldGen       total 116224K, used 19356K [0x00000000a0000000, 0x00000000a7180000, 0x00000000e0000000)
  object space 116224K, 16% used [0x00000000a0000000,0x00000000a12e7200,0x00000000a7180000)
 Metaspace       used 46526K, capacity 47400K, committed 47744K, reserved 1091584K
  class space    used 5797K, capacity 6012K, committed 6016K, reserved 1048576K
Event: 11.632 GC heap after
Heap after GC invocations=12 (full 3):
 PSYoungGen      total 96256K, used 21986K [0x00000000e0000000, 0x00000000e9e00000, 0x0000000100000000)
  eden space 74240K, 0% used [0x00000000e0000000,0x00000000e0000000,0x00000000e4880000)
  from space 22016K, 99% used [0x00000000e4880000,0x00000000e5df8858,0x00000000e5e00000)
  to   space 28672K, 0% used [0x00000000e8200000,0x00000000e8200000,0x00000000e9e00000)
 ParOldGen       total 116224K, used 27414K [0x00000000a0000000, 0x00000000a7180000, 0x00000000e0000000)
  object space 116224K, 23% used [0x00000000a0000000,0x00000000a1ac5938,0x00000000a7180000)
 Metaspace       used 46526K, capacity 47400K, committed 47744K, reserved 1091584K
  class space    used 5797K, capacity 6012K, committed 6016K, reserved 1048576K
}
Event: 14.026 GC heap before
{Heap before GC invocations=13 (full 3):
 PSYoungGen      total 96256K, used 96226K [0x00000000e0000000, 0x00000000e9e00000, 0x0000000100000000)
  eden space 74240K, 100% used [0x00000000e0000000,0x00000000e4880000,0x00000000e4880000)
  from space 22016K, 99% used [0x00000000e4880000,0x00000000e5df8858,0x00000000e5e00000)
  to   space 28672K, 0% used [0x00000000e8200000,0x00000000e8200000,0x00000000e9e00000)
 ParOldGen       total 116224K, used 27414K [0x00000000a0000000, 0x00000000a7180000, 0x00000000e0000000)
  object space 116224K, 23% used [0x00000000a0000000,0x00000000a1ac5938,0x00000000a7180000)
 Metaspace       used 52683K, capacity 53744K, committed 53888K, reserved 1095680K
  class space    used 6407K, capacity 6676K, committed 6784K, reserved 1048576K
Event: 14.087 GC heap after
Heap after GC invocations=13 (full 3):
 PSYoungGen      total 114176K, used 21507K [0x00000000e0000000, 0x00000000e9780000, 0x0000000100000000)
  eden space 92160K, 0% used [0x00000000e0000000,0x00000000e0000000,0x00000000e5a00000)
  from space 22016K, 97% used [0x00000000e8200000,0x00000000e9700ea0,0x00000000e9780000)
  to   space 30208K, 0% used [0x00000000e5c80000,0x00000000e5c80000,0x00000000e7a00000)
 ParOldGen       total 116224K, used 34938K [0x00000000a0000000, 0x00000000a7180000, 0x00000000e0000000)
  object space 116224K, 30% used [0x00000000a0000000,0x00000000a221e878,0x00000000a7180000)
 Metaspace       used 52683K, capacity 53744K, committed 53888K, reserved 1095680K
  class space    used 6407K, capacity 6676K, committed 6784K, reserved 1048576K
}
Event: 218.994 GC heap before
{Heap before GC invocations=14 (full 3):
 PSYoungGen      total 114176K, used 113667K [0x00000000e0000000, 0x00000000e9780000, 0x0000000100000000)
  eden space 92160K, 100% used [0x00000000e0000000,0x00000000e5a00000,0x00000000e5a00000)
  from space 22016K, 97% used [0x00000000e8200000,0x00000000e9700ea0,0x00000000e9780000)
  to   space 30208K, 0% used [0x00000000e5c80000,0x00000000e5c80000,0x00000000e7a00000)
 ParOldGen       total 116224K, used 34938K [0x00000000a0000000, 0x00000000a7180000, 0x00000000e0000000)
  object space 116224K, 30% used [0x00000000a0000000,0x00000000a221e878,0x00000000a7180000)
 Metaspace       used 54028K, capacity 55174K, committed 55552K, reserved 1097728K
  class space    used 6530K, capacity 6785K, committed 6912K, reserved 1048576K
Event: 219.058 GC heap after
Heap after GC invocations=14 (full 3):
 PSYoungGen      total 124928K, used 30205K [0x00000000e0000000, 0x00000000eb200000, 0x0000000100000000)
  eden space 94720K, 0% used [0x00000000e0000000,0x00000000e0000000,0x00000000e5c80000)
  from space 30208K, 99% used [0x00000000e5c80000,0x00000000e79ff480,0x00000000e7a00000)
  to   space 35840K, 0% used [0x00000000e8f00000,0x00000000e8f00000,0x00000000eb200000)
 ParOldGen       total 116224K, used 37928K [0x00000000a0000000, 0x00000000a7180000, 0x00000000e0000000)
  object space 116224K, 32% used [0x00000000a0000000,0x00000000a250a1e0,0x00000000a7180000)
 Metaspace       used 54028K, capacity 55174K, committed 55552K, reserved 1097728K
  class space    used 6530K, capacity 6785K, committed 6912K, reserved 1048576K
}
Event: 220.898 GC heap before
{Heap before GC invocations=15 (full 3):
 PSYoungGen      total 124928K, used 124925K [0x00000000e0000000, 0x00000000eb200000, 0x0000000100000000)
  eden space 94720K, 100% used [0x00000000e0000000,0x00000000e5c80000,0x00000000e5c80000)
  from space 30208K, 99% used [0x00000000e5c80000,0x00000000e79ff480,0x00000000e7a00000)
  to   space 35840K, 0% used [0x00000000e8f00000,0x00000000e8f00000,0x00000000eb200000)
 ParOldGen       total 116224K, used 37928K [0x00000000a0000000, 0x00000000a7180000, 0x00000000e0000000)
  object space 116224K, 32% used [0x00000000a0000000,0x00000000a250a1e0,0x00000000a7180000)
 Metaspace       used 54752K, capacity 55880K, committed 56064K, reserved 1097728K
  class space    used 6555K, capacity 6820K, committed 6912K, reserved 1048576K
Event: 220.955 GC heap after
Heap after GC invocations=15 (full 3):
 PSYoungGen      total 146944K, used 6480K [0x00000000e0000000, 0x00000000eb600000, 0x0000000100000000)
  eden space 111104K, 0% used [0x00000000e0000000,0x00000000e0000000,0x00000000e6c80000)
  from space 35840K, 18% used [0x00000000e8f00000,0x00000000e9554390,0x00000000eb200000)
  to   space 35328K, 0% used [0x00000000e6c80000,0x00000000e6c80000,0x00000000e8f00000)
 ParOldGen       total 116224K, used 52237K [0x00000000a0000000, 0x00000000a7180000, 0x00000000e0000000)
  object space 116224K, 44% used [0x00000000a0000000,0x00000000a3303570,0x00000000a7180000)
 Metaspace       used 54752K, capacity 55880K, committed 56064K, reserved 1097728K
  class space    used 6555K, capacity 6820K, committed 6912K, reserved 1048576K
}
Event: 441.335 GC heap before
{Heap before GC invocations=16 (full 3):
 PSYoungGen      total 146944K, used 117584K [0x00000000e0000000, 0x00000000eb600000, 0x0000000100000000)
  eden space 111104K, 100% used [0x00000000e0000000,0x00000000e6c80000,0x00000000e6c80000)
  from space 35840K, 18% used [0x00000000e8f00000,0x00000000e9554390,0x00000000eb200000)
  to   space 35328K, 0% used [0x00000000e6c80000,0x00000000e6c80000,0x00000000e8f00000)
 ParOldGen       total 116224K, used 52237K [0x00000000a0000000, 0x00000000a7180000, 0x00000000e0000000)
  object space 116224K, 44% used [0x00000000a0000000,0x00000000a3303570,0x00000000a7180000)
 Metaspace       used 55516K, capacity 56712K, committed 56832K, reserved 1099776K
  class space    used 6608K, capacity 6898K, committed 6912K, reserved 1048576K
Event: 441.397 GC heap after
Heap after GC invocations=16 (full 3):
 PSYoungGen      total 146432K, used 28608K [0x00000000e0000000, 0x00000000eb600000, 0x0000000100000000)
  eden space 111104K, 0% used [0x00000000e0000000,0x00000000e0000000,0x00000000e6c80000)
  from space 35328K, 80% used [0x00000000e6c80000,0x00000000e8870200,0x00000000e8f00000)
  to   space 35840K, 0% used [0x00000000e8f00000,0x00000000e8f00000,0x00000000eb200000)
 ParOldGen       total 116224K, used 52245K [0x00000000a0000000, 0x00000000a7180000, 0x00000000e0000000)
  object space 116224K, 44% used [0x00000000a0000000,0x00000000a3305570,0x00000000a7180000)
 Metaspace       used 55516K, capacity 56712K, committed 56832K, reserved 1099776K
  class space    used 6608K, capacity 6898K, committed 6912K, reserved 1048576K
}

Deoptimization events (10 events):
Event: 220.897 Thread 0x000000001c7eb000 Uncommon trap: reason=bimorphic action=maybe_recompile pc=0x0000000005d55828 method=kotlin.collections.CollectionsKt___CollectionsKt.toSet(Ljava/lang/Iterable;)Ljava/util/Set; @ 66
Event: 220.897 Thread 0x000000001c7eb000 Uncommon trap: reason=bimorphic action=maybe_recompile pc=0x0000000005d55828 method=kotlin.collections.CollectionsKt___CollectionsKt.toSet(Ljava/lang/Iterable;)Ljava/util/Set; @ 66
Event: 220.983 Thread 0x000000001c7eb000 Uncommon trap: reason=unstable_if action=reinterpret pc=0x0000000006896114 method=org.jetbrains.kotlin.protobuf.SmallSortedMap.binarySearchInArray(Ljava/lang/Comparable;)I @ 44
Event: 220.990 Thread 0x000000001c7eb000 Uncommon trap: reason=bimorphic action=maybe_recompile pc=0x0000000005d55828 method=kotlin.collections.CollectionsKt___CollectionsKt.toSet(Ljava/lang/Iterable;)Ljava/util/Set; @ 66
Event: 221.367 Thread 0x000000001c7eb000 Uncommon trap: reason=speculate_class_check action=maybe_recompile pc=0x0000000005407c3c method=org.jetbrains.kotlin.gnu.trove.THash.postInsertHook(Z)V @ 60
Event: 361.259 Thread 0x000000001a36a000 Uncommon trap: reason=class_check action=maybe_recompile pc=0x0000000004dbd294 method=sun.security.provider.DigestBase.engineUpdate([BII)V @ 128
Event: 440.187 Thread 0x000000001c7e8000 Uncommon trap: reason=class_check action=maybe_recompile pc=0x0000000005269b0c method=org.jetbrains.kotlin.com.intellij.lang.impl.PsiBuilderImpl.skipWhitespace()V @ 72
Event: 440.368 Thread 0x000000001c7e8000 Uncommon trap: reason=class_check action=maybe_recompile pc=0x00000000053cae64 method=org.jetbrains.kotlin.types.DelegatingSimpleType.getConstructor()Lorg/jetbrains/kotlin/types/TypeConstructor; @ 4
Event: 441.249 Thread 0x000000001c7e8000 Uncommon trap: reason=class_check action=maybe_recompile pc=0x000000000683abbc method=org.jetbrains.kotlin.resolve.calls.tower.ScopeBasedTowerLevel.getObjects(Lorg/jetbrains/kotlin/name/Name;Lorg/jetbrains/kotlin/resolve/scopes/receivers/ReceiverValueWith
Event: 441.249 Thread 0x000000001c7e8000 Uncommon trap: reason=class_check action=maybe_recompile pc=0x000000000683abbc method=org.jetbrains.kotlin.resolve.calls.tower.ScopeBasedTowerLevel.getObjects(Lorg/jetbrains/kotlin/name/Name;Lorg/jetbrains/kotlin/resolve/scopes/receivers/ReceiverValueWith

Classes redefined (0 events):
No events

Internal exceptions (10 events):
Event: 15.191 Thread 0x000000001a62c000 Exception <a 'sun/nio/fs/WindowsException'> (0x00000000e19d6ae0) thrown at [D:\src\AOSP-openjdk-cygwin\jdk8u\hotspot\src\share\vm\prims\jni.cpp, line 709]
Event: 15.191 Thread 0x000000001a62c000 Exception <a 'java/lang/reflect/InvocationTargetException'> (0x00000000e19d76d8) thrown at [D:\src\AOSP-openjdk-cygwin\jdk8u\hotspot\src\share\vm\runtime\reflection.cpp, line 1092]
Event: 15.266 Thread 0x000000001a62c000 Exception <a 'sun/nio/fs/WindowsException'> (0x00000000e19f3b80) thrown at [D:\src\AOSP-openjdk-cygwin\jdk8u\hotspot\src\share\vm\prims\jni.cpp, line 709]
Event: 15.267 Thread 0x000000001a62c000 Exception <a 'java/lang/reflect/InvocationTargetException'> (0x00000000e19f4778) thrown at [D:\src\AOSP-openjdk-cygwin\jdk8u\hotspot\src\share\vm\runtime\reflection.cpp, line 1092]
Event: 218.082 Thread 0x000000001c7e7800 Exception <a 'java/lang/InterruptedException'> (0x00000000e1f3d748) thrown at [D:\src\AOSP-openjdk-cygwin\jdk8u\hotspot\src\share\vm\runtime\objectMonitor.cpp, line 1684]
Event: 218.130 Thread 0x000000001c7eb000 Exception <a 'sun/nio/fs/WindowsException'> (0x00000000e20190f0) thrown at [D:\src\AOSP-openjdk-cygwin\jdk8u\hotspot\src\share\vm\prims\jni.cpp, line 709]
Event: 218.130 Thread 0x000000001c7eb000 Exception <a 'java/lang/reflect/InvocationTargetException'> (0x00000000e2019938) thrown at [D:\src\AOSP-openjdk-cygwin\jdk8u\hotspot\src\share\vm\runtime\reflection.cpp, line 1092]
Event: 221.194 Thread 0x000000001c7eb000 Exception <a 'java/lang/NoSuchMethodError': <clinit>> (0x00000000e00c3510) thrown at [D:\src\AOSP-openjdk-cygwin\jdk8u\hotspot\src\share\vm\prims\jni.cpp, line 1613]
Event: 439.853 Thread 0x000000001c7ea800 Exception <a 'java/lang/InterruptedException'> (0x00000000e0486ce0) thrown at [D:\src\AOSP-openjdk-cygwin\jdk8u\hotspot\src\share\vm\runtime\objectMonitor.cpp, line 1684]
Event: 439.876 Thread 0x000000001c7e8000 Exception <a 'sun/nio/fs/WindowsException'> (0x00000000e0527688) thrown at [D:\src\AOSP-openjdk-cygwin\jdk8u\hotspot\src\share\vm\prims\jni.cpp, line 709]

Events (10 events):
Event: 441.249 Thread 0x000000001c7e8000 DEOPT UNPACKING pc=0x0000000004ba556a sp=0x0000000022698848 mode 2
Event: 441.249 Thread 0x000000001c7e8000 Uncommon trap: trap_request=0xffffffde fr.pc=0x000000000683abbc
Event: 441.249 Thread 0x000000001c7e8000 DEOPT PACKING pc=0x000000000683abbc sp=0x0000000022698a10
Event: 441.249 Thread 0x000000001c7e8000 DEOPT UNPACKING pc=0x0000000004ba556a sp=0x0000000022698958 mode 2
Event: 441.335 Executing VM operation: ParallelGCFailedAllocation
Event: 441.397 Executing VM operation: ParallelGCFailedAllocation done
Event: 441.398 Executing VM operation: RevokeBias
Event: 441.398 Executing VM operation: RevokeBias done
Event: 441.400 loading class sun/rmi/transport/DGCClient$EndpointEntry$CleanRequest
Event: 441.400 loading class sun/rmi/transport/DGCClient$EndpointEntry$CleanRequest done


Dynamic libraries:
0x00007ff7135a0000 - 0x00007ff7135d1000 	E:\Android\Android Studio\jre\jre\bin\java.exe
0x00007ffd33b00000 - 0x00007ffd33ce0000 	C:\WINDOWS\SYSTEM32\ntdll.dll
0x00007ffd334a0000 - 0x00007ffd3354e000 	C:\WINDOWS\System32\KERNEL32.DLL
0x00007ffd30a00000 - 0x00007ffd30c66000 	C:\WINDOWS\System32\KERNELBASE.dll
0x00007ffd33380000 - 0x00007ffd33421000 	C:\WINDOWS\System32\ADVAPI32.dll
0x00007ffd31030000 - 0x00007ffd310cd000 	C:\WINDOWS\System32\msvcrt.dll
0x00007ffd335b0000 - 0x00007ffd3360b000 	C:\WINDOWS\System32\sechost.dll
0x00007ffd336c0000 - 0x00007ffd337df000 	C:\WINDOWS\System32\RPCRT4.dll
0x00007ffd31240000 - 0x00007ffd313cf000 	C:\WINDOWS\System32\USER32.dll
0x00007ffd30650000 - 0x00007ffd30670000 	C:\WINDOWS\System32\win32u.dll
0x00007ffd313d0000 - 0x00007ffd313f8000 	C:\WINDOWS\System32\GDI32.dll
0x00007ffd30860000 - 0x00007ffd309f3000 	C:\WINDOWS\System32\gdi32full.dll
0x00007ffd30770000 - 0x00007ffd3080b000 	C:\WINDOWS\System32\msvcp_win.dll
0x00007ffd30670000 - 0x00007ffd30766000 	C:\WINDOWS\System32\ucrtbase.dll
0x00007ffd19d50000 - 0x00007ffd19fb9000 	C:\WINDOWS\WinSxS\amd64_microsoft.windows.common-controls_6595b64144ccf1df_6.0.16299.248_none_15ced204935f55d7\COMCTL32.dll
0x00007ffd32850000 - 0x00007ffd32b58000 	C:\WINDOWS\System32\combase.dll
0x00007ffd30c70000 - 0x00007ffd30ce2000 	C:\WINDOWS\System32\bcryptPrimitives.dll
0x00007ffd32df0000 - 0x00007ffd32e1d000 	C:\WINDOWS\System32\IMM32.DLL
0x000000006ed70000 - 0x000000006ee42000 	E:\Android\Android Studio\jre\jre\bin\msvcr100.dll
0x000000006ee50000 - 0x000000006f68e000 	E:\Android\Android Studio\jre\jre\bin\server\jvm.dll
0x00007ffd32e80000 - 0x00007ffd32e88000 	C:\WINDOWS\System32\PSAPI.DLL
0x00007ffd06170000 - 0x00007ffd06179000 	C:\WINDOWS\SYSTEM32\WSOCK32.dll
0x00007ffd2c320000 - 0x00007ffd2c343000 	C:\WINDOWS\SYSTEM32\WINMM.dll
0x00007ffd33430000 - 0x00007ffd3349c000 	C:\WINDOWS\System32\WS2_32.dll
0x00007ffd1c100000 - 0x00007ffd1c10a000 	C:\WINDOWS\SYSTEM32\VERSION.dll
0x00007ffd2c2c0000 - 0x00007ffd2c2ea000 	C:\WINDOWS\SYSTEM32\WINMMBASE.dll
0x00007ffd30810000 - 0x00007ffd3085a000 	C:\WINDOWS\System32\cfgmgr32.dll
0x00007ffd2c380000 - 0x00007ffd2c38f000 	E:\Android\Android Studio\jre\jre\bin\verify.dll
0x00007ffd2a5c0000 - 0x00007ffd2a5e9000 	E:\Android\Android Studio\jre\jre\bin\java.dll
0x00007ffd2ac50000 - 0x00007ffd2ac66000 	E:\Android\Android Studio\jre\jre\bin\zip.dll
0x00007ffd31410000 - 0x00007ffd32846000 	C:\WINDOWS\System32\SHELL32.dll
0x00007ffd33610000 - 0x00007ffd336b6000 	C:\WINDOWS\System32\shcore.dll
0x00007ffd2ff00000 - 0x00007ffd30647000 	C:\WINDOWS\System32\windows.storage.dll
0x00007ffd33550000 - 0x00007ffd335a1000 	C:\WINDOWS\System32\shlwapi.dll
0x00007ffd2fee0000 - 0x00007ffd2fef1000 	C:\WINDOWS\System32\kernel.appcore.dll
0x00007ffd2fe90000 - 0x00007ffd2fedc000 	C:\WINDOWS\System32\powrprof.dll
0x00007ffd2fe50000 - 0x00007ffd2fe6b000 	C:\WINDOWS\System32\profapi.dll
0x00007ffd2bb00000 - 0x00007ffd2bb0d000 	E:\Android\Android Studio\jre\jre\bin\management.dll
0x00007ffd2a4c0000 - 0x00007ffd2a4da000 	E:\Android\Android Studio\jre\jre\bin\net.dll
0x00007ffd2f6e0000 - 0x00007ffd2f746000 	C:\WINDOWS\system32\mswsock.dll
0x00007ffd2a3c0000 - 0x00007ffd2a3d1000 	E:\Android\Android Studio\jre\jre\bin\nio.dll
0x00007ffd2f8a0000 - 0x00007ffd2f8b7000 	C:\WINDOWS\SYSTEM32\CRYPTSP.dll
0x00007ffd2f2f0000 - 0x00007ffd2f323000 	C:\WINDOWS\system32\rsaenh.dll
0x00007ffd2f9b0000 - 0x00007ffd2f9d5000 	C:\WINDOWS\SYSTEM32\bcrypt.dll
0x00007ffd2fd80000 - 0x00007ffd2fda9000 	C:\WINDOWS\SYSTEM32\USERENV.dll
0x00007ffd2f8c0000 - 0x00007ffd2f8cb000 	C:\WINDOWS\SYSTEM32\CRYPTBASE.dll
0x00007ffd2f470000 - 0x00007ffd2f4a9000 	C:\WINDOWS\SYSTEM32\IPHLPAPI.DLL
0x00007ffd33860000 - 0x00007ffd33868000 	C:\WINDOWS\System32\NSI.dll
0x00007ffd29090000 - 0x00007ffd290a6000 	C:\WINDOWS\SYSTEM32\dhcpcsvc6.DLL
0x00007ffd29050000 - 0x00007ffd2906a000 	C:\WINDOWS\SYSTEM32\dhcpcsvc.DLL

VM Arguments:
jvm_args: -Djava.awt.headless=true -Djava.rmi.server.hostname=localhost -Xmx1536m -Dkotlin.environment.keepalive 
java_command: org.jetbrains.kotlin.daemon.KotlinCompileDaemon --daemon-runFilesPath C:\Users\zrk83\AppData\Local\kotlin\daemon --daemon-autoshutdownIdleSeconds=7200 --daemon-compilerClasspath C:\Users\zrk83\.gradle\caches\modules-2\files-2.1\org.jetbrains.kotlin\kotlin-compiler-embeddable\1.2.21\39456b64a42dc359e385697e2e93b5cba52e197f\kotlin-compiler-embeddable-1.2.21.jar;C:\Users\zrk83\.gradle\caches\modules-2\files-2.1\org.jetbrains.kotlin\kotlin-stdlib\1.2.21\d64187eb2d9d1521be3421aa8c6774a8625cdde8\kotlin-stdlib-1.2.21.jar;C:\Users\zrk83\.gradle\caches\modules-2\files-2.1\org.jetbrains.kotlin\kotlin-script-runtime\1.2.21\40c37b171146be48a989ab74b937b17a96d28d87\kotlin-script-runtime-1.2.21.jar;C:\Users\zrk83\.gradle\caches\modules-2\files-2.1\org.jetbrains.kotlin\kotlin-reflect\1.2.21\3159ff5936aa570a90050d385cb717fbb6c1723a\kotlin-reflect-1.2.21.jar;E:\Android\Android Studio\jre\lib\tools.jar
java_class_path (initial): C:\Users\zrk83\.gradle\caches\modules-2\files-2.1\org.jetbrains.kotlin\kotlin-compiler-embeddable\1.2.21\39456b64a42dc359e385697e2e93b5cba52e197f\kotlin-compiler-embeddable-1.2.21.jar;C:\Users\zrk83\.gradle\caches\modules-2\files-2.1\org.jetbrains.kotlin\kotlin-stdlib\1.2.21\d64187eb2d9d1521be3421aa8c6774a8625cdde8\kotlin-stdlib-1.2.21.jar;C:\Users\zrk83\.gradle\caches\modules-2\files-2.1\org.jetbrains.kotlin\kotlin-script-runtime\1.2.21\40c37b171146be48a989ab74b937b17a96d28d87\kotlin-script-runtime-1.2.21.jar;C:\Users\zrk83\.gradle\caches\modules-2\files-2.1\org.jetbrains.kotlin\kotlin-reflect\1.2.21\3159ff5936aa570a90050d385cb717fbb6c1723a\kotlin-reflect-1.2.21.jar;E:\Android\Android Studio\jre\lib\tools.jar
Launcher Type: SUN_STANDARD

Environment Variables:
PATH=C:\Program Files (x86)\NVIDIA Corporation\PhysX\Common;C:\ProgramData\Oracle\Java\javapath;E:\Microsoft MPI\Bin\;C:\WINDOWS\system32;C:\WINDOWS;C:\WINDOWS\System32\Wbem;C:\WINDOWS\System32\WindowsPowerShell\v1.0\;E:\Git\Git\cmd;C:\Program Files\Microsoft SQL Server\Client SDK\ODBC\110\Tools\Binn\;C:\Program Files (x86)\Microsoft SQL Server\120\Tools\Binn\;C:\Program Files\Microsoft SQL Server\120\Tools\Binn\;C:\Program Files\Microsoft SQL Server\120\DTS\Binn\;C:\Program Files (x86)\Windows Kits\8.1\Windows Performance Toolkit\;C:\Program Files\dotnet\;E:\Anaconda3;E:\Anaconda3\Library\mingw-w64\bin;E:\Anaconda3\Library\usr\bin;E:\Anaconda3\Library\bin;E:\Anaconda3\Scripts;E:\opencv\build\bin;C:\Users\zrk83\AppData\Local\Microsoft\WindowsApps;E:\Microsoft VS Code\bin;E:\Fiddler;C:\Users\zrk83\AppData\Local\GitHubDesktop\bin;E:\Quartus\13.0sp1\modelsim_ase\win32aloem;C:\MinGW\bin;
USERNAME=zrk83
OS=Windows_NT
PROCESSOR_IDENTIFIER=Intel64 Family 6 Model 69 Stepping 1, GenuineIntel



---------------  S Y S T E M  ---------------

OS: Windows 10.0 , 64 bit Build 16299 (10.0.16299.15)

CPU:total 4 (initial active 4) (2 cores per cpu, 2 threads per core) family 6 model 69 stepping 1, cmov, cx8, fxsr, mmx, sse, sse2, sse3, ssse3, sse4.1, sse4.2, popcnt, avx, avx2, aes, clmul, erms, lzcnt, ht, tsc, tscinvbit, bmi1, bmi2

Memory: 4k page, physical 8291408k(903648k free), swap 8291408k(5576k free)

vm_info: OpenJDK 64-Bit Server VM (25.152-b01) for windows-amd64 JRE (1.8.0_152-release-915-b01), built by "builder" with MS VC++ 10.0 (VS2010)

time: Sat Mar 10 15:34:47 2018
elapsed time: 441 seconds (0d 0h 7m 21s)

