#
# There is insufficient memory for the Java Runtime Environment to continue.
# Native memory allocation (malloc) failed to allocate 1826736 bytes for Chunk::new
# Possible reasons:
#   The system is out of physical RAM or swap space
#   In 32 bit mode, the process size limit was hit
# Possible solutions:
#   Reduce memory load on the system
#   Increase physical memory or swap space
#   Check if swap backing store is full
#   Use 64 bit Java on a 64 bit OS
#   Decrease Java heap size (-Xmx/-Xms)
#   Decrease number of Java threads
#   Decrease Java thread stack sizes (-Xss)
#   Set larger code cache with -XX:ReservedCodeCacheSize=
# This output file may be truncated or incomplete.
#
#  Out of Memory Error (allocation.cpp:390), pid=3776, tid=0x0000000000002c68
#
# JRE version: OpenJDK Runtime Environment (8.0_152-b01) (build 1.8.0_152-release-915-b01)
# Java VM: OpenJDK 64-Bit Server VM (25.152-b01 mixed mode windows-amd64 compressed oops)
# Failed to write core dump. Minidumps are not enabled by default on client versions of Windows
#

---------------  T H R E A D  ---------------

Current thread (0x00000000182bc000):  JavaThread "C2 CompilerThread1" daemon [_thread_in_native, id=11368, stack(0x0000000019cb0000,0x0000000019db0000)]

Stack: [0x0000000019cb0000,0x0000000019db0000]
[error occurred during error reporting (printing stack bounds), id 0xc0000005]

Native frames: (J=compiled Java code, j=interpreted, Vv=VM code, C=native code)


Current CompileTask:
C2:   3005 1487       4       java.net.URLClassLoader$1::run (5 bytes)


---------------  P R O C E S S  ---------------

Java Threads: ( => current thread )
  0x000000001a39f000 JavaThread "RMI RenewClean-[localhost:55646,org.jetbrains.kotlin.daemon.common.LoopbackNetworkInterface$ClientLoopbackSocketFactory@7218df72]" daemon [_thread_blocked, id=8872, stack(0x000000001b350000,0x000000001b450000)]
  0x000000001a38f800 JavaThread "RMI TCP Connection(2)-127.0.0.1" daemon [_thread_in_native, id=4540, stack(0x000000001b250000,0x000000001b350000)]
  0x000000001a388000 JavaThread "RMI Scheduler(0)" daemon [_thread_blocked, id=18128, stack(0x000000001b150000,0x000000001b250000)]
  0x000000001a383800 JavaThread "RMI TCP Connection(1)-127.0.0.1" daemon [_thread_in_native, id=5464, stack(0x000000001b050000,0x000000001b150000)]
  0x00000000048ee800 JavaThread "DestroyJavaVM" [_thread_blocked, id=17552, stack(0x00000000042a0000,0x00000000043a0000)]
  0x000000001a36a000 JavaThread "GC Daemon" daemon [_thread_blocked, id=4840, stack(0x000000001aeb0000,0x000000001afb0000)]
  0x000000001a369000 JavaThread "RMI Reaper" [_thread_blocked, id=17012, stack(0x000000001adb0000,0x000000001aeb0000)]
  0x000000001a29a000 JavaThread "Timer-0" daemon [_thread_blocked, id=15664, stack(0x000000001a9b0000,0x000000001aab0000)]
  0x000000001a299800 JavaThread "RMI TCP Accept-17380" daemon [_thread_in_native, id=10888, stack(0x000000001a8b0000,0x000000001a9b0000)]
  0x0000000019639000 JavaThread "Service Thread" daemon [_thread_blocked, id=14680, stack(0x0000000019eb0000,0x0000000019fb0000)]
  0x00000000195b9000 JavaThread "C1 CompilerThread2" daemon [_thread_blocked, id=10420, stack(0x0000000019db0000,0x0000000019eb0000)]
=>0x00000000182bc000 JavaThread "C2 CompilerThread1" daemon [_thread_in_native, id=11368, stack(0x0000000019cb0000,0x0000000019db0000)]
  0x000000001826e000 JavaThread "C2 CompilerThread0" daemon [_thread_blocked, id=7208, stack(0x0000000019bb0000,0x0000000019cb0000)]
  0x00000000182b9800 JavaThread "Attach Listener" daemon [_thread_blocked, id=13428, stack(0x0000000019ab0000,0x0000000019bb0000)]
  0x00000000195b8800 JavaThread "Signal Dispatcher" daemon [_thread_blocked, id=5432, stack(0x00000000199b0000,0x0000000019ab0000)]
  0x000000000483b000 JavaThread "Finalizer" daemon [_thread_blocked, id=13460, stack(0x00000000194b0000,0x00000000195b0000)]
  0x0000000004832000 JavaThread "Reference Handler" daemon [_thread_blocked, id=2136, stack(0x00000000193b0000,0x00000000194b0000)]

Other Threads:
  0x0000000018225800 VMThread [stack: 0x00000000192b0000,0x00000000193b0000] [id=7004]
  0x000000001963a000 WatcherThread [stack: 0x0000000019fb0000,0x000000001a0b0000] [id=14688]

VM state:not at safepoint (normal execution)

VM Mutex/Monitor currently owned by a thread: None

Heap:
 PSYoungGen      total 38400K, used 18133K [0x00000000e0000000, 0x00000000e4b00000, 0x0000000100000000)
  eden space 33280K, 54% used [0x00000000e0000000,0x00000000e11b55e8,0x00000000e2080000)
  from space 5120K, 0% used [0x00000000e2080000,0x00000000e2080000,0x00000000e2580000)
  to   space 5120K, 0% used [0x00000000e4600000,0x00000000e4600000,0x00000000e4b00000)
 ParOldGen       total 69120K, used 10297K [0x00000000a0000000, 0x00000000a4380000, 0x00000000e0000000)
  object space 69120K, 14% used [0x00000000a0000000,0x00000000a0a0e418,0x00000000a4380000)
 Metaspace       used 24176K, capacity 24680K, committed 25088K, reserved 1071104K
  class space    used 3124K, capacity 3268K, committed 3328K, reserved 1048576K

Card table byte_map: [0x0000000013cb0000,0x0000000013fc0000] byte_map_base: 0x00000000137b0000

Marking Bits: (ParMarkBitMap*) 0x0000000062ed3950
 Begin Bits: [0x00000000145c0000, 0x0000000015dc0000)
 End Bits:   [0x0000000015dc0000, 0x00000000175c0000)

Polling page: 0x0000000002580000

CodeCache: size=245760Kb used=4922Kb max_used=4933Kb free=240837Kb
 bounds [0x00000000048f0000, 0x0000000004dd0000, 0x00000000138f0000]
 total_blobs=2039 nmethods=1602 adapters=350
 compilation: enabled

Compilation events (10 events):
Event: 2.962 Thread 0x000000001826e000 1599       4       org.jetbrains.kotlin.com.intellij.openapi.vfs.impl.ZipEntryMap::index (91 bytes)
Event: 2.963 Thread 0x00000000195b9000 1601       1       org.jetbrains.kotlin.gnu.trove.THashMap$Entry::getKey (5 bytes)
Event: 2.963 Thread 0x00000000195b9000 nmethod 1601 0x0000000004dc3c10 code [0x0000000004dc3d60, 0x0000000004dc3e70]
Event: 2.964 Thread 0x00000000195b9000 1602       1       org.jetbrains.kotlin.gnu.trove.THashMap$Entry::getValue (5 bytes)
Event: 2.964 Thread 0x00000000195b9000 nmethod 1602 0x0000000004dc3950 code [0x0000000004dc3aa0, 0x0000000004dc3bb0]
Event: 2.964 Thread 0x00000000195b9000 1603       3       sun.nio.fs.WindowsPathParser::nextNonSlash (24 bytes)
Event: 2.965 Thread 0x00000000195b9000 nmethod 1603 0x0000000004dc3090 code [0x0000000004dc3220, 0x0000000004dc3728]
Event: 2.965 Thread 0x000000001826e000 nmethod 1599 0x0000000004dc0490 code [0x0000000004dc05e0, 0x0000000004dc0798]
Event: 2.965 Thread 0x000000001826e000 1600       4       java.lang.Object::equals (11 bytes)
Event: 2.966 Thread 0x000000001826e000 nmethod 1600 0x0000000004da7e10 code [0x0000000004da7f40, 0x0000000004da7fb8]

GC Heap History (10 events):
Event: 0.653 GC heap before
{Heap before GC invocations=1 (full 0):
 PSYoungGen      total 38400K, used 14609K [0x00000000e0000000, 0x00000000e2a80000, 0x0000000100000000)
  eden space 33280K, 43% used [0x00000000e0000000,0x00000000e0e44548,0x00000000e2080000)
  from space 5120K, 0% used [0x00000000e2580000,0x00000000e2580000,0x00000000e2a80000)
  to   space 5120K, 0% used [0x00000000e2080000,0x00000000e2080000,0x00000000e2580000)
 ParOldGen       total 87552K, used 0K [0x00000000a0000000, 0x00000000a5580000, 0x00000000e0000000)
  object space 87552K, 0% used [0x00000000a0000000,0x00000000a0000000,0x00000000a5580000)
 Metaspace       used 9102K, capacity 9318K, committed 9472K, reserved 1058816K
  class space    used 965K, capacity 1023K, committed 1024K, reserved 1048576K
Event: 0.658 GC heap after
Heap after GC invocations=1 (full 0):
 PSYoungGen      total 38400K, used 3168K [0x00000000e0000000, 0x00000000e2a80000, 0x0000000100000000)
  eden space 33280K, 0% used [0x00000000e0000000,0x00000000e0000000,0x00000000e2080000)
  from space 5120K, 61% used [0x00000000e2080000,0x00000000e2398150,0x00000000e2580000)
  to   space 5120K, 0% used [0x00000000e2580000,0x00000000e2580000,0x00000000e2a80000)
 ParOldGen       total 87552K, used 8K [0x00000000a0000000, 0x00000000a5580000, 0x00000000e0000000)
  object space 87552K, 0% used [0x00000000a0000000,0x00000000a0002000,0x00000000a5580000)
 Metaspace       used 9102K, capacity 9318K, committed 9472K, reserved 1058816K
  class space    used 965K, capacity 1023K, committed 1024K, reserved 1048576K
}
Event: 0.658 GC heap before
{Heap before GC invocations=2 (full 1):
 PSYoungGen      total 38400K, used 3168K [0x00000000e0000000, 0x00000000e2a80000, 0x0000000100000000)
  eden space 33280K, 0% used [0x00000000e0000000,0x00000000e0000000,0x00000000e2080000)
  from space 5120K, 61% used [0x00000000e2080000,0x00000000e2398150,0x00000000e2580000)
  to   space 5120K, 0% used [0x00000000e2580000,0x00000000e2580000,0x00000000e2a80000)
 ParOldGen       total 87552K, used 8K [0x00000000a0000000, 0x00000000a5580000, 0x00000000e0000000)
  object space 87552K, 0% used [0x00000000a0000000,0x00000000a0002000,0x00000000a5580000)
 Metaspace       used 9102K, capacity 9318K, committed 9472K, reserved 1058816K
  class space    used 965K, capacity 1023K, committed 1024K, reserved 1048576K
Event: 0.673 GC heap after
Heap after GC invocations=2 (full 1):
 PSYoungGen      total 38400K, used 0K [0x00000000e0000000, 0x00000000e2a80000, 0x0000000100000000)
  eden space 33280K, 0% used [0x00000000e0000000,0x00000000e0000000,0x00000000e2080000)
  from space 5120K, 0% used [0x00000000e2080000,0x00000000e2080000,0x00000000e2580000)
  to   space 5120K, 0% used [0x00000000e2580000,0x00000000e2580000,0x00000000e2a80000)
 ParOldGen       total 87552K, used 2981K [0x00000000a0000000, 0x00000000a5580000, 0x00000000e0000000)
  object space 87552K, 3% used [0x00000000a0000000,0x00000000a02e9478,0x00000000a5580000)
 Metaspace       used 9102K, capacity 9318K, committed 9472K, reserved 1058816K
  class space    used 965K, capacity 1023K, committed 1024K, reserved 1048576K
}
Event: 1.657 GC heap before
{Heap before GC invocations=3 (full 1):
 PSYoungGen      total 38400K, used 33280K [0x00000000e0000000, 0x00000000e2a80000, 0x0000000100000000)
  eden space 33280K, 100% used [0x00000000e0000000,0x00000000e2080000,0x00000000e2080000)
  from space 5120K, 0% used [0x00000000e2080000,0x00000000e2080000,0x00000000e2580000)
  to   space 5120K, 0% used [0x00000000e2580000,0x00000000e2580000,0x00000000e2a80000)
 ParOldGen       total 87552K, used 2981K [0x00000000a0000000, 0x00000000a5580000, 0x00000000e0000000)
  object space 87552K, 3% used [0x00000000a0000000,0x00000000a02e9478,0x00000000a5580000)
 Metaspace       used 14182K, capacity 14478K, committed 14592K, reserved 1062912K
  class space    used 1656K, capacity 1731K, committed 1792K, reserved 1048576K
Event: 1.666 GC heap after
Heap after GC invocations=3 (full 1):
 PSYoungGen      total 38400K, used 5117K [0x00000000e0000000, 0x00000000e2a80000, 0x0000000100000000)
  eden space 33280K, 0% used [0x00000000e0000000,0x00000000e0000000,0x00000000e2080000)
  from space 5120K, 99% used [0x00000000e2580000,0x00000000e2a7f4d0,0x00000000e2a80000)
  to   space 5120K, 0% used [0x00000000e2080000,0x00000000e2080000,0x00000000e2580000)
 ParOldGen       total 87552K, used 5214K [0x00000000a0000000, 0x00000000a5580000, 0x00000000e0000000)
  object space 87552K, 5% used [0x00000000a0000000,0x00000000a0517a40,0x00000000a5580000)
 Metaspace       used 14182K, capacity 14478K, committed 14592K, reserved 1062912K
  class space    used 1656K, capacity 1731K, committed 1792K, reserved 1048576K
}
Event: 2.195 GC heap before
{Heap before GC invocations=4 (full 1):
 PSYoungGen      total 38400K, used 34253K [0x00000000e0000000, 0x00000000e2a80000, 0x0000000100000000)
  eden space 33280K, 87% used [0x00000000e0000000,0x00000000e1c740f0,0x00000000e2080000)
  from space 5120K, 99% used [0x00000000e2580000,0x00000000e2a7f4d0,0x00000000e2a80000)
  to   space 5120K, 0% used [0x00000000e2080000,0x00000000e2080000,0x00000000e2580000)
 ParOldGen       total 87552K, used 5214K [0x00000000a0000000, 0x00000000a5580000, 0x00000000e0000000)
  object space 87552K, 5% used [0x00000000a0000000,0x00000000a0517a40,0x00000000a5580000)
 Metaspace       used 20692K, capacity 21054K, committed 21296K, reserved 1069056K
  class space    used 2537K, capacity 2623K, committed 2688K, reserved 1048576K
Event: 2.207 GC heap after
Heap after GC invocations=4 (full 1):
 PSYoungGen      total 38400K, used 5113K [0x00000000e0000000, 0x00000000e4b00000, 0x0000000100000000)
  eden space 33280K, 0% used [0x00000000e0000000,0x00000000e0000000,0x00000000e2080000)
  from space 5120K, 99% used [0x00000000e2080000,0x00000000e257e5c8,0x00000000e2580000)
  to   space 5120K, 0% used [0x00000000e4600000,0x00000000e4600000,0x00000000e4b00000)
 ParOldGen       total 87552K, used 9077K [0x00000000a0000000, 0x00000000a5580000, 0x00000000e0000000)
  object space 87552K, 10% used [0x00000000a0000000,0x00000000a08dd5d8,0x00000000a5580000)
 Metaspace       used 20692K, capacity 21054K, committed 21296K, reserved 1069056K
  class space    used 2537K, capacity 2623K, committed 2688K, reserved 1048576K
}
Event: 2.207 GC heap before
{Heap before GC invocations=5 (full 2):
 PSYoungGen      total 38400K, used 5113K [0x00000000e0000000, 0x00000000e4b00000, 0x0000000100000000)
  eden space 33280K, 0% used [0x00000000e0000000,0x00000000e0000000,0x00000000e2080000)
  from space 5120K, 99% used [0x00000000e2080000,0x00000000e257e5c8,0x00000000e2580000)
  to   space 5120K, 0% used [0x00000000e4600000,0x00000000e4600000,0x00000000e4b00000)
 ParOldGen       total 87552K, used 9077K [0x00000000a0000000, 0x00000000a5580000, 0x00000000e0000000)
  object space 87552K, 10% used [0x00000000a0000000,0x00000000a08dd5d8,0x00000000a5580000)
 Metaspace       used 20692K, capacity 21054K, committed 21296K, reserved 1069056K
  class space    used 2537K, capacity 2623K, committed 2688K, reserved 1048576K
Event: 2.243 GC heap after
Heap after GC invocations=5 (full 2):
 PSYoungGen      total 38400K, used 0K [0x00000000e0000000, 0x00000000e4b00000, 0x0000000100000000)
  eden space 33280K, 0% used [0x00000000e0000000,0x00000000e0000000,0x00000000e2080000)
  from space 5120K, 0% used [0x00000000e2080000,0x00000000e2080000,0x00000000e2580000)
  to   space 5120K, 0% used [0x00000000e4600000,0x00000000e4600000,0x00000000e4b00000)
 ParOldGen       total 69120K, used 10297K [0x00000000a0000000, 0x00000000a4380000, 0x00000000e0000000)
  object space 69120K, 14% used [0x00000000a0000000,0x00000000a0a0e418,0x00000000a4380000)
 Metaspace       used 20692K, capacity 21054K, committed 21296K, reserved 1069056K
  class space    used 2537K, capacity 2623K, committed 2688K, reserved 1048576K
}

Deoptimization events (10 events):
Event: 1.405 Thread 0x000000001a38f800 Uncommon trap: reason=class_check action=maybe_recompile pc=0x0000000004be278c method=kotlin.reflect.jvm.internal.impl.protobuf.CodedInputStream.tryRefillBuffer(I)Z @ 175
Event: 1.405 Thread 0x000000001a38f800 Uncommon trap: reason=class_check action=maybe_recompile pc=0x0000000004be278c method=kotlin.reflect.jvm.internal.impl.protobuf.CodedInputStream.tryRefillBuffer(I)Z @ 175
Event: 1.406 Thread 0x000000001a38f800 Uncommon trap: reason=unstable_if action=reinterpret pc=0x0000000004bf6e94 method=kotlin.reflect.jvm.internal.impl.protobuf.CodedInputStream.readRawVarint32()I @ 69
Event: 1.408 Thread 0x000000001a38f800 Uncommon trap: reason=unstable_if action=reinterpret pc=0x0000000004bcda40 method=kotlin.reflect.jvm.internal.impl.protobuf.CodedInputStream.readRawVarint32()I @ 69
Event: 1.409 Thread 0x000000001a38f800 Uncommon trap: reason=class_check action=maybe_recompile pc=0x0000000004be278c method=kotlin.reflect.jvm.internal.impl.protobuf.CodedInputStream.tryRefillBuffer(I)Z @ 175
Event: 2.131 Thread 0x000000001a38f800 Uncommon trap: reason=bimorphic action=maybe_recompile pc=0x0000000004bb65ec method=java.io.FilterInputStream.read([B)I @ 5
Event: 2.133 Thread 0x000000001a38f800 Uncommon trap: reason=bimorphic action=maybe_recompile pc=0x0000000004bb65ec method=java.io.FilterInputStream.read([B)I @ 5
Event: 2.133 Thread 0x000000001a38f800 Uncommon trap: reason=bimorphic action=maybe_recompile pc=0x0000000004bb65ec method=java.io.FilterInputStream.read([B)I @ 5
Event: 2.134 Thread 0x000000001a38f800 Uncommon trap: reason=bimorphic action=maybe_recompile pc=0x0000000004bb65ec method=java.io.FilterInputStream.read([B)I @ 5
Event: 2.174 Thread 0x000000001a38f800 Uncommon trap: reason=range_check action=make_not_entrant pc=0x0000000004c8e420 method=sun.reflect.generics.parser.SignatureParser.current()C @ 34

Classes redefined (0 events):
No events

Internal exceptions (10 events):
Event: 0.804 Thread 0x000000001a38f800 Exception <a 'java/lang/NoSuchMethodError': <clinit>> (0x00000000e045e980) thrown at [D:\src\AOSP-openjdk-cygwin\jdk8u\hotspot\src\share\vm\prims\jni.cpp, line 1613]
Event: 0.805 Thread 0x000000001a38f800 Exception <a 'java/lang/NoSuchMethodError': <clinit>> (0x00000000e04692b0) thrown at [D:\src\AOSP-openjdk-cygwin\jdk8u\hotspot\src\share\vm\prims\jni.cpp, line 1613]
Event: 0.817 Thread 0x000000001a38f800 Exception <a 'java/lang/NoSuchMethodError': <clinit>> (0x00000000e0493e48) thrown at [D:\src\AOSP-openjdk-cygwin\jdk8u\hotspot\src\share\vm\prims\jni.cpp, line 1613]
Event: 0.886 Thread 0x000000001a38f800 Exception <a 'java/lang/NoSuchMethodError': <clinit>> (0x00000000e05a68f8) thrown at [D:\src\AOSP-openjdk-cygwin\jdk8u\hotspot\src\share\vm\prims\jni.cpp, line 1613]
Event: 1.472 Thread 0x000000001a38f800 Exception <a 'java/lang/ArrayIndexOutOfBoundsException'> (0x00000000e19438e8) thrown at [D:\src\AOSP-openjdk-cygwin\jdk8u\hotspot\src\share\vm\runtime\sharedRuntime.cpp, line 605]
Event: 2.073 Thread 0x000000001a38f800 Exception <a 'java/lang/NoSuchMethodError': java.lang.Object.lambda$comparing$77a9974f$1(Ljava/util/function/Function;Ljava/lang/Object;Ljava/lang/Object;)I> (0x00000000e154aef0) thrown at [D:\src\AOSP-openjdk-cygwin\jdk8u\hotspot\src\share\vm\interpreter
Event: 2.174 Thread 0x000000001a38f800 Exception <a 'java/lang/ArrayIndexOutOfBoundsException': 60> (0x00000000e1afd0f8) thrown at [D:\src\AOSP-openjdk-cygwin\jdk8u\hotspot\src\share\vm\interpreter\interpreterRuntime.cpp, line 366]
Event: 2.180 Thread 0x000000001a38f800 Exception <a 'java/lang/ArrayIndexOutOfBoundsException': 67> (0x00000000e1b272b8) thrown at [D:\src\AOSP-openjdk-cygwin\jdk8u\hotspot\src\share\vm\interpreter\interpreterRuntime.cpp, line 366]
Event: 2.350 Thread 0x000000001a38f800 Exception <a 'java/lang/NoSuchMethodError': java.lang.Object.lambda$static$0(I)[Lorg/jetbrains/kotlin/com/intellij/openapi/editor/event/DocumentListener;> (0x00000000e06d8298) thrown at [D:\src\AOSP-openjdk-cygwin\jdk8u\hotspot\src\share\vm\interpreter\li
Event: 2.374 Thread 0x000000001a38f800 Exception <a 'java/lang/NoSuchMethodError': java.lang.Object.lambda$static$0(I)[Lorg/jetbrains/kotlin/com/intellij/psi/PsiAnnotation;> (0x00000000e08af6d8) thrown at [D:\src\AOSP-openjdk-cygwin\jdk8u\hotspot\src\share\vm\interpreter\linkResolver.cpp, line

Events (10 events):
Event: 2.558 loading class org/jetbrains/kotlin/com/intellij/util/text/ByteArrayCharSequence
Event: 2.558 loading class org/jetbrains/kotlin/com/intellij/util/text/ByteArrayCharSequence done
Event: 2.559 loading class org/jetbrains/kotlin/com/intellij/openapi/vfs/impl/jar/CoreJarHandler$1
Event: 2.559 loading class org/jetbrains/kotlin/com/intellij/openapi/vfs/impl/jar/CoreJarHandler$1 done
Event: 2.559 loading class org/jetbrains/kotlin/com/intellij/openapi/util/io/BufferExposingByteArrayInputStream
Event: 2.559 loading class org/jetbrains/kotlin/com/intellij/openapi/util/io/BufferExposingByteArrayInputStream done
Event: 2.560 loading class org/jetbrains/kotlin/com/intellij/util/ObjectUtils
Event: 2.560 loading class org/jetbrains/kotlin/com/intellij/util/ObjectUtils done
Event: 2.572 loading class java/util/zip/ZipUtils
Event: 2.572 loading class java/util/zip/ZipUtils done


Dynamic libraries:
0x00007ff614ec0000 - 0x00007ff614ef1000 	E:\Android\Android Studio\jre\jre\bin\java.exe
0x00007ffcc0b00000 - 0x00007ffcc0ce0000 	C:\WINDOWS\SYSTEM32\ntdll.dll
0x00007ffcbfaf0000 - 0x00007ffcbfb9e000 	C:\WINDOWS\System32\KERNEL32.DLL
0x00007ffcbdc60000 - 0x00007ffcbdec6000 	C:\WINDOWS\System32\KERNELBASE.dll
0x00007ffcbfa40000 - 0x00007ffcbfae1000 	C:\WINDOWS\System32\ADVAPI32.dll
0x00007ffcc0a30000 - 0x00007ffcc0acd000 	C:\WINDOWS\System32\msvcrt.dll
0x00007ffcbe080000 - 0x00007ffcbe0db000 	C:\WINDOWS\System32\sechost.dll
0x00007ffcc05b0000 - 0x00007ffcc06cf000 	C:\WINDOWS\System32\RPCRT4.dll
0x00007ffcbfc20000 - 0x00007ffcbfdaf000 	C:\WINDOWS\System32\USER32.dll
0x00007ffcbda00000 - 0x00007ffcbda20000 	C:\WINDOWS\System32\win32u.dll
0x00007ffcc0570000 - 0x00007ffcc0598000 	C:\WINDOWS\System32\GDI32.dll
0x00007ffcbda20000 - 0x00007ffcbdbb3000 	C:\WINDOWS\System32\gdi32full.dll
0x00007ffcbdbc0000 - 0x00007ffcbdc5b000 	C:\WINDOWS\System32\msvcp_win.dll
0x00007ffcbded0000 - 0x00007ffcbdfc6000 	C:\WINDOWS\System32\ucrtbase.dll
0x00007ffca6f00000 - 0x00007ffca7169000 	C:\WINDOWS\WinSxS\amd64_microsoft.windows.common-controls_6595b64144ccf1df_6.0.16299.192_none_15c8cdae9364c23b\COMCTL32.dll
0x00007ffcbe0e0000 - 0x00007ffcbe3e8000 	C:\WINDOWS\System32\combase.dll
0x00007ffcbd120000 - 0x00007ffcbd192000 	C:\WINDOWS\System32\bcryptPrimitives.dll
0x00007ffcc0a00000 - 0x00007ffcc0a2d000 	C:\WINDOWS\System32\IMM32.DLL
0x0000000064190000 - 0x0000000064262000 	E:\Android\Android Studio\jre\jre\bin\msvcr100.dll
0x0000000062710000 - 0x0000000062f4e000 	E:\Android\Android Studio\jre\jre\bin\server\jvm.dll
0x00007ffcbfc00000 - 0x00007ffcbfc08000 	C:\WINDOWS\System32\PSAPI.DLL
0x00007ffcb8b90000 - 0x00007ffcb8bb3000 	C:\WINDOWS\SYSTEM32\WINMM.dll
0x00007ffca9700000 - 0x00007ffca970a000 	C:\WINDOWS\SYSTEM32\VERSION.dll
0x00007ffcb7df0000 - 0x00007ffcb7df9000 	C:\WINDOWS\SYSTEM32\WSOCK32.dll
0x00007ffcc0430000 - 0x00007ffcc049c000 	C:\WINDOWS\System32\WS2_32.dll
0x00007ffcb8b60000 - 0x00007ffcb8b8a000 	C:\WINDOWS\SYSTEM32\winmmbase.dll
0x00007ffcbcf00000 - 0x00007ffcbcf4a000 	C:\WINDOWS\System32\cfgmgr32.dll
0x00007ffcb7d20000 - 0x00007ffcb7d2f000 	E:\Android\Android Studio\jre\jre\bin\verify.dll
0x00007ffca5c50000 - 0x00007ffca5c79000 	E:\Android\Android Studio\jre\jre\bin\java.dll
0x00007ffca6430000 - 0x00007ffca6446000 	E:\Android\Android Studio\jre\jre\bin\zip.dll
0x00007ffcbe5e0000 - 0x00007ffcbfa16000 	C:\WINDOWS\System32\SHELL32.dll
0x00007ffcbdfd0000 - 0x00007ffcbe076000 	C:\WINDOWS\System32\shcore.dll
0x00007ffcbd2b0000 - 0x00007ffcbd9f7000 	C:\WINDOWS\System32\windows.storage.dll
0x00007ffcbfe10000 - 0x00007ffcbfe61000 	C:\WINDOWS\System32\shlwapi.dll
0x00007ffcbcee0000 - 0x00007ffcbcef1000 	C:\WINDOWS\System32\kernel.appcore.dll
0x00007ffcbce90000 - 0x00007ffcbcedc000 	C:\WINDOWS\System32\powrprof.dll
0x00007ffcbce50000 - 0x00007ffcbce6b000 	C:\WINDOWS\System32\profapi.dll
0x00007ffca8580000 - 0x00007ffca858d000 	E:\Android\Android Studio\jre\jre\bin\management.dll
0x00007ffca5690000 - 0x00007ffca56aa000 	E:\Android\Android Studio\jre\jre\bin\net.dll
0x00007ffcbc6e0000 - 0x00007ffcbc746000 	C:\WINDOWS\system32\mswsock.dll
0x00007ffca5670000 - 0x00007ffca5681000 	E:\Android\Android Studio\jre\jre\bin\nio.dll
0x00007ffcbc8a0000 - 0x00007ffcbc8b7000 	C:\WINDOWS\SYSTEM32\CRYPTSP.dll
0x00007ffcbc2f0000 - 0x00007ffcbc323000 	C:\WINDOWS\system32\rsaenh.dll
0x00007ffcbc9b0000 - 0x00007ffcbc9d5000 	C:\WINDOWS\SYSTEM32\bcrypt.dll
0x00007ffcbcd50000 - 0x00007ffcbcd79000 	C:\WINDOWS\SYSTEM32\USERENV.dll
0x00007ffcbc8c0000 - 0x00007ffcbc8cb000 	C:\WINDOWS\SYSTEM32\CRYPTBASE.dll
0x00007ffcbc470000 - 0x00007ffcbc4a9000 	C:\WINDOWS\SYSTEM32\IPHLPAPI.DLL
0x00007ffcbfc10000 - 0x00007ffcbfc18000 	C:\WINDOWS\System32\NSI.dll
0x00007ffcb7300000 - 0x00007ffcb7316000 	C:\WINDOWS\SYSTEM32\dhcpcsvc6.DLL
0x00007ffcb6ff0000 - 0x00007ffcb700a000 	C:\WINDOWS\SYSTEM32\dhcpcsvc.DLL

VM Arguments:
jvm_args: -Djava.awt.headless=true -Djava.rmi.server.hostname=localhost -Xmx1536m -Dkotlin.environment.keepalive 
java_command: org.jetbrains.kotlin.daemon.KotlinCompileDaemon --daemon-runFilesPath C:\Users\zrk83\AppData\Local\kotlin\daemon --daemon-autoshutdownIdleSeconds=7200 --daemon-compilerClasspath C:\Users\zrk83\.gradle\caches\modules-2\files-2.1\org.jetbrains.kotlin\kotlin-compiler-embeddable\1.2.21\39456b64a42dc359e385697e2e93b5cba52e197f\kotlin-compiler-embeddable-1.2.21.jar;C:\Users\zrk83\.gradle\caches\modules-2\files-2.1\org.jetbrains.kotlin\kotlin-stdlib\1.2.21\d64187eb2d9d1521be3421aa8c6774a8625cdde8\kotlin-stdlib-1.2.21.jar;C:\Users\zrk83\.gradle\caches\modules-2\files-2.1\org.jetbrains.kotlin\kotlin-script-runtime\1.2.21\40c37b171146be48a989ab74b937b17a96d28d87\kotlin-script-runtime-1.2.21.jar;C:\Users\zrk83\.gradle\caches\modules-2\files-2.1\org.jetbrains.kotlin\kotlin-reflect\1.2.21\3159ff5936aa570a90050d385cb717fbb6c1723a\kotlin-reflect-1.2.21.jar;E:\Android\Android Studio\jre\lib\tools.jar
java_class_path (initial): C:\Users\zrk83\.gradle\caches\modules-2\files-2.1\org.jetbrains.kotlin\kotlin-compiler-embeddable\1.2.21\39456b64a42dc359e385697e2e93b5cba52e197f\kotlin-compiler-embeddable-1.2.21.jar;C:\Users\zrk83\.gradle\caches\modules-2\files-2.1\org.jetbrains.kotlin\kotlin-stdlib\1.2.21\d64187eb2d9d1521be3421aa8c6774a8625cdde8\kotlin-stdlib-1.2.21.jar;C:\Users\zrk83\.gradle\caches\modules-2\files-2.1\org.jetbrains.kotlin\kotlin-script-runtime\1.2.21\40c37b171146be48a989ab74b937b17a96d28d87\kotlin-script-runtime-1.2.21.jar;C:\Users\zrk83\.gradle\caches\modules-2\files-2.1\org.jetbrains.kotlin\kotlin-reflect\1.2.21\3159ff5936aa570a90050d385cb717fbb6c1723a\kotlin-reflect-1.2.21.jar;E:\Android\Android Studio\jre\lib\tools.jar
Launcher Type: SUN_STANDARD

Environment Variables:
PATH=C:\Program Files (x86)\NVIDIA Corporation\PhysX\Common;C:\ProgramData\Oracle\Java\javapath;E:\Microsoft MPI\Bin\;C:\WINDOWS\system32;C:\WINDOWS;C:\WINDOWS\System32\Wbem;C:\WINDOWS\System32\WindowsPowerShell\v1.0\;E:\Git\Git\cmd;C:\Program Files\Microsoft SQL Server\Client SDK\ODBC\110\Tools\Binn\;C:\Program Files (x86)\Microsoft SQL Server\120\Tools\Binn\;C:\Program Files\Microsoft SQL Server\120\Tools\Binn\;C:\Program Files\Microsoft SQL Server\120\DTS\Binn\;C:\Program Files (x86)\Windows Kits\8.1\Windows Performance Toolkit\;C:\Program Files\dotnet\;E:\Anaconda3;E:\Anaconda3\Library\mingw-w64\bin;E:\Anaconda3\Library\usr\bin;E:\Anaconda3\Library\bin;E:\Anaconda3\Scripts;E:\opencv\build\bin;C:\Users\zrk83\AppData\Local\Microsoft\WindowsApps;E:\Microsoft VS Code\bin;E:\Fiddler;C:\Users\zrk83\AppData\Local\GitHubDesktop\bin;E:\Quartus\13.0sp1\modelsim_ase\win32aloem;C:\MinGW\bin;
USERNAME=zrk83
OS=Windows_NT
PROCESSOR_IDENTIFIER=Intel64 Family 6 Model 69 Stepping 1, GenuineIntel



---------------  S Y S T E M  ---------------

OS: Windows 10.0 , 64 bit Build 16299 (10.0.16299.15)

CPU:total 4 (initial active 4) (2 cores per cpu, 2 threads per core) family 6 model 69 stepping 1, cmov, cx8, fxsr, mmx, sse, sse2, sse3, ssse3, sse4.1, sse4.2, popcnt, avx, avx2, aes, clmul, erms, lzcnt, ht, tsc, tscinvbit, bmi1, bmi2

Memory: 4k page, physical 8291416k(1245272k free), swap 8291416k(6432k free)

vm_info: OpenJDK 64-Bit Server VM (25.152-b01) for windows-amd64 JRE (1.8.0_152-release-915-b01), built by "builder" with MS VC++ 10.0 (VS2010)

time: Thu Feb 15 13:45:30 2018
elapsed time: 3 seconds (0d 0h 0m 3s)

