#
# There is insufficient memory for the Java Runtime Environment to continue.
# Native memory allocation (malloc) failed to allocate 506416 bytes for Chunk::new
# Possible reasons:
#   The system is out of physical RAM or swap space
#   In 32 bit mode, the process size limit was hit
# Possible solutions:
#   Reduce memory load on the system
#   Increase physical memory or swap space
#   Check if swap backing store is full
#   Use 64 bit Java on a 64 bit OS
#   Decrease Java heap size (-Xmx/-Xms)
#   Decrease number of Java threads
#   Decrease Java thread stack sizes (-Xss)
#   Set larger code cache with -XX:ReservedCodeCacheSize=
# This output file may be truncated or incomplete.
#
#  Out of Memory Error (allocation.cpp:390), pid=4676, tid=0x00000000000022c8
#
# JRE version: OpenJDK Runtime Environment (8.0_152-b01) (build 1.8.0_152-release-915-b01)
# Java VM: OpenJDK 64-Bit Server VM (25.152-b01 mixed mode windows-amd64 compressed oops)
# Failed to write core dump. Minidumps are not enabled by default on client versions of Windows
#

---------------  T H R E A D  ---------------

Current thread (0x0000000019ddc800):  JavaThread "C2 CompilerThread1" daemon [_thread_in_native, id=8904, stack(0x000000001b7f0000,0x000000001b8f0000)]

Stack: [0x000000001b7f0000,0x000000001b8f0000]
[error occurred during error reporting (printing stack bounds), id 0xc0000005]

Native frames: (J=compiled Java code, j=interpreted, Vv=VM code, C=native code)


Current CompileTask:
C2:   6261 4222       4       org.jetbrains.kotlin.descriptors.impl.SimpleFunctionDescriptorImpl::initialize (36 bytes)


---------------  P R O C E S S  ---------------

Java Threads: ( => current thread )
  0x000000001b17c800 JavaThread "Service Thread" daemon [_thread_blocked, id=12232, stack(0x000000001b9f0000,0x000000001baf0000)]
  0x0000000019ddd800 JavaThread "C1 CompilerThread2" daemon [_thread_in_native, id=6192, stack(0x000000001b8f0000,0x000000001b9f0000)]
=>0x0000000019ddc800 JavaThread "C2 CompilerThread1" daemon [_thread_in_native, id=8904, stack(0x000000001b7f0000,0x000000001b8f0000)]
  0x0000000019dda000 JavaThread "C2 CompilerThread0" daemon [_thread_in_native, id=11356, stack(0x000000001b6f0000,0x000000001b7f0000)]
  0x0000000019d8e800 JavaThread "Attach Listener" daemon [_thread_blocked, id=4612, stack(0x000000001b5f0000,0x000000001b6f0000)]
  0x000000001b0f8800 JavaThread "Signal Dispatcher" daemon [_thread_blocked, id=9228, stack(0x000000001b4f0000,0x000000001b5f0000)]
  0x000000000521c800 JavaThread "Finalizer" daemon [_thread_blocked, id=9152, stack(0x000000001aff0000,0x000000001b0f0000)]
  0x0000000019d47000 JavaThread "Reference Handler" daemon [_thread_blocked, id=9700, stack(0x000000001aef0000,0x000000001aff0000)]
  0x0000000005123000 JavaThread "main" [_thread_in_Java, id=2800, stack(0x0000000005020000,0x0000000005120000)]

Other Threads:
  0x0000000019d45800 VMThread [stack: 0x000000001adf0000,0x000000001aef0000] [id=8476]
  0x000000001b18d800 WatcherThread [stack: 0x000000001baf0000,0x000000001bbf0000] [id=11424]

VM state:not at safepoint (normal execution)

VM Mutex/Monitor currently owned by a thread:  ([mutex/lock_event])
[0x00000000051211d0] MethodData_lock - owner thread: 0x0000000019ddd800

Heap:
 PSYoungGen      total 138240K, used 26148K [0x00000000d5d00000, 0x00000000e1800000, 0x0000000100000000)
  eden space 133120K, 19% used [0x00000000d5d00000,0x00000000d76890b8,0x00000000ddf00000)
  from space 5120K, 0% used [0x00000000ddf00000,0x00000000ddf00000,0x00000000de400000)
  to   space 22528K, 0% used [0x00000000e0200000,0x00000000e0200000,0x00000000e1800000)
 ParOldGen       total 66048K, used 28199K [0x0000000081600000, 0x0000000085680000, 0x00000000d5d00000)
  object space 66048K, 42% used [0x0000000081600000,0x0000000083189dd8,0x0000000085680000)
 Metaspace       used 35014K, capacity 35544K, committed 36008K, reserved 1081344K
  class space    used 4372K, capacity 4523K, committed 4528K, reserved 1048576K

Card table byte_map: [0x00000000145e0000,0x00000000149e0000] byte_map_base: 0x00000000141d5000

Marking Bits: (ParMarkBitMap*) 0x000000006f613950
 Begin Bits: [0x0000000015090000, 0x0000000017038000)
 End Bits:   [0x0000000017038000, 0x0000000018fe0000)

Polling page: 0x0000000002e50000

CodeCache: size=245760Kb used=13471Kb max_used=13471Kb free=232288Kb
 bounds [0x0000000005220000, 0x0000000005f50000, 0x0000000014220000]
 total_blobs=4676 nmethods=4247 adapters=341
 compilation: enabled

Compilation events (10 events):
Event: 6.250 Thread 0x0000000019ddd800 4256       3       org.jetbrains.kotlin.resolve.lazy.descriptors.LazyClassDescriptor::lambda$getDeclaredCallableMembers$8 (31 bytes)
Event: 6.250 Thread 0x0000000019ddd800 nmethod 4256 0x0000000005f35d10 code [0x0000000005f35ea0, 0x0000000005f36408]
Event: 6.251 Thread 0x0000000019ddd800 4257       3       java.util.LinkedHashMap::values (25 bytes)
Event: 6.251 Thread 0x0000000019ddd800 nmethod 4257 0x0000000005f35710 code [0x0000000005f35880, 0x0000000005f35bb0]
Event: 6.251 Thread 0x0000000019ddd800 4259       3       org.jetbrains.kotlin.resolve.OverridingUtil::collectOverriddenDeclarations (104 bytes)
Event: 6.253 Thread 0x0000000019ddd800 nmethod 4259 0x0000000005f4a010 code [0x0000000005f4a2e0, 0x0000000005f4b6d8]
Event: 6.253 Thread 0x0000000019ddd800 4260       3       org.jetbrains.kotlin.descriptors.CallableMemberDescriptor$Kind::isReal (13 bytes)
Event: 6.253 Thread 0x0000000019ddd800 nmethod 4260 0x0000000005f35390 code [0x0000000005f354e0, 0x0000000005f35690]
Event: 6.254 Thread 0x0000000019ddd800 4261       3       org.jetbrains.kotlin.resolve.calls.callResolverUtil.CallResolverUtilKt::isOrOverridesSynthesized (127 bytes)
Event: 6.255 Thread 0x0000000019ddd800 nmethod 4261 0x0000000005f4be90 code [0x0000000005f4c100, 0x0000000005f4d0f8]

GC Heap History (10 events):
Event: 2.466 GC heap before
{Heap before GC invocations=3 (full 0):
 PSYoungGen      total 71680K, used 30568K [0x00000000d5d00000, 0x00000000da800000, 0x0000000100000000)
  eden space 66560K, 38% used [0x00000000d5d00000,0x00000000d75dc670,0x00000000d9e00000)
  from space 5120K, 99% used [0x00000000da300000,0x00000000da7fdad8,0x00000000da800000)
  to   space 5120K, 0% used [0x00000000d9e00000,0x00000000d9e00000,0x00000000da300000)
 ParOldGen       total 87552K, used 8145K [0x0000000081600000, 0x0000000086b80000, 0x00000000d5d00000)
  object space 87552K, 9% used [0x0000000081600000,0x0000000081df4580,0x0000000086b80000)
 Metaspace       used 20794K, capacity 21120K, committed 21296K, reserved 1067008K
  class space    used 2723K, capacity 2852K, committed 2864K, reserved 1048576K
Event: 2.485 GC heap after
Heap after GC invocations=3 (full 0):
 PSYoungGen      total 71680K, used 5113K [0x00000000d5d00000, 0x00000000de900000, 0x0000000100000000)
  eden space 66560K, 0% used [0x00000000d5d00000,0x00000000d5d00000,0x00000000d9e00000)
  from space 5120K, 99% used [0x00000000d9e00000,0x00000000da2fe538,0x00000000da300000)
  to   space 5120K, 0% used [0x00000000de400000,0x00000000de400000,0x00000000de900000)
 ParOldGen       total 87552K, used 12970K [0x0000000081600000, 0x0000000086b80000, 0x00000000d5d00000)
  object space 87552K, 14% used [0x0000000081600000,0x00000000822aa938,0x0000000086b80000)
 Metaspace       used 20794K, capacity 21120K, committed 21296K, reserved 1067008K
  class space    used 2723K, capacity 2852K, committed 2864K, reserved 1048576K
}
Event: 2.485 GC heap before
{Heap before GC invocations=4 (full 1):
 PSYoungGen      total 71680K, used 5113K [0x00000000d5d00000, 0x00000000de900000, 0x0000000100000000)
  eden space 66560K, 0% used [0x00000000d5d00000,0x00000000d5d00000,0x00000000d9e00000)
  from space 5120K, 99% used [0x00000000d9e00000,0x00000000da2fe538,0x00000000da300000)
  to   space 5120K, 0% used [0x00000000de400000,0x00000000de400000,0x00000000de900000)
 ParOldGen       total 87552K, used 12970K [0x0000000081600000, 0x0000000086b80000, 0x00000000d5d00000)
  object space 87552K, 14% used [0x0000000081600000,0x00000000822aa938,0x0000000086b80000)
 Metaspace       used 20794K, capacity 21120K, committed 21296K, reserved 1067008K
  class space    used 2723K, capacity 2852K, committed 2864K, reserved 1048576K
Event: 2.545 GC heap after
Heap after GC invocations=4 (full 1):
 PSYoungGen      total 71680K, used 0K [0x00000000d5d00000, 0x00000000de900000, 0x0000000100000000)
  eden space 66560K, 0% used [0x00000000d5d00000,0x00000000d5d00000,0x00000000d9e00000)
  from space 5120K, 0% used [0x00000000d9e00000,0x00000000d9e00000,0x00000000da300000)
  to   space 5120K, 0% used [0x00000000de400000,0x00000000de400000,0x00000000de900000)
 ParOldGen       total 66048K, used 9817K [0x0000000081600000, 0x0000000085680000, 0x00000000d5d00000)
  object space 66048K, 14% used [0x0000000081600000,0x0000000081f966f8,0x0000000085680000)
 Metaspace       used 20794K, capacity 21120K, committed 21296K, reserved 1067008K
  class space    used 2723K, capacity 2852K, committed 2864K, reserved 1048576K
}
Event: 4.401 GC heap before
{Heap before GC invocations=5 (full 1):
 PSYoungGen      total 71680K, used 66560K [0x00000000d5d00000, 0x00000000de900000, 0x0000000100000000)
  eden space 66560K, 100% used [0x00000000d5d00000,0x00000000d9e00000,0x00000000d9e00000)
  from space 5120K, 0% used [0x00000000d9e00000,0x00000000d9e00000,0x00000000da300000)
  to   space 5120K, 0% used [0x00000000de400000,0x00000000de400000,0x00000000de900000)
 ParOldGen       total 66048K, used 9817K [0x0000000081600000, 0x0000000085680000, 0x00000000d5d00000)
  object space 66048K, 14% used [0x0000000081600000,0x0000000081f966f8,0x0000000085680000)
 Metaspace       used 31439K, capacity 31876K, committed 32432K, reserved 1077248K
  class space    used 4026K, capacity 4176K, committed 4272K, reserved 1048576K
Event: 4.428 GC heap after
Heap after GC invocations=5 (full 1):
 PSYoungGen      total 103424K, used 5096K [0x00000000d5d00000, 0x00000000de900000, 0x0000000100000000)
  eden space 98304K, 0% used [0x00000000d5d00000,0x00000000d5d00000,0x00000000dbd00000)
  from space 5120K, 99% used [0x00000000de400000,0x00000000de8fa148,0x00000000de900000)
  to   space 5120K, 0% used [0x00000000ddf00000,0x00000000ddf00000,0x00000000de400000)
 ParOldGen       total 66048K, used 22891K [0x0000000081600000, 0x0000000085680000, 0x00000000d5d00000)
  object space 66048K, 34% used [0x0000000081600000,0x0000000082c5afd8,0x0000000085680000)
 Metaspace       used 31439K, capacity 31876K, committed 32432K, reserved 1077248K
  class space    used 4026K, capacity 4176K, committed 4272K, reserved 1048576K
}
Event: 5.604 GC heap before
{Heap before GC invocations=6 (full 1):
 PSYoungGen      total 103424K, used 64058K [0x00000000d5d00000, 0x00000000de900000, 0x0000000100000000)
  eden space 98304K, 59% used [0x00000000d5d00000,0x00000000d9694808,0x00000000dbd00000)
  from space 5120K, 99% used [0x00000000de400000,0x00000000de8fa148,0x00000000de900000)
  to   space 5120K, 0% used [0x00000000ddf00000,0x00000000ddf00000,0x00000000de400000)
 ParOldGen       total 66048K, used 22891K [0x0000000081600000, 0x0000000085680000, 0x00000000d5d00000)
  object space 66048K, 34% used [0x0000000081600000,0x0000000082c5afd8,0x0000000085680000)
 Metaspace       used 34574K, capacity 35100K, committed 35496K, reserved 1081344K
  class space    used 4349K, capacity 4487K, committed 4528K, reserved 1048576K
Event: 5.637 GC heap after
Heap after GC invocations=6 (full 1):
 PSYoungGen      total 138240K, used 5120K [0x00000000d5d00000, 0x00000000e1800000, 0x0000000100000000)
  eden space 133120K, 0% used [0x00000000d5d00000,0x00000000d5d00000,0x00000000ddf00000)
  from space 5120K, 100% used [0x00000000ddf00000,0x00000000de400000,0x00000000de400000)
  to   space 22528K, 0% used [0x00000000e0200000,0x00000000e0200000,0x00000000e1800000)
 ParOldGen       total 66048K, used 37832K [0x0000000081600000, 0x0000000085680000, 0x00000000d5d00000)
  object space 66048K, 57% used [0x0000000081600000,0x0000000083af2088,0x0000000085680000)
 Metaspace       used 34574K, capacity 35100K, committed 35496K, reserved 1081344K
  class space    used 4349K, capacity 4487K, committed 4528K, reserved 1048576K
}
Event: 5.637 GC heap before
{Heap before GC invocations=7 (full 2):
 PSYoungGen      total 138240K, used 5120K [0x00000000d5d00000, 0x00000000e1800000, 0x0000000100000000)
  eden space 133120K, 0% used [0x00000000d5d00000,0x00000000d5d00000,0x00000000ddf00000)
  from space 5120K, 100% used [0x00000000ddf00000,0x00000000de400000,0x00000000de400000)
  to   space 22528K, 0% used [0x00000000e0200000,0x00000000e0200000,0x00000000e1800000)
 ParOldGen       total 66048K, used 37832K [0x0000000081600000, 0x0000000085680000, 0x00000000d5d00000)
  object space 66048K, 57% used [0x0000000081600000,0x0000000083af2088,0x0000000085680000)
 Metaspace       used 34574K, capacity 35100K, committed 35496K, reserved 1081344K
  class space    used 4349K, capacity 4487K, committed 4528K, reserved 1048576K
Event: 5.821 GC heap after
Heap after GC invocations=7 (full 2):
 PSYoungGen      total 138240K, used 0K [0x00000000d5d00000, 0x00000000e1800000, 0x0000000100000000)
  eden space 133120K, 0% used [0x00000000d5d00000,0x00000000d5d00000,0x00000000ddf00000)
  from space 5120K, 0% used [0x00000000ddf00000,0x00000000ddf00000,0x00000000de400000)
  to   space 22528K, 0% used [0x00000000e0200000,0x00000000e0200000,0x00000000e1800000)
 ParOldGen       total 66048K, used 28199K [0x0000000081600000, 0x0000000085680000, 0x00000000d5d00000)
  object space 66048K, 42% used [0x0000000081600000,0x0000000083189dd8,0x0000000085680000)
 Metaspace       used 34574K, capacity 35100K, committed 35496K, reserved 1081344K
  class space    used 4349K, capacity 4487K, committed 4528K, reserved 1048576K
}

Deoptimization events (10 events):
Event: 5.232 Thread 0x0000000005123000 Uncommon trap: reason=bimorphic action=maybe_recompile pc=0x0000000005b81e04 method=org.jetbrains.org.objectweb.asm.ClassReader.readMethod(Lorg/jetbrains/org/objectweb/asm/ClassVisitor;Lorg/jetbrains/org/objectweb/asm/Context;I)I @ 515
Event: 5.245 Thread 0x0000000005123000 Uncommon trap: reason=unstable_if action=reinterpret pc=0x0000000005a7f140 method=org.jetbrains.org.objectweb.asm.Type.getType([CI)Lorg/jetbrains/org/objectweb/asm/Type; @ 165
Event: 5.825 Thread 0x0000000005123000 Uncommon trap: reason=unstable_if action=reinterpret pc=0x0000000005a78650 method=java.util.regex.Pattern$Start.match(Ljava/util/regex/Matcher;ILjava/lang/CharSequence;)Z @ 10
Event: 6.025 Thread 0x0000000005123000 Uncommon trap: reason=class_check action=maybe_recompile pc=0x0000000005ea4b38 method=org.jetbrains.kotlin.types.AbstractTypeConstructor.getSupertypes()Ljava/util/Collection; @ 4
Event: 6.025 Thread 0x0000000005123000 Uncommon trap: reason=class_check action=maybe_recompile pc=0x0000000005ea4b38 method=org.jetbrains.kotlin.types.AbstractTypeConstructor.getSupertypes()Ljava/util/Collection; @ 4
Event: 6.026 Thread 0x0000000005123000 Uncommon trap: reason=class_check action=maybe_recompile pc=0x0000000005ea4b38 method=org.jetbrains.kotlin.types.AbstractTypeConstructor.getSupertypes()Ljava/util/Collection; @ 4
Event: 6.026 Thread 0x0000000005123000 Uncommon trap: reason=class_check action=maybe_recompile pc=0x0000000005ea4b38 method=org.jetbrains.kotlin.types.AbstractTypeConstructor.getSupertypes()Ljava/util/Collection; @ 4
Event: 6.078 Thread 0x0000000005123000 Uncommon trap: reason=unstable_if action=reinterpret pc=0x0000000005b82344 method=org.jetbrains.kotlin.load.java.structure.impl.classFiles.BinaryJavaClass.visitMethod(ILjava/lang/String;Ljava/lang/String;Ljava/lang/String;[Ljava/lang/String;)Lorg/jetbrain
Event: 6.130 Thread 0x0000000005123000 Uncommon trap: reason=class_check action=maybe_recompile pc=0x0000000005e38920 method=org.jetbrains.kotlin.serialization.deserialization.descriptors.DeserializedPackageMemberScope.hasClass(Lorg/jetbrains/kotlin/name/Name;)Z @ 26
Event: 6.130 Thread 0x0000000005123000 Uncommon trap: reason=bimorphic action=maybe_recompile pc=0x0000000005c56dc4 method=kotlin.collections.CollectionsKt___CollectionsKt.toList(Ljava/lang/Iterable;)Ljava/util/List; @ 80

Classes redefined (0 events):
No events

Internal exceptions (10 events):
Event: 1.635 Thread 0x0000000005123000 Implicit null exception at 0x00000000054ae82f to 0x00000000054ae899
Event: 1.698 Thread 0x0000000005123000 Exception <a 'java/lang/NoSuchMethodError': java.lang.Object.lambda$comparing$77a9974f$1(Ljava/util/function/Function;Ljava/lang/Object;Ljava/lang/Object;)I> (0x00000000d701c2f0) thrown at [D:\src\AOSP-openjdk-cygwin\jdk8u\hotspot\src\share\vm\interpreter
Event: 1.810 Thread 0x0000000005123000 Exception <a 'java/lang/ArrayIndexOutOfBoundsException': 60> (0x00000000d75b59a0) thrown at [D:\src\AOSP-openjdk-cygwin\jdk8u\hotspot\src\share\vm\interpreter\interpreterRuntime.cpp, line 366]
Event: 1.998 Thread 0x0000000005123000 Exception <a 'java/lang/NoSuchMethodError': java.lang.Object.lambda$static$0(I)[Lorg/jetbrains/kotlin/com/intellij/openapi/editor/event/DocumentListener;> (0x00000000d5d16f00) thrown at [D:\src\AOSP-openjdk-cygwin\jdk8u\hotspot\src\share\vm\interpreter\li
Event: 2.033 Thread 0x0000000005123000 Exception <a 'java/lang/NoSuchMethodError': java.lang.Object.lambda$static$0(I)[Lorg/jetbrains/kotlin/com/intellij/psi/PsiAnnotation;> (0x00000000d5ee90e8) thrown at [D:\src\AOSP-openjdk-cygwin\jdk8u\hotspot\src\share\vm\interpreter\linkResolver.cpp, line
Event: 3.587 Thread 0x0000000005123000 Exception <a 'java/lang/NoSuchMethodError': java.lang.Object.lambda$static$0(I)[Lorg/jetbrains/kotlin/psi/KtExpression;> (0x00000000d84b26c8) thrown at [D:\src\AOSP-openjdk-cygwin\jdk8u\hotspot\src\share\vm\interpreter\linkResolver.cpp, line 584]
Event: 3.824 Thread 0x0000000005123000 Exception <a 'java/lang/NoSuchMethodError': java.lang.Object.lambda$static$0(I)[Lorg/jetbrains/kotlin/psi/KtDeclaration;> (0x00000000d8896258) thrown at [D:\src\AOSP-openjdk-cygwin\jdk8u\hotspot\src\share\vm\interpreter\linkResolver.cpp, line 584]
Event: 3.834 Thread 0x0000000005123000 Exception <a 'java/lang/NoSuchMethodError': java.lang.Object.lambda$static$0(I)[Lorg/jetbrains/kotlin/com/intellij/psi/PsiElement;> (0x00000000d88ca6e8) thrown at [D:\src\AOSP-openjdk-cygwin\jdk8u\hotspot\src\share\vm\interpreter\linkResolver.cpp, line 58
Event: 3.901 Thread 0x0000000005123000 Exception <a 'java/lang/NoSuchMethodError': java.lang.Object.lambda$static$0(I)[Lorg/jetbrains/kotlin/psi/KtTypeElement;> (0x00000000d8a3a630) thrown at [D:\src\AOSP-openjdk-cygwin\jdk8u\hotspot\src\share\vm\interpreter\linkResolver.cpp, line 584]
Event: 4.306 Thread 0x0000000005123000 Exception <a 'java/lang/NoSuchMethodError': java.lang.Object.lambda$static$0(I)[Lorg/jetbrains/kotlin/com/intellij/psi/PsiClass;> (0x00000000d98f87a0) thrown at [D:\src\AOSP-openjdk-cygwin\jdk8u\hotspot\src\share\vm\interpreter\linkResolver.cpp, line 584]

Events (10 events):
Event: 6.244 Executing VM operation: Deoptimize
Event: 6.245 Executing VM operation: Deoptimize done
Event: 6.246 loading class org/jetbrains/kotlin/resolve/OverridingUtil$2
Event: 6.246 loading class org/jetbrains/kotlin/resolve/OverridingUtil$2 done
Event: 6.246 loading class org/jetbrains/kotlin/resolve/calls/callResolverUtil/CallResolverUtilKt
Event: 6.246 loading class org/jetbrains/kotlin/resolve/calls/callResolverUtil/CallResolverUtilKt done
Event: 6.249 loading class org/jetbrains/kotlin/resolve/OverrideResolver$checkOverrideForMember$1
Event: 6.249 loading class org/jetbrains/kotlin/resolve/OverrideResolver$checkOverrideForMember$1 done
Event: 6.249 loading class org/jetbrains/kotlin/resolve/OverrideResolver$CheckOverrideReportForDeclaredMemberStrategy
Event: 6.249 loading class org/jetbrains/kotlin/resolve/OverrideResolver$CheckOverrideReportForDeclaredMemberStrategy done


Dynamic libraries:
0x00007ff7135a0000 - 0x00007ff7135d1000 	E:\Android\Android Studio\jre\jre\bin\java.exe
0x00007ffd33b00000 - 0x00007ffd33ce0000 	C:\WINDOWS\SYSTEM32\ntdll.dll
0x00007ffd334a0000 - 0x00007ffd3354e000 	C:\WINDOWS\System32\KERNEL32.DLL
0x00007ffd30a00000 - 0x00007ffd30c66000 	C:\WINDOWS\System32\KERNELBASE.dll
0x00007ffd33380000 - 0x00007ffd33421000 	C:\WINDOWS\System32\ADVAPI32.dll
0x00007ffd31030000 - 0x00007ffd310cd000 	C:\WINDOWS\System32\msvcrt.dll
0x00007ffd335b0000 - 0x00007ffd3360b000 	C:\WINDOWS\System32\sechost.dll
0x00007ffd336c0000 - 0x00007ffd337df000 	C:\WINDOWS\System32\RPCRT4.dll
0x00007ffd31240000 - 0x00007ffd313cf000 	C:\WINDOWS\System32\USER32.dll
0x00007ffd30650000 - 0x00007ffd30670000 	C:\WINDOWS\System32\win32u.dll
0x00007ffd313d0000 - 0x00007ffd313f8000 	C:\WINDOWS\System32\GDI32.dll
0x00007ffd30860000 - 0x00007ffd309f3000 	C:\WINDOWS\System32\gdi32full.dll
0x00007ffd30770000 - 0x00007ffd3080b000 	C:\WINDOWS\System32\msvcp_win.dll
0x00007ffd30670000 - 0x00007ffd30766000 	C:\WINDOWS\System32\ucrtbase.dll
0x00007ffd19d50000 - 0x00007ffd19fb9000 	C:\WINDOWS\WinSxS\amd64_microsoft.windows.common-controls_6595b64144ccf1df_6.0.16299.248_none_15ced204935f55d7\COMCTL32.dll
0x00007ffd32850000 - 0x00007ffd32b58000 	C:\WINDOWS\System32\combase.dll
0x00007ffd30c70000 - 0x00007ffd30ce2000 	C:\WINDOWS\System32\bcryptPrimitives.dll
0x00007ffd32df0000 - 0x00007ffd32e1d000 	C:\WINDOWS\System32\IMM32.DLL
0x000000006ed70000 - 0x000000006ee42000 	E:\Android\Android Studio\jre\jre\bin\msvcr100.dll
0x000000006ee50000 - 0x000000006f68e000 	E:\Android\Android Studio\jre\jre\bin\server\jvm.dll
0x00007ffd32e80000 - 0x00007ffd32e88000 	C:\WINDOWS\System32\PSAPI.DLL
0x00007ffd06170000 - 0x00007ffd06179000 	C:\WINDOWS\SYSTEM32\WSOCK32.dll
0x00007ffd1c100000 - 0x00007ffd1c10a000 	C:\WINDOWS\SYSTEM32\VERSION.dll
0x00007ffd2c320000 - 0x00007ffd2c343000 	C:\WINDOWS\SYSTEM32\WINMM.dll
0x00007ffd33430000 - 0x00007ffd3349c000 	C:\WINDOWS\System32\WS2_32.dll
0x00007ffd2c2c0000 - 0x00007ffd2c2ea000 	C:\WINDOWS\SYSTEM32\WINMMBASE.dll
0x00007ffd30810000 - 0x00007ffd3085a000 	C:\WINDOWS\System32\cfgmgr32.dll
0x00007ffd2c380000 - 0x00007ffd2c38f000 	E:\Android\Android Studio\jre\jre\bin\verify.dll
0x00007ffd2a5c0000 - 0x00007ffd2a5e9000 	E:\Android\Android Studio\jre\jre\bin\java.dll
0x00007ffd2ac50000 - 0x00007ffd2ac66000 	E:\Android\Android Studio\jre\jre\bin\zip.dll
0x00007ffd31410000 - 0x00007ffd32846000 	C:\WINDOWS\System32\SHELL32.dll
0x00007ffd33610000 - 0x00007ffd336b6000 	C:\WINDOWS\System32\shcore.dll
0x00007ffd2ff00000 - 0x00007ffd30647000 	C:\WINDOWS\System32\windows.storage.dll
0x00007ffd33550000 - 0x00007ffd335a1000 	C:\WINDOWS\System32\shlwapi.dll
0x00007ffd2fee0000 - 0x00007ffd2fef1000 	C:\WINDOWS\System32\kernel.appcore.dll
0x00007ffd2fe90000 - 0x00007ffd2fedc000 	C:\WINDOWS\System32\powrprof.dll
0x00007ffd2fe50000 - 0x00007ffd2fe6b000 	C:\WINDOWS\System32\profapi.dll
0x00007ffd2a4c0000 - 0x00007ffd2a4da000 	E:\Android\Android Studio\jre\jre\bin\net.dll
0x00007ffd2f6e0000 - 0x00007ffd2f746000 	C:\WINDOWS\system32\mswsock.dll
0x00007ffd2a3c0000 - 0x00007ffd2a3d1000 	E:\Android\Android Studio\jre\jre\bin\nio.dll

VM Arguments:
java_command: org.jetbrains.kotlin.cli.jvm.K2JVMCompiler -Xadd-compiler-builtins -Xbuild-file=C:\Users\zrk83\AppData\Local\Temp\kjps3689649832308706757app_debug.script.xml -classpath C:\Users\zrk83\.gradle\caches\modules-2\files-2.1\org.jetbrains.kotlin\kotlin-stdlib-jre7\1.2.21\3beb08c67673033183c8652572680587876e64b5\kotlin-stdlib-jre7-1.2.21.jar;C:\Users\zrk83\.gradle\caches\transforms-1\files-1.1\appcompat-v7-27.1.0.aar\0aad7d85238d51e674372fddf3edaf70\jars\classes.jar;C:\Users\zrk83\.gradle\caches\transforms-1\files-1.1\constraint-layout-1.0.2.aar\5e1e5273e5338ae560a210e2d119a5ee\jars\classes.jar;C:\Users\zrk83\.gradle\caches\modules-2\files-2.1\org.jetbrains.kotlin\kotlin-stdlib\1.2.21\d64187eb2d9d1521be3421aa8c6774a8625cdde8\kotlin-stdlib-1.2.21.jar;C:\Users\zrk83\.gradle\caches\transforms-1\files-1.1\support-fragment-27.1.0.aar\cc869da6e984f2a946ba102785abcba6\jars\classes.jar;C:\Users\zrk83\.gradle\caches\transforms-1\files-1.1\animated-vector-drawable-27.1.0.aar\52ca45cc328a74579727a296d97e0e0d\jars\classes.jar;C:\Users\zrk83\.gradle\caches\transforms-1\files-1.1\support-core-ui-27.1.0.aar\5cc8bb3c765209ff5aa8d1507a06f5ef\jars\classes.jar;C:\Users\zrk83\.gradle\caches\transforms-1\files-1.1\support-core-utils-27.1.0.aar\8634a234133af22a2e3a2cee53be5912\jars\classes.jar;C:\Users\zrk83\.gradle\caches\transforms-1\files-1.1\support-vector-drawable-27.1.0.aar\a5ba03989ef7d3680e444276765252ec\jars\classes.jar;C:\Users\zrk83\.gradle\caches\transforms-1\files-1.1\support-compat-27.1.0.aar\bd284d65ec86e257015b88f7fee1ed6a\jars\classes.jar;C:\Users\zrk83\.gradle\caches\modules-2\files-2.1\com.android.support\support-annotations\27.1.0\39ded76b5e1ce1c5b2688e1d25cdc20ecee32007\support-annotations-27.1.0.jar;C:\Users\zrk83\AppData\Local\Android\Sdk\extras\m2repository\com\android\support\constraint\constraint-layout-solver\1.0.2\constraint-layout-solver-1.0.2.jar;E:\Android\Android Studio\gradle\m2repository\org\jetbrains\annotations\13.0\annotations-13.0.jar;C:\Use
java_class_path (initial): C:\Users\zrk83\.gradle\caches\modules-2\files-2.1\org.jetbrains.kotlin\kotlin-compiler-embeddable\1.2.21\39456b64a42dc359e385697e2e93b5cba52e197f\kotlin-compiler-embeddable-1.2.21.jar;C:\Users\zrk83\.gradle\caches\modules-2\files-2.1\org.jetbrains.kotlin\kotlin-stdlib\1.2.21\d64187eb2d9d1521be3421aa8c6774a8625cdde8\kotlin-stdlib-1.2.21.jar;C:\Users\zrk83\.gradle\caches\modules-2\files-2.1\org.jetbrains.kotlin\kotlin-script-runtime\1.2.21\40c37b171146be48a989ab74b937b17a96d28d87\kotlin-script-runtime-1.2.21.jar;C:\Users\zrk83\.gradle\caches\modules-2\files-2.1\org.jetbrains.kotlin\kotlin-reflect\1.2.21\3159ff5936aa570a90050d385cb717fbb6c1723a\kotlin-reflect-1.2.21.jar;E:\Android\Android Studio\jre\lib\tools.jar
Launcher Type: SUN_STANDARD

Environment Variables:
PATH=C:\Program Files (x86)\NVIDIA Corporation\PhysX\Common;C:\ProgramData\Oracle\Java\javapath;E:\Microsoft MPI\Bin\;C:\WINDOWS\system32;C:\WINDOWS;C:\WINDOWS\System32\Wbem;C:\WINDOWS\System32\WindowsPowerShell\v1.0\;E:\Git\Git\cmd;C:\Program Files\Microsoft SQL Server\Client SDK\ODBC\110\Tools\Binn\;C:\Program Files (x86)\Microsoft SQL Server\120\Tools\Binn\;C:\Program Files\Microsoft SQL Server\120\Tools\Binn\;C:\Program Files\Microsoft SQL Server\120\DTS\Binn\;C:\Program Files (x86)\Windows Kits\8.1\Windows Performance Toolkit\;C:\Program Files\dotnet\;E:\Anaconda3;E:\Anaconda3\Library\mingw-w64\bin;E:\Anaconda3\Library\usr\bin;E:\Anaconda3\Library\bin;E:\Anaconda3\Scripts;E:\opencv\build\bin;C:\Users\zrk83\AppData\Local\Microsoft\WindowsApps;E:\Microsoft VS Code\bin;E:\Fiddler;C:\Users\zrk83\AppData\Local\GitHubDesktop\bin;E:\Quartus\13.0sp1\modelsim_ase\win32aloem;C:\MinGW\bin;
USERNAME=zrk83
OS=Windows_NT
PROCESSOR_IDENTIFIER=Intel64 Family 6 Model 69 Stepping 1, GenuineIntel



---------------  S Y S T E M  ---------------

OS: Windows 10.0 , 64 bit Build 16299 (10.0.16299.15)

CPU:total 4 (initial active 4) (2 cores per cpu, 2 threads per core) family 6 model 69 stepping 1, cmov, cx8, fxsr, mmx, sse, sse2, sse3, ssse3, sse4.1, sse4.2, popcnt, avx, avx2, aes, clmul, erms, lzcnt, ht, tsc, tscinvbit, bmi1, bmi2

Memory: 4k page, physical 8291408k(876692k free), swap 8291408k(4672k free)

vm_info: OpenJDK 64-Bit Server VM (25.152-b01) for windows-amd64 JRE (1.8.0_152-release-915-b01), built by "builder" with MS VC++ 10.0 (VS2010)

time: Sat Mar 10 15:41:19 2018
elapsed time: 6 seconds (0d 0h 0m 6s)

