#
# There is insufficient memory for the Java Runtime Environment to continue.
# Native memory allocation (malloc) failed to allocate 1164656 bytes for Chunk::new
# Possible reasons:
#   The system is out of physical RAM or swap space
#   In 32 bit mode, the process size limit was hit
# Possible solutions:
#   Reduce memory load on the system
#   Increase physical memory or swap space
#   Check if swap backing store is full
#   Use 64 bit Java on a 64 bit OS
#   Decrease Java heap size (-Xmx/-Xms)
#   Decrease number of Java threads
#   Decrease Java thread stack sizes (-Xss)
#   Set larger code cache with -XX:ReservedCodeCacheSize=
# This output file may be truncated or incomplete.
#
#  Out of Memory Error (allocation.cpp:390), pid=2452, tid=0x0000000000000520
#
# JRE version: OpenJDK Runtime Environment (8.0_152-b01) (build 1.8.0_152-release-915-b01)
# Java VM: OpenJDK 64-Bit Server VM (25.152-b01 mixed mode windows-amd64 compressed oops)
# Failed to write core dump. Minidumps are not enabled by default on client versions of Windows
#

---------------  T H R E A D  ---------------

Current thread (0x000000001937a000):  JavaThread "C2 CompilerThread0" daemon [_thread_in_native, id=1312, stack(0x000000001ac90000,0x000000001ad90000)]

Stack: [0x000000001ac90000,0x000000001ad90000]
[error occurred during error reporting (printing stack bounds), id 0xc0000005]

Native frames: (J=compiled Java code, j=interpreted, Vv=VM code, C=native code)


Current CompileTask:
C2:   7552 5206       4       org.jetbrains.kotlin.com.intellij.lang.java.parser.ExpressionParser::parseExpression (241 bytes)


---------------  P R O C E S S  ---------------

Java Threads: ( => current thread )
  0x000000001a71b800 JavaThread "Service Thread" daemon [_thread_blocked, id=5564, stack(0x000000001af90000,0x000000001b090000)]
  0x000000001a6d2000 JavaThread "C1 CompilerThread2" daemon [_thread_blocked, id=12068, stack(0x000000001ae90000,0x000000001af90000)]
  0x000000001937c800 JavaThread "C2 CompilerThread1" daemon [_thread_in_native, id=1652, stack(0x000000001ad90000,0x000000001ae90000)]
=>0x000000001937a000 JavaThread "C2 CompilerThread0" daemon [_thread_in_native, id=1312, stack(0x000000001ac90000,0x000000001ad90000)]
  0x000000001932f000 JavaThread "Attach Listener" daemon [_thread_blocked, id=4676, stack(0x000000001ab90000,0x000000001ac90000)]
  0x000000001a698800 JavaThread "Signal Dispatcher" daemon [_thread_blocked, id=5664, stack(0x000000001aa90000,0x000000001ab90000)]
  0x00000000047bc800 JavaThread "Finalizer" daemon [_thread_blocked, id=11616, stack(0x000000001a590000,0x000000001a690000)]
  0x00000000192e7000 JavaThread "Reference Handler" daemon [_thread_blocked, id=11476, stack(0x000000001a490000,0x000000001a590000)]
  0x00000000046c3000 JavaThread "main" [_thread_in_vm, id=8292, stack(0x0000000004500000,0x0000000004600000)]

Other Threads:
  0x00000000192e5800 VMThread [stack: 0x000000001a390000,0x000000001a490000] [id=7124]
  0x000000001a72c000 WatcherThread [stack: 0x000000001b090000,0x000000001b190000] [id=7200]

VM state:not at safepoint (normal execution)

VM Mutex/Monitor currently owned by a thread: None

Heap:
 PSYoungGen      total 138240K, used 80298K [0x00000000d5d00000, 0x00000000e1580000, 0x0000000100000000)
  eden space 133120K, 60% used [0x00000000d5d00000,0x00000000dab6abd0,0x00000000ddf00000)
  from space 5120K, 0% used [0x00000000ddf00000,0x00000000ddf00000,0x00000000de400000)
  to   space 22528K, 0% used [0x00000000dff80000,0x00000000dff80000,0x00000000e1580000)
 ParOldGen       total 66048K, used 28195K [0x0000000081600000, 0x0000000085680000, 0x00000000d5d00000)
  object space 66048K, 42% used [0x0000000081600000,0x0000000083188fc0,0x0000000085680000)
 Metaspace       used 40799K, capacity 41516K, committed 42024K, reserved 1085440K
  class space    used 5181K, capacity 5351K, committed 5424K, reserved 1048576K

Card table byte_map: [0x0000000013b80000,0x0000000013f80000] byte_map_base: 0x0000000013775000

Marking Bits: (ParMarkBitMap*) 0x000000006f613950
 Begin Bits: [0x0000000014630000, 0x00000000165d8000)
 End Bits:   [0x00000000165d8000, 0x0000000018580000)

Polling page: 0x0000000002520000

CodeCache: size=245760Kb used=16715Kb max_used=16715Kb free=229044Kb
 bounds [0x00000000047c0000, 0x0000000005820000, 0x00000000137c0000]
 total_blobs=5741 nmethods=5300 adapters=353
 compilation: enabled

Compilation events (10 events):
Event: 7.503 Thread 0x000000001a6d2000 5321       2       org.jetbrains.kotlin.com.intellij.openapi.util.Ref::<init> (10 bytes)
Event: 7.503 Thread 0x000000001a6d2000 nmethod 5321 0x000000000581cd10 code [0x000000000581ce60, 0x000000000581cfd0]
Event: 7.503 Thread 0x000000001a6d2000 5322       2       org.jetbrains.kotlin.com.intellij.openapi.util.Ref::create (9 bytes)
Event: 7.503 Thread 0x000000001a6d2000 nmethod 5322 0x000000000581d050 code [0x000000000581d1a0, 0x000000000581d330]
Event: 7.503 Thread 0x000000001a6d2000 5323       2       org.jetbrains.kotlin.com.intellij.psi.impl.source.PsiFileImpl::getProject (44 bytes)
Event: 7.505 Thread 0x000000001a6d2000 nmethod 5323 0x000000000581d3d0 code [0x000000000581d5c0, 0x000000000581dc48]
Event: 7.505 Thread 0x000000001a6d2000 5318       2       org.jetbrains.kotlin.com.intellij.psi.impl.source.PsiClassImpl::getNode (42 bytes)
Event: 7.506 Thread 0x000000001a6d2000 nmethod 5318 0x000000000581e150 code [0x000000000581e340, 0x000000000581ea08]
Event: 7.522 Thread 0x000000001a6d2000 5336       2       org.jetbrains.kotlin.cli.jvm.compiler.KotlinCliJavaFileManagerImpl$knownClassNamesInPackage$1::invoke (89 bytes)
Event: 7.523 Thread 0x000000001a6d2000 nmethod 5336 0x000000000581ef50 code [0x000000000581f180, 0x000000000581f658]

GC Heap History (10 events):
Event: 2.101 GC heap before
{Heap before GC invocations=3 (full 0):
 PSYoungGen      total 71680K, used 30776K [0x00000000d5d00000, 0x00000000da800000, 0x0000000100000000)
  eden space 66560K, 38% used [0x00000000d5d00000,0x00000000d7615da8,0x00000000d9e00000)
  from space 5120K, 99% used [0x00000000da300000,0x00000000da7f8278,0x00000000da800000)
  to   space 5120K, 0% used [0x00000000d9e00000,0x00000000d9e00000,0x00000000da300000)
 ParOldGen       total 87552K, used 8127K [0x0000000081600000, 0x0000000086b80000, 0x00000000d5d00000)
  object space 87552K, 9% used [0x0000000081600000,0x0000000081defc98,0x0000000086b80000)
 Metaspace       used 20793K, capacity 21120K, committed 21296K, reserved 1067008K
  class space    used 2725K, capacity 2852K, committed 2864K, reserved 1048576K
Event: 2.122 GC heap after
Heap after GC invocations=3 (full 0):
 PSYoungGen      total 71680K, used 5109K [0x00000000d5d00000, 0x00000000de900000, 0x0000000100000000)
  eden space 66560K, 0% used [0x00000000d5d00000,0x00000000d5d00000,0x00000000d9e00000)
  from space 5120K, 99% used [0x00000000d9e00000,0x00000000da2fd538,0x00000000da300000)
  to   space 5120K, 0% used [0x00000000de400000,0x00000000de400000,0x00000000de900000)
 ParOldGen       total 87552K, used 12948K [0x0000000081600000, 0x0000000086b80000, 0x00000000d5d00000)
  object space 87552K, 14% used [0x0000000081600000,0x00000000822a50e0,0x0000000086b80000)
 Metaspace       used 20793K, capacity 21120K, committed 21296K, reserved 1067008K
  class space    used 2725K, capacity 2852K, committed 2864K, reserved 1048576K
}
Event: 2.122 GC heap before
{Heap before GC invocations=4 (full 1):
 PSYoungGen      total 71680K, used 5109K [0x00000000d5d00000, 0x00000000de900000, 0x0000000100000000)
  eden space 66560K, 0% used [0x00000000d5d00000,0x00000000d5d00000,0x00000000d9e00000)
  from space 5120K, 99% used [0x00000000d9e00000,0x00000000da2fd538,0x00000000da300000)
  to   space 5120K, 0% used [0x00000000de400000,0x00000000de400000,0x00000000de900000)
 ParOldGen       total 87552K, used 12948K [0x0000000081600000, 0x0000000086b80000, 0x00000000d5d00000)
  object space 87552K, 14% used [0x0000000081600000,0x00000000822a50e0,0x0000000086b80000)
 Metaspace       used 20793K, capacity 21120K, committed 21296K, reserved 1067008K
  class space    used 2725K, capacity 2852K, committed 2864K, reserved 1048576K
Event: 2.176 GC heap after
Heap after GC invocations=4 (full 1):
 PSYoungGen      total 71680K, used 0K [0x00000000d5d00000, 0x00000000de900000, 0x0000000100000000)
  eden space 66560K, 0% used [0x00000000d5d00000,0x00000000d5d00000,0x00000000d9e00000)
  from space 5120K, 0% used [0x00000000d9e00000,0x00000000d9e00000,0x00000000da300000)
  to   space 5120K, 0% used [0x00000000de400000,0x00000000de400000,0x00000000de900000)
 ParOldGen       total 66048K, used 9824K [0x0000000081600000, 0x0000000085680000, 0x00000000d5d00000)
  object space 66048K, 14% used [0x0000000081600000,0x0000000081f98048,0x0000000085680000)
 Metaspace       used 20793K, capacity 21120K, committed 21296K, reserved 1067008K
  class space    used 2725K, capacity 2852K, committed 2864K, reserved 1048576K
}
Event: 4.218 GC heap before
{Heap before GC invocations=5 (full 1):
 PSYoungGen      total 71680K, used 66560K [0x00000000d5d00000, 0x00000000de900000, 0x0000000100000000)
  eden space 66560K, 100% used [0x00000000d5d00000,0x00000000d9e00000,0x00000000d9e00000)
  from space 5120K, 0% used [0x00000000d9e00000,0x00000000d9e00000,0x00000000da300000)
  to   space 5120K, 0% used [0x00000000de400000,0x00000000de400000,0x00000000de900000)
 ParOldGen       total 66048K, used 9824K [0x0000000081600000, 0x0000000085680000, 0x00000000d5d00000)
  object space 66048K, 14% used [0x0000000081600000,0x0000000081f98048,0x0000000085680000)
 Metaspace       used 31432K, capacity 31940K, committed 32432K, reserved 1077248K
  class space    used 4027K, capacity 4176K, committed 4272K, reserved 1048576K
Event: 4.241 GC heap after
Heap after GC invocations=5 (full 1):
 PSYoungGen      total 102912K, used 5120K [0x00000000d5d00000, 0x00000000de900000, 0x0000000100000000)
  eden space 97792K, 0% used [0x00000000d5d00000,0x00000000d5d00000,0x00000000dbc80000)
  from space 5120K, 100% used [0x00000000de400000,0x00000000de900000,0x00000000de900000)
  to   space 5120K, 0% used [0x00000000ddf00000,0x00000000ddf00000,0x00000000de400000)
 ParOldGen       total 66048K, used 22920K [0x0000000081600000, 0x0000000085680000, 0x00000000d5d00000)
  object space 66048K, 34% used [0x0000000081600000,0x0000000082c623f0,0x0000000085680000)
 Metaspace       used 31432K, capacity 31940K, committed 32432K, reserved 1077248K
  class space    used 4027K, capacity 4176K, committed 4272K, reserved 1048576K
}
Event: 5.498 GC heap before
{Heap before GC invocations=6 (full 1):
 PSYoungGen      total 102912K, used 62187K [0x00000000d5d00000, 0x00000000de900000, 0x0000000100000000)
  eden space 97792K, 58% used [0x00000000d5d00000,0x00000000d94bafb8,0x00000000dbc80000)
  from space 5120K, 100% used [0x00000000de400000,0x00000000de900000,0x00000000de900000)
  to   space 5120K, 0% used [0x00000000ddf00000,0x00000000ddf00000,0x00000000de400000)
 ParOldGen       total 66048K, used 22920K [0x0000000081600000, 0x0000000085680000, 0x00000000d5d00000)
  object space 66048K, 34% used [0x0000000081600000,0x0000000082c623f0,0x0000000085680000)
 Metaspace       used 34605K, capacity 35100K, committed 35496K, reserved 1081344K
  class space    used 4350K, capacity 4487K, committed 4528K, reserved 1048576K
Event: 5.528 GC heap after
Heap after GC invocations=6 (full 1):
 PSYoungGen      total 138240K, used 5097K [0x00000000d5d00000, 0x00000000e1580000, 0x0000000100000000)
  eden space 133120K, 0% used [0x00000000d5d00000,0x00000000d5d00000,0x00000000ddf00000)
  from space 5120K, 99% used [0x00000000ddf00000,0x00000000de3fa5c0,0x00000000de400000)
  to   space 22528K, 0% used [0x00000000dff80000,0x00000000dff80000,0x00000000e1580000)
 ParOldGen       total 66048K, used 37837K [0x0000000081600000, 0x0000000085680000, 0x00000000d5d00000)
  object space 66048K, 57% used [0x0000000081600000,0x0000000083af3780,0x0000000085680000)
 Metaspace       used 34605K, capacity 35100K, committed 35496K, reserved 1081344K
  class space    used 4350K, capacity 4487K, committed 4528K, reserved 1048576K
}
Event: 5.528 GC heap before
{Heap before GC invocations=7 (full 2):
 PSYoungGen      total 138240K, used 5097K [0x00000000d5d00000, 0x00000000e1580000, 0x0000000100000000)
  eden space 133120K, 0% used [0x00000000d5d00000,0x00000000d5d00000,0x00000000ddf00000)
  from space 5120K, 99% used [0x00000000ddf00000,0x00000000de3fa5c0,0x00000000de400000)
  to   space 22528K, 0% used [0x00000000dff80000,0x00000000dff80000,0x00000000e1580000)
 ParOldGen       total 66048K, used 37837K [0x0000000081600000, 0x0000000085680000, 0x00000000d5d00000)
  object space 66048K, 57% used [0x0000000081600000,0x0000000083af3780,0x0000000085680000)
 Metaspace       used 34605K, capacity 35100K, committed 35496K, reserved 1081344K
  class space    used 4350K, capacity 4487K, committed 4528K, reserved 1048576K
Event: 5.673 GC heap after
Heap after GC invocations=7 (full 2):
 PSYoungGen      total 138240K, used 0K [0x00000000d5d00000, 0x00000000e1580000, 0x0000000100000000)
  eden space 133120K, 0% used [0x00000000d5d00000,0x00000000d5d00000,0x00000000ddf00000)
  from space 5120K, 0% used [0x00000000ddf00000,0x00000000ddf00000,0x00000000de400000)
  to   space 22528K, 0% used [0x00000000dff80000,0x00000000dff80000,0x00000000e1580000)
 ParOldGen       total 66048K, used 28195K [0x0000000081600000, 0x0000000085680000, 0x00000000d5d00000)
  object space 66048K, 42% used [0x0000000081600000,0x0000000083188fc0,0x0000000085680000)
 Metaspace       used 34605K, capacity 35100K, committed 35496K, reserved 1081344K
  class space    used 4350K, capacity 4487K, committed 4528K, reserved 1048576K
}

Deoptimization events (10 events):
Event: 7.229 Thread 0x00000000046c3000 Uncommon trap: reason=class_check action=maybe_recompile pc=0x0000000004e96688 method=org.jetbrains.kotlin.com.intellij.lang.impl.PsiBuilderAdapter.mark()Lorg/jetbrains/kotlin/com/intellij/lang/PsiBuilder$Marker; @ 4
Event: 7.229 Thread 0x00000000046c3000 Uncommon trap: reason=class_check action=maybe_recompile pc=0x0000000004e96688 method=org.jetbrains.kotlin.com.intellij.lang.impl.PsiBuilderAdapter.mark()Lorg/jetbrains/kotlin/com/intellij/lang/PsiBuilder$Marker; @ 4
Event: 7.402 Thread 0x00000000046c3000 Uncommon trap: reason=bimorphic action=maybe_recompile pc=0x00000000056ba49c method=org.jetbrains.kotlin.com.intellij.psi.impl.source.tree.SharedImplUtil.findFileElement(Lorg/jetbrains/kotlin/com/intellij/lang/ASTNode;)Lorg/jetbrains/kotlin/com/intellij/l
Event: 7.402 Thread 0x00000000046c3000 Uncommon trap: reason=bimorphic action=maybe_recompile pc=0x00000000056ba49c method=org.jetbrains.kotlin.com.intellij.psi.impl.source.tree.SharedImplUtil.findFileElement(Lorg/jetbrains/kotlin/com/intellij/lang/ASTNode;)Lorg/jetbrains/kotlin/com/intellij/l
Event: 7.402 Thread 0x00000000046c3000 Uncommon trap: reason=bimorphic action=maybe_recompile pc=0x00000000056ba49c method=org.jetbrains.kotlin.com.intellij.psi.impl.source.tree.SharedImplUtil.findFileElement(Lorg/jetbrains/kotlin/com/intellij/lang/ASTNode;)Lorg/jetbrains/kotlin/com/intellij/l
Event: 7.402 Thread 0x00000000046c3000 Uncommon trap: reason=bimorphic action=maybe_recompile pc=0x00000000056ba49c method=org.jetbrains.kotlin.com.intellij.psi.impl.source.tree.SharedImplUtil.findFileElement(Lorg/jetbrains/kotlin/com/intellij/lang/ASTNode;)Lorg/jetbrains/kotlin/com/intellij/l
Event: 7.411 Thread 0x00000000046c3000 Uncommon trap: reason=class_check action=maybe_recompile pc=0x0000000005746004 method=org.jetbrains.kotlin.com.intellij.psi.impl.source.tree.CompositeElement.getPsi()Lorg/jetbrains/kotlin/com/intellij/psi/PsiElement; @ 24
Event: 7.432 Thread 0x00000000046c3000 Uncommon trap: reason=class_check action=maybe_recompile pc=0x0000000005746004 method=org.jetbrains.kotlin.com.intellij.psi.impl.source.tree.CompositeElement.getPsi()Lorg/jetbrains/kotlin/com/intellij/psi/PsiElement; @ 24
Event: 7.436 Thread 0x00000000046c3000 Uncommon trap: reason=class_check action=maybe_recompile pc=0x0000000005746004 method=org.jetbrains.kotlin.com.intellij.psi.impl.source.tree.CompositeElement.getPsi()Lorg/jetbrains/kotlin/com/intellij/psi/PsiElement; @ 24
Event: 7.444 Thread 0x00000000046c3000 Uncommon trap: reason=class_check action=maybe_recompile pc=0x0000000005746004 method=org.jetbrains.kotlin.com.intellij.psi.impl.source.tree.CompositeElement.getPsi()Lorg/jetbrains/kotlin/com/intellij/psi/PsiElement; @ 24

Classes redefined (0 events):
No events

Internal exceptions (10 events):
Event: 3.645 Thread 0x00000000046c3000 Exception <a 'java/lang/NoSuchMethodError': java.lang.Object.lambda$static$0(I)[Lorg/jetbrains/kotlin/psi/KtDeclaration;> (0x00000000d887e820) thrown at [D:\src\AOSP-openjdk-cygwin\jdk8u\hotspot\src\share\vm\interpreter\linkResolver.cpp, line 584]
Event: 3.657 Thread 0x00000000046c3000 Exception <a 'java/lang/NoSuchMethodError': java.lang.Object.lambda$static$0(I)[Lorg/jetbrains/kotlin/com/intellij/psi/PsiElement;> (0x00000000d88b2c80) thrown at [D:\src\AOSP-openjdk-cygwin\jdk8u\hotspot\src\share\vm\interpreter\linkResolver.cpp, line 58
Event: 3.722 Thread 0x00000000046c3000 Exception <a 'java/lang/NoSuchMethodError': java.lang.Object.lambda$static$0(I)[Lorg/jetbrains/kotlin/psi/KtTypeElement;> (0x00000000d8a21c70) thrown at [D:\src\AOSP-openjdk-cygwin\jdk8u\hotspot\src\share\vm\interpreter\linkResolver.cpp, line 584]
Event: 4.111 Thread 0x00000000046c3000 Exception <a 'java/lang/NoSuchMethodError': java.lang.Object.lambda$static$0(I)[Lorg/jetbrains/kotlin/com/intellij/psi/PsiClass;> (0x00000000d98df888) thrown at [D:\src\AOSP-openjdk-cygwin\jdk8u\hotspot\src\share\vm\interpreter\linkResolver.cpp, line 584]
Event: 6.095 Thread 0x00000000046c3000 Implicit null exception at 0x00000000054b791f to 0x00000000054b8329
Event: 6.376 Thread 0x00000000046c3000 Implicit null exception at 0x0000000004dd490c to 0x0000000004dd49b5
Event: 7.434 Thread 0x00000000046c3000 Exception <a 'java/lang/NoSuchMethodError': java.lang.Object.lambda$static$0(I)[Lorg/jetbrains/kotlin/com/intellij/psi/PsiTypeParameter;> (0x00000000da7dd8a8) thrown at [D:\src\AOSP-openjdk-cygwin\jdk8u\hotspot\src\share\vm\interpreter\linkResolver.cpp, l
Event: 7.450 Thread 0x00000000046c3000 Exception <a 'java/lang/NoSuchMethodError': java.lang.Object.lambda$static$0(I)[Lorg/jetbrains/kotlin/com/intellij/psi/PsiMethod;> (0x00000000da83ec68) thrown at [D:\src\AOSP-openjdk-cygwin\jdk8u\hotspot\src\share\vm\interpreter\linkResolver.cpp, line 584
Event: 7.452 Thread 0x00000000046c3000 Exception <a 'java/lang/NoSuchMethodError': java.lang.Object.lambda$static$0(I)[Lorg/jetbrains/kotlin/com/intellij/psi/PsiField;> (0x00000000da849790) thrown at [D:\src\AOSP-openjdk-cygwin\jdk8u\hotspot\src\share\vm\interpreter\linkResolver.cpp, line 584]
Event: 7.519 Thread 0x00000000046c3000 Exception <a 'java/lang/NoSuchMethodError': java.lang.Object.lambda$static$0(I)[Lorg/jetbrains/kotlin/com/intellij/psi/PsiJavaCodeReferenceElement;> (0x00000000da99a278) thrown at [D:\src\AOSP-openjdk-cygwin\jdk8u\hotspot\src\share\vm\interpreter\linkReso

Events (10 events):
Event: 7.537 loading class org/jetbrains/kotlin/com/intellij/psi/impl/compiled/StubBuildingVisitor
Event: 7.537 loading class org/jetbrains/kotlin/com/intellij/psi/impl/compiled/StubBuildingVisitor done
Event: 7.542 loading class org/jetbrains/kotlin/com/intellij/psi/impl/compiled/ClsFileImpl$1
Event: 7.542 loading class org/jetbrains/kotlin/com/intellij/psi/impl/compiled/ClsFileImpl$1 done
Event: 7.543 loading class org/jetbrains/kotlin/com/intellij/openapi/util/KeyedExtensionCollector$1
Event: 7.543 loading class org/jetbrains/kotlin/com/intellij/openapi/util/KeyedExtensionCollector$1 done
Event: 7.545 loading class org/jetbrains/kotlin/com/intellij/openapi/util/LazyInstance
Event: 7.545 loading class org/jetbrains/kotlin/com/intellij/openapi/util/LazyInstance done
Event: 7.546 loading class org/jetbrains/kotlin/com/intellij/openapi/fileTypes/FileTypeExtensionPoint$1
Event: 7.546 loading class org/jetbrains/kotlin/com/intellij/openapi/fileTypes/FileTypeExtensionPoint$1 done


Dynamic libraries:
0x00007ff7135a0000 - 0x00007ff7135d1000 	E:\Android\Android Studio\jre\jre\bin\java.exe
0x00007ffd33b00000 - 0x00007ffd33ce0000 	C:\WINDOWS\SYSTEM32\ntdll.dll
0x00007ffd334a0000 - 0x00007ffd3354e000 	C:\WINDOWS\System32\KERNEL32.DLL
0x00007ffd30a00000 - 0x00007ffd30c66000 	C:\WINDOWS\System32\KERNELBASE.dll
0x00007ffd33380000 - 0x00007ffd33421000 	C:\WINDOWS\System32\ADVAPI32.dll
0x00007ffd31030000 - 0x00007ffd310cd000 	C:\WINDOWS\System32\msvcrt.dll
0x00007ffd335b0000 - 0x00007ffd3360b000 	C:\WINDOWS\System32\sechost.dll
0x00007ffd336c0000 - 0x00007ffd337df000 	C:\WINDOWS\System32\RPCRT4.dll
0x00007ffd31240000 - 0x00007ffd313cf000 	C:\WINDOWS\System32\USER32.dll
0x00007ffd30650000 - 0x00007ffd30670000 	C:\WINDOWS\System32\win32u.dll
0x00007ffd313d0000 - 0x00007ffd313f8000 	C:\WINDOWS\System32\GDI32.dll
0x00007ffd30860000 - 0x00007ffd309f3000 	C:\WINDOWS\System32\gdi32full.dll
0x00007ffd30770000 - 0x00007ffd3080b000 	C:\WINDOWS\System32\msvcp_win.dll
0x00007ffd30670000 - 0x00007ffd30766000 	C:\WINDOWS\System32\ucrtbase.dll
0x00007ffd19d50000 - 0x00007ffd19fb9000 	C:\WINDOWS\WinSxS\amd64_microsoft.windows.common-controls_6595b64144ccf1df_6.0.16299.248_none_15ced204935f55d7\COMCTL32.dll
0x00007ffd32850000 - 0x00007ffd32b58000 	C:\WINDOWS\System32\combase.dll
0x00007ffd30c70000 - 0x00007ffd30ce2000 	C:\WINDOWS\System32\bcryptPrimitives.dll
0x00007ffd32df0000 - 0x00007ffd32e1d000 	C:\WINDOWS\System32\IMM32.DLL
0x000000006ed70000 - 0x000000006ee42000 	E:\Android\Android Studio\jre\jre\bin\msvcr100.dll
0x000000006ee50000 - 0x000000006f68e000 	E:\Android\Android Studio\jre\jre\bin\server\jvm.dll
0x00007ffd32e80000 - 0x00007ffd32e88000 	C:\WINDOWS\System32\PSAPI.DLL
0x00007ffd2c320000 - 0x00007ffd2c343000 	C:\WINDOWS\SYSTEM32\WINMM.dll
0x00007ffd06170000 - 0x00007ffd06179000 	C:\WINDOWS\SYSTEM32\WSOCK32.dll
0x00007ffd1c100000 - 0x00007ffd1c10a000 	C:\WINDOWS\SYSTEM32\VERSION.dll
0x00007ffd33430000 - 0x00007ffd3349c000 	C:\WINDOWS\System32\WS2_32.dll
0x00007ffd2c2c0000 - 0x00007ffd2c2ea000 	C:\WINDOWS\SYSTEM32\WINMMBASE.dll
0x00007ffd30810000 - 0x00007ffd3085a000 	C:\WINDOWS\System32\cfgmgr32.dll
0x00007ffd2c380000 - 0x00007ffd2c38f000 	E:\Android\Android Studio\jre\jre\bin\verify.dll
0x00007ffd2a5c0000 - 0x00007ffd2a5e9000 	E:\Android\Android Studio\jre\jre\bin\java.dll
0x00007ffd2ac50000 - 0x00007ffd2ac66000 	E:\Android\Android Studio\jre\jre\bin\zip.dll
0x00007ffd31410000 - 0x00007ffd32846000 	C:\WINDOWS\System32\SHELL32.dll
0x00007ffd33610000 - 0x00007ffd336b6000 	C:\WINDOWS\System32\shcore.dll
0x00007ffd2ff00000 - 0x00007ffd30647000 	C:\WINDOWS\System32\windows.storage.dll
0x00007ffd33550000 - 0x00007ffd335a1000 	C:\WINDOWS\System32\shlwapi.dll
0x00007ffd2fee0000 - 0x00007ffd2fef1000 	C:\WINDOWS\System32\kernel.appcore.dll
0x00007ffd2fe90000 - 0x00007ffd2fedc000 	C:\WINDOWS\System32\powrprof.dll
0x00007ffd2fe50000 - 0x00007ffd2fe6b000 	C:\WINDOWS\System32\profapi.dll
0x00007ffd2a4c0000 - 0x00007ffd2a4da000 	E:\Android\Android Studio\jre\jre\bin\net.dll
0x00007ffd2f6e0000 - 0x00007ffd2f746000 	C:\WINDOWS\system32\mswsock.dll
0x00007ffd2a3c0000 - 0x00007ffd2a3d1000 	E:\Android\Android Studio\jre\jre\bin\nio.dll

VM Arguments:
java_command: org.jetbrains.kotlin.cli.jvm.K2JVMCompiler -Xadd-compiler-builtins -Xbuild-file=C:\Users\zrk83\AppData\Local\Temp\kjps3407933245642733352app_debug.script.xml -classpath C:\Users\zrk83\.gradle\caches\modules-2\files-2.1\org.jetbrains.kotlin\kotlin-stdlib-jre7\1.2.21\3beb08c67673033183c8652572680587876e64b5\kotlin-stdlib-jre7-1.2.21.jar;C:\Users\zrk83\.gradle\caches\transforms-1\files-1.1\appcompat-v7-27.1.0.aar\0aad7d85238d51e674372fddf3edaf70\jars\classes.jar;C:\Users\zrk83\.gradle\caches\transforms-1\files-1.1\constraint-layout-1.0.2.aar\5e1e5273e5338ae560a210e2d119a5ee\jars\classes.jar;C:\Users\zrk83\.gradle\caches\modules-2\files-2.1\org.jetbrains.kotlin\kotlin-stdlib\1.2.21\d64187eb2d9d1521be3421aa8c6774a8625cdde8\kotlin-stdlib-1.2.21.jar;C:\Users\zrk83\.gradle\caches\transforms-1\files-1.1\support-fragment-27.1.0.aar\cc869da6e984f2a946ba102785abcba6\jars\classes.jar;C:\Users\zrk83\.gradle\caches\transforms-1\files-1.1\animated-vector-drawable-27.1.0.aar\52ca45cc328a74579727a296d97e0e0d\jars\classes.jar;C:\Users\zrk83\.gradle\caches\transforms-1\files-1.1\support-core-ui-27.1.0.aar\5cc8bb3c765209ff5aa8d1507a06f5ef\jars\classes.jar;C:\Users\zrk83\.gradle\caches\transforms-1\files-1.1\support-core-utils-27.1.0.aar\8634a234133af22a2e3a2cee53be5912\jars\classes.jar;C:\Users\zrk83\.gradle\caches\transforms-1\files-1.1\support-vector-drawable-27.1.0.aar\a5ba03989ef7d3680e444276765252ec\jars\classes.jar;C:\Users\zrk83\.gradle\caches\transforms-1\files-1.1\support-compat-27.1.0.aar\bd284d65ec86e257015b88f7fee1ed6a\jars\classes.jar;C:\Users\zrk83\.gradle\caches\modules-2\files-2.1\com.android.support\support-annotations\27.1.0\39ded76b5e1ce1c5b2688e1d25cdc20ecee32007\support-annotations-27.1.0.jar;C:\Users\zrk83\AppData\Local\Android\Sdk\extras\m2repository\com\android\support\constraint\constraint-layout-solver\1.0.2\constraint-layout-solver-1.0.2.jar;E:\Android\Android Studio\gradle\m2repository\org\jetbrains\annotations\13.0\annotations-13.0.jar;C:\Use
java_class_path (initial): C:\Users\zrk83\.gradle\caches\modules-2\files-2.1\org.jetbrains.kotlin\kotlin-compiler-embeddable\1.2.21\39456b64a42dc359e385697e2e93b5cba52e197f\kotlin-compiler-embeddable-1.2.21.jar;C:\Users\zrk83\.gradle\caches\modules-2\files-2.1\org.jetbrains.kotlin\kotlin-stdlib\1.2.21\d64187eb2d9d1521be3421aa8c6774a8625cdde8\kotlin-stdlib-1.2.21.jar;C:\Users\zrk83\.gradle\caches\modules-2\files-2.1\org.jetbrains.kotlin\kotlin-script-runtime\1.2.21\40c37b171146be48a989ab74b937b17a96d28d87\kotlin-script-runtime-1.2.21.jar;C:\Users\zrk83\.gradle\caches\modules-2\files-2.1\org.jetbrains.kotlin\kotlin-reflect\1.2.21\3159ff5936aa570a90050d385cb717fbb6c1723a\kotlin-reflect-1.2.21.jar;E:\Android\Android Studio\jre\lib\tools.jar
Launcher Type: SUN_STANDARD

Environment Variables:
PATH=C:\Program Files (x86)\NVIDIA Corporation\PhysX\Common;C:\ProgramData\Oracle\Java\javapath;E:\Microsoft MPI\Bin\;C:\WINDOWS\system32;C:\WINDOWS;C:\WINDOWS\System32\Wbem;C:\WINDOWS\System32\WindowsPowerShell\v1.0\;E:\Git\Git\cmd;C:\Program Files\Microsoft SQL Server\Client SDK\ODBC\110\Tools\Binn\;C:\Program Files (x86)\Microsoft SQL Server\120\Tools\Binn\;C:\Program Files\Microsoft SQL Server\120\Tools\Binn\;C:\Program Files\Microsoft SQL Server\120\DTS\Binn\;C:\Program Files (x86)\Windows Kits\8.1\Windows Performance Toolkit\;C:\Program Files\dotnet\;E:\Anaconda3;E:\Anaconda3\Library\mingw-w64\bin;E:\Anaconda3\Library\usr\bin;E:\Anaconda3\Library\bin;E:\Anaconda3\Scripts;E:\opencv\build\bin;C:\Users\zrk83\AppData\Local\Microsoft\WindowsApps;E:\Microsoft VS Code\bin;E:\Fiddler;C:\Users\zrk83\AppData\Local\GitHubDesktop\bin;E:\Quartus\13.0sp1\modelsim_ase\win32aloem;C:\MinGW\bin;
USERNAME=zrk83
OS=Windows_NT
PROCESSOR_IDENTIFIER=Intel64 Family 6 Model 69 Stepping 1, GenuineIntel



---------------  S Y S T E M  ---------------

OS: Windows 10.0 , 64 bit Build 16299 (10.0.16299.15)

CPU:total 4 (initial active 4) (2 cores per cpu, 2 threads per core) family 6 model 69 stepping 1, cmov, cx8, fxsr, mmx, sse, sse2, sse3, ssse3, sse4.1, sse4.2, popcnt, avx, avx2, aes, clmul, erms, lzcnt, ht, tsc, tscinvbit, bmi1, bmi2

Memory: 4k page, physical 8291408k(975260k free), swap 8291408k(4728k free)

vm_info: OpenJDK 64-Bit Server VM (25.152-b01) for windows-amd64 JRE (1.8.0_152-release-915-b01), built by "builder" with MS VC++ 10.0 (VS2010)

time: Sat Mar 10 16:11:40 2018
elapsed time: 7 seconds (0d 0h 0m 7s)

