#
# There is insufficient memory for the Java Runtime Environment to continue.
# Native memory allocation (malloc) failed to allocate 2017616 bytes for Chunk::new
# Possible reasons:
#   The system is out of physical RAM or swap space
#   In 32 bit mode, the process size limit was hit
# Possible solutions:
#   Reduce memory load on the system
#   Increase physical memory or swap space
#   Check if swap backing store is full
#   Use 64 bit Java on a 64 bit OS
#   Decrease Java heap size (-Xmx/-Xms)
#   Decrease number of Java threads
#   Decrease Java thread stack sizes (-Xss)
#   Set larger code cache with -XX:ReservedCodeCacheSize=
# This output file may be truncated or incomplete.
#
#  Out of Memory Error (allocation.cpp:390), pid=4364, tid=0x0000000000002944
#
# JRE version: OpenJDK Runtime Environment (8.0_152-b01) (build 1.8.0_152-release-915-b01)
# Java VM: OpenJDK 64-Bit Server VM (25.152-b01 mixed mode windows-amd64 compressed oops)
# Failed to write core dump. Minidumps are not enabled by default on client versions of Windows
#

---------------  T H R E A D  ---------------

Current thread (0x00000000193da000):  JavaThread "C2 CompilerThread0" daemon [_thread_in_native, id=10564, stack(0x000000001ace0000,0x000000001ade0000)]

Stack: [0x000000001ace0000,0x000000001ade0000]
[error occurred during error reporting (printing stack bounds), id 0xc0000005]

Native frames: (J=compiled Java code, j=interpreted, Vv=VM code, C=native code)


Current CompileTask:
C2:   3592 1598   !   4       java.net.URLClassLoader$1::run (63 bytes)


---------------  P R O C E S S  ---------------

Java Threads: ( => current thread )
  0x000000001a761800 JavaThread "Service Thread" daemon [_thread_blocked, id=980, stack(0x000000001afe0000,0x000000001b0e0000)]
  0x000000001a6eb800 JavaThread "C1 CompilerThread2" daemon [_thread_in_native, id=4156, stack(0x000000001aee0000,0x000000001afe0000)]
  0x00000000193dc800 JavaThread "C2 CompilerThread1" daemon [_thread_in_native, id=11548, stack(0x000000001ade0000,0x000000001aee0000)]
=>0x00000000193da000 JavaThread "C2 CompilerThread0" daemon [_thread_in_native, id=10564, stack(0x000000001ace0000,0x000000001ade0000)]
  0x000000001938f000 JavaThread "Attach Listener" daemon [_thread_blocked, id=11396, stack(0x000000001abe0000,0x000000001ace0000)]
  0x000000001a6e8800 JavaThread "Signal Dispatcher" daemon [_thread_blocked, id=1136, stack(0x000000001aae0000,0x000000001abe0000)]
  0x000000000481c800 JavaThread "Finalizer" daemon [_thread_blocked, id=11512, stack(0x000000001a5e0000,0x000000001a6e0000)]
  0x0000000019347000 JavaThread "Reference Handler" daemon [_thread_blocked, id=11136, stack(0x000000001a4e0000,0x000000001a5e0000)]
  0x0000000004723000 JavaThread "main" [_thread_in_vm, id=7948, stack(0x0000000004620000,0x0000000004720000)]

Other Threads:
  0x0000000019345800 VMThread [stack: 0x000000001a3e0000,0x000000001a4e0000] [id=11524]
  0x000000001a774800 WatcherThread [stack: 0x000000001b0e0000,0x000000001b1e0000] [id=6452]

VM state:not at safepoint (normal execution)

VM Mutex/Monitor currently owned by a thread: None

Heap:
 PSYoungGen      total 71680K, used 41895K [0x00000000d5d00000, 0x00000000de900000, 0x0000000100000000)
  eden space 66560K, 62% used [0x00000000d5d00000,0x00000000d85e9e28,0x00000000d9e00000)
  from space 5120K, 0% used [0x00000000d9e00000,0x00000000d9e00000,0x00000000da300000)
  to   space 5120K, 0% used [0x00000000de400000,0x00000000de400000,0x00000000de900000)
 ParOldGen       total 67072K, used 9840K [0x0000000081600000, 0x0000000085780000, 0x00000000d5d00000)
  object space 67072K, 14% used [0x0000000081600000,0x0000000081f9c240,0x0000000085780000)
 Metaspace       used 27974K, capacity 28354K, committed 28976K, reserved 1075200K
  class space    used 3641K, capacity 3761K, committed 3888K, reserved 1048576K

Card table byte_map: [0x0000000013be0000,0x0000000013fe0000] byte_map_base: 0x00000000137d5000

Marking Bits: (ParMarkBitMap*) 0x000000006f613950
 Begin Bits: [0x0000000014690000, 0x0000000016638000)
 End Bits:   [0x0000000016638000, 0x00000000185e0000)

Polling page: 0x00000000001f0000

CodeCache: size=245760Kb used=5531Kb max_used=5531Kb free=240228Kb
 bounds [0x0000000004820000, 0x0000000004d90000, 0x0000000013820000]
 total_blobs=2283 nmethods=1887 adapters=309
 compilation: enabled

Compilation events (10 events):
Event: 3.586 Thread 0x000000001a6eb800 nmethod 1892 0x0000000004d86390 code [0x0000000004d86580, 0x0000000004d86f48]
Event: 3.586 Thread 0x000000001a6eb800 1889       3       org.jetbrains.kotlin.com.intellij.openapi.util.UserDataHolderBase::getUserMap (39 bytes)
Event: 3.587 Thread 0x000000001a6eb800 nmethod 1889 0x0000000004d87410 code [0x0000000004d875e0, 0x0000000004d87d98]
Event: 3.587 Thread 0x000000001a6eb800 1891       1       org.jetbrains.kotlin.com.intellij.psi.impl.source.tree.TreeElement::getTreeNext (5 bytes)
Event: 3.587 Thread 0x000000001a6eb800 nmethod 1891 0x0000000004d88090 code [0x0000000004d881e0, 0x0000000004d882f0]
Event: 3.587 Thread 0x000000001a6eb800 1894       1       org.jetbrains.kotlin.com.intellij.psi.impl.source.tree.TreeElement::getTreePrev (5 bytes)
Event: 3.587 Thread 0x000000001a6eb800 nmethod 1894 0x0000000004d88350 code [0x0000000004d884a0, 0x0000000004d885b0]
Event: 3.587 Thread 0x000000001a6eb800 1893       1       org.jetbrains.kotlin.com.intellij.psi.impl.source.tree.CompositeElement::getLastChildNode (5 bytes)
Event: 3.587 Thread 0x000000001a6eb800 nmethod 1893 0x0000000004d88610 code [0x0000000004d88760, 0x0000000004d88870]
Event: 3.587 Thread 0x000000001a6eb800 1895       1       org.jetbrains.kotlin.com.intellij.lang.impl.PsiBuilderImpl$StartMarker::access$2300 (5 bytes)

GC Heap History (8 events):
Event: 0.923 GC heap before
{Heap before GC invocations=1 (full 0):
 PSYoungGen      total 38400K, used 33280K [0x00000000d5d00000, 0x00000000d8780000, 0x0000000100000000)
  eden space 33280K, 100% used [0x00000000d5d00000,0x00000000d7d80000,0x00000000d7d80000)
  from space 5120K, 0% used [0x00000000d8280000,0x00000000d8280000,0x00000000d8780000)
  to   space 5120K, 0% used [0x00000000d7d80000,0x00000000d7d80000,0x00000000d8280000)
 ParOldGen       total 87552K, used 0K [0x0000000081600000, 0x0000000086b80000, 0x00000000d5d00000)
  object space 87552K, 0% used [0x0000000081600000,0x0000000081600000,0x0000000086b80000)
 Metaspace       used 9225K, capacity 9940K, committed 10112K, reserved 1058816K
  class space    used 1055K, capacity 1104K, committed 1152K, reserved 1048576K
Event: 0.936 GC heap after
Heap after GC invocations=1 (full 0):
 PSYoungGen      total 38400K, used 5117K [0x00000000d5d00000, 0x00000000da800000, 0x0000000100000000)
  eden space 33280K, 0% used [0x00000000d5d00000,0x00000000d5d00000,0x00000000d7d80000)
  from space 5120K, 99% used [0x00000000d7d80000,0x00000000d827f470,0x00000000d8280000)
  to   space 5120K, 0% used [0x00000000da300000,0x00000000da300000,0x00000000da800000)
 ParOldGen       total 87552K, used 3133K [0x0000000081600000, 0x0000000086b80000, 0x00000000d5d00000)
  object space 87552K, 3% used [0x0000000081600000,0x000000008190f528,0x0000000086b80000)
 Metaspace       used 9225K, capacity 9940K, committed 10112K, reserved 1058816K
  class space    used 1055K, capacity 1104K, committed 1152K, reserved 1048576K
}
Event: 1.716 GC heap before
{Heap before GC invocations=2 (full 0):
 PSYoungGen      total 38400K, used 38397K [0x00000000d5d00000, 0x00000000da800000, 0x0000000100000000)
  eden space 33280K, 100% used [0x00000000d5d00000,0x00000000d7d80000,0x00000000d7d80000)
  from space 5120K, 99% used [0x00000000d7d80000,0x00000000d827f470,0x00000000d8280000)
  to   space 5120K, 0% used [0x00000000da300000,0x00000000da300000,0x00000000da800000)
 ParOldGen       total 87552K, used 3133K [0x0000000081600000, 0x0000000086b80000, 0x00000000d5d00000)
  object space 87552K, 3% used [0x0000000081600000,0x000000008190f528,0x0000000086b80000)
 Metaspace       used 17876K, capacity 18154K, committed 18560K, reserved 1064960K
  class space    used 2323K, capacity 2403K, committed 2432K, reserved 1048576K
Event: 1.741 GC heap after
Heap after GC invocations=2 (full 0):
 PSYoungGen      total 71680K, used 5104K [0x00000000d5d00000, 0x00000000da800000, 0x0000000100000000)
  eden space 66560K, 0% used [0x00000000d5d00000,0x00000000d5d00000,0x00000000d9e00000)
  from space 5120K, 99% used [0x00000000da300000,0x00000000da7fc048,0x00000000da800000)
  to   space 5120K, 0% used [0x00000000d9e00000,0x00000000d9e00000,0x00000000da300000)
 ParOldGen       total 87552K, used 8104K [0x0000000081600000, 0x0000000086b80000, 0x00000000d5d00000)
  object space 87552K, 9% used [0x0000000081600000,0x0000000081dea380,0x0000000086b80000)
 Metaspace       used 17876K, capacity 18154K, committed 18560K, reserved 1064960K
  class space    used 2323K, capacity 2403K, committed 2432K, reserved 1048576K
}
Event: 2.316 GC heap before
{Heap before GC invocations=3 (full 0):
 PSYoungGen      total 71680K, used 30813K [0x00000000d5d00000, 0x00000000da800000, 0x0000000100000000)
  eden space 66560K, 38% used [0x00000000d5d00000,0x00000000d761b4f8,0x00000000d9e00000)
  from space 5120K, 99% used [0x00000000da300000,0x00000000da7fc048,0x00000000da800000)
  to   space 5120K, 0% used [0x00000000d9e00000,0x00000000d9e00000,0x00000000da300000)
 ParOldGen       total 87552K, used 8104K [0x0000000081600000, 0x0000000086b80000, 0x00000000d5d00000)
  object space 87552K, 9% used [0x0000000081600000,0x0000000081dea380,0x0000000086b80000)
 Metaspace       used 20797K, capacity 21120K, committed 21296K, reserved 1067008K
  class space    used 2725K, capacity 2852K, committed 2864K, reserved 1048576K
Event: 2.339 GC heap after
Heap after GC invocations=3 (full 0):
 PSYoungGen      total 71680K, used 5097K [0x00000000d5d00000, 0x00000000de900000, 0x0000000100000000)
  eden space 66560K, 0% used [0x00000000d5d00000,0x00000000d5d00000,0x00000000d9e00000)
  from space 5120K, 99% used [0x00000000d9e00000,0x00000000da2fa548,0x00000000da300000)
  to   space 5120K, 0% used [0x00000000de400000,0x00000000de400000,0x00000000de900000)
 ParOldGen       total 87552K, used 12958K [0x0000000081600000, 0x0000000086b80000, 0x00000000d5d00000)
  object space 87552K, 14% used [0x0000000081600000,0x00000000822a7b80,0x0000000086b80000)
 Metaspace       used 20797K, capacity 21120K, committed 21296K, reserved 1067008K
  class space    used 2725K, capacity 2852K, committed 2864K, reserved 1048576K
}
Event: 2.339 GC heap before
{Heap before GC invocations=4 (full 1):
 PSYoungGen      total 71680K, used 5097K [0x00000000d5d00000, 0x00000000de900000, 0x0000000100000000)
  eden space 66560K, 0% used [0x00000000d5d00000,0x00000000d5d00000,0x00000000d9e00000)
  from space 5120K, 99% used [0x00000000d9e00000,0x00000000da2fa548,0x00000000da300000)
  to   space 5120K, 0% used [0x00000000de400000,0x00000000de400000,0x00000000de900000)
 ParOldGen       total 87552K, used 12958K [0x0000000081600000, 0x0000000086b80000, 0x00000000d5d00000)
  object space 87552K, 14% used [0x0000000081600000,0x00000000822a7b80,0x0000000086b80000)
 Metaspace       used 20797K, capacity 21120K, committed 21296K, reserved 1067008K
  class space    used 2725K, capacity 2852K, committed 2864K, reserved 1048576K
Event: 2.410 GC heap after
Heap after GC invocations=4 (full 1):
 PSYoungGen      total 71680K, used 0K [0x00000000d5d00000, 0x00000000de900000, 0x0000000100000000)
  eden space 66560K, 0% used [0x00000000d5d00000,0x00000000d5d00000,0x00000000d9e00000)
  from space 5120K, 0% used [0x00000000d9e00000,0x00000000d9e00000,0x00000000da300000)
  to   space 5120K, 0% used [0x00000000de400000,0x00000000de400000,0x00000000de900000)
 ParOldGen       total 67072K, used 9840K [0x0000000081600000, 0x0000000085780000, 0x00000000d5d00000)
  object space 67072K, 14% used [0x0000000081600000,0x0000000081f9c240,0x0000000085780000)
 Metaspace       used 20797K, capacity 21120K, committed 21296K, reserved 1067008K
  class space    used 2725K, capacity 2852K, committed 2864K, reserved 1048576K
}

Deoptimization events (10 events):
Event: 1.344 Thread 0x0000000004723000 Uncommon trap: reason=unstable_if action=reinterpret pc=0x0000000004aea968 method=java.util.HashMap.hash(Ljava/lang/Object;)I @ 1
Event: 1.499 Thread 0x0000000004723000 Uncommon trap: reason=unstable_if action=reinterpret pc=0x00000000049eece8 method=sun.misc.MetaIndex.mayContain(Ljava/lang/String;)Z @ 38
Event: 1.542 Thread 0x0000000004723000 Uncommon trap: reason=range_check action=make_not_entrant pc=0x0000000004aca520 method=sun.reflect.generics.parser.SignatureParser.current()C @ 34
Event: 1.958 Thread 0x0000000004723000 Uncommon trap: reason=unstable_if action=reinterpret pc=0x00000000049ea8b8 method=java.lang.String.<init>([CII)V @ 18
Event: 2.412 Thread 0x000000000481c800 Uncommon trap: reason=unstable_if action=reinterpret pc=0x0000000004b8e19c method=java.lang.ref.ReferenceQueue.poll()Ljava/lang/ref/Reference; @ 4
Event: 2.708 Thread 0x0000000004723000 Uncommon trap: reason=class_check action=maybe_recompile pc=0x0000000004c8440c method=org.jetbrains.kotlin.protobuf.CodedInputStream.tryRefillBuffer(I)Z @ 177
Event: 2.711 Thread 0x0000000004723000 Uncommon trap: reason=class_check action=maybe_recompile pc=0x0000000004c8440c method=org.jetbrains.kotlin.protobuf.CodedInputStream.tryRefillBuffer(I)Z @ 177
Event: 2.713 Thread 0x0000000004723000 Uncommon trap: reason=unstable_if action=reinterpret pc=0x000000000497f238 method=java.lang.String.startsWith(Ljava/lang/String;I)Z @ 25
Event: 2.714 Thread 0x0000000004723000 Uncommon trap: reason=class_check action=maybe_recompile pc=0x0000000004c8440c method=org.jetbrains.kotlin.protobuf.CodedInputStream.tryRefillBuffer(I)Z @ 177
Event: 2.715 Thread 0x0000000004723000 Uncommon trap: reason=class_check action=maybe_recompile pc=0x0000000004c8440c method=org.jetbrains.kotlin.protobuf.CodedInputStream.tryRefillBuffer(I)Z @ 177

Classes redefined (0 events):
No events

Internal exceptions (10 events):
Event: 0.456 Thread 0x0000000004723000 Exception <a 'java/security/PrivilegedActionException'> (0x00000000d6744138) thrown at [D:\src\AOSP-openjdk-cygwin\jdk8u\hotspot\src\share\vm\prims\jvm.cpp, line 1390]
Event: 0.456 Thread 0x0000000004723000 Exception <a 'java/security/PrivilegedActionException'> (0x00000000d6744530) thrown at [D:\src\AOSP-openjdk-cygwin\jdk8u\hotspot\src\share\vm\prims\jvm.cpp, line 1390]
Event: 0.791 Thread 0x0000000004723000 Exception <a 'java/lang/ArrayIndexOutOfBoundsException'> (0x00000000d7718100) thrown at [D:\src\AOSP-openjdk-cygwin\jdk8u\hotspot\src\share\vm\runtime\sharedRuntime.cpp, line 605]
Event: 1.129 Thread 0x0000000004723000 Exception <a 'java/lang/NoSuchFieldError': method resolution failed> (0x00000000d63d50a8) thrown at [D:\src\AOSP-openjdk-cygwin\jdk8u\hotspot\src\share\vm\prims\methodHandles.cpp, line 1167]
Event: 1.132 Thread 0x0000000004723000 Exception <a 'java/lang/NoSuchFieldError': method resolution failed> (0x00000000d63e25b0) thrown at [D:\src\AOSP-openjdk-cygwin\jdk8u\hotspot\src\share\vm\prims\methodHandles.cpp, line 1167]
Event: 1.344 Thread 0x0000000004723000 Implicit null exception at 0x0000000004aea8ef to 0x0000000004aea959
Event: 1.438 Thread 0x0000000004723000 Exception <a 'java/lang/NoSuchMethodError': java.lang.Object.lambda$comparing$77a9974f$1(Ljava/util/function/Function;Ljava/lang/Object;Ljava/lang/Object;)I> (0x00000000d7013688) thrown at [D:\src\AOSP-openjdk-cygwin\jdk8u\hotspot\src\share\vm\interpreter
Event: 1.543 Thread 0x0000000004723000 Exception <a 'java/lang/ArrayIndexOutOfBoundsException': 60> (0x00000000d75aac50) thrown at [D:\src\AOSP-openjdk-cygwin\jdk8u\hotspot\src\share\vm\interpreter\interpreterRuntime.cpp, line 366]
Event: 1.746 Thread 0x0000000004723000 Exception <a 'java/lang/NoSuchMethodError': java.lang.Object.lambda$static$0(I)[Lorg/jetbrains/kotlin/com/intellij/openapi/editor/event/DocumentListener;> (0x00000000d5d0de00) thrown at [D:\src\AOSP-openjdk-cygwin\jdk8u\hotspot\src\share\vm\interpreter\li
Event: 1.791 Thread 0x0000000004723000 Exception <a 'java/lang/NoSuchMethodError': java.lang.Object.lambda$static$0(I)[Lorg/jetbrains/kotlin/com/intellij/psi/PsiAnnotation;> (0x00000000d5edcc80) thrown at [D:\src\AOSP-openjdk-cygwin\jdk8u\hotspot\src\share\vm\interpreter\linkResolver.cpp, line

Events (10 events):
Event: 3.581 loading class org/jetbrains/kotlin/com/intellij/psi/tree/ICustomParsingType
Event: 3.581 loading class org/jetbrains/kotlin/com/intellij/psi/tree/ICustomParsingType done
Event: 3.581 loading class org/jetbrains/kotlin/com/intellij/psi/tree/ILeafElementType
Event: 3.581 loading class org/jetbrains/kotlin/com/intellij/psi/tree/ILeafElementType done
Event: 3.586 loading class org/jetbrains/kotlin/com/intellij/psi/impl/source/SubstrateRef$1
Event: 3.586 loading class org/jetbrains/kotlin/com/intellij/psi/impl/source/SubstrateRef$1 done
Event: 3.586 loading class org/jetbrains/kotlin/com/intellij/psi/impl/source/SubstrateRef$2
Event: 3.586 loading class org/jetbrains/kotlin/com/intellij/psi/impl/source/SubstrateRef$2 done
Event: 3.587 loading class org/jetbrains/kotlin/com/intellij/psi/impl/source/tree/AstPath$1
Event: 3.587 loading class org/jetbrains/kotlin/com/intellij/psi/impl/source/tree/AstPath$1 done


Dynamic libraries:
0x00007ff7135a0000 - 0x00007ff7135d1000 	E:\Android\Android Studio\jre\jre\bin\java.exe
0x00007ffd33b00000 - 0x00007ffd33ce0000 	C:\WINDOWS\SYSTEM32\ntdll.dll
0x00007ffd334a0000 - 0x00007ffd3354e000 	C:\WINDOWS\System32\KERNEL32.DLL
0x00007ffd30a00000 - 0x00007ffd30c66000 	C:\WINDOWS\System32\KERNELBASE.dll
0x00007ffd33380000 - 0x00007ffd33421000 	C:\WINDOWS\System32\ADVAPI32.dll
0x00007ffd31030000 - 0x00007ffd310cd000 	C:\WINDOWS\System32\msvcrt.dll
0x00007ffd335b0000 - 0x00007ffd3360b000 	C:\WINDOWS\System32\sechost.dll
0x00007ffd336c0000 - 0x00007ffd337df000 	C:\WINDOWS\System32\RPCRT4.dll
0x00007ffd31240000 - 0x00007ffd313cf000 	C:\WINDOWS\System32\USER32.dll
0x00007ffd30650000 - 0x00007ffd30670000 	C:\WINDOWS\System32\win32u.dll
0x00007ffd313d0000 - 0x00007ffd313f8000 	C:\WINDOWS\System32\GDI32.dll
0x00007ffd30860000 - 0x00007ffd309f3000 	C:\WINDOWS\System32\gdi32full.dll
0x00007ffd30770000 - 0x00007ffd3080b000 	C:\WINDOWS\System32\msvcp_win.dll
0x00007ffd30670000 - 0x00007ffd30766000 	C:\WINDOWS\System32\ucrtbase.dll
0x00007ffd19d50000 - 0x00007ffd19fb9000 	C:\WINDOWS\WinSxS\amd64_microsoft.windows.common-controls_6595b64144ccf1df_6.0.16299.248_none_15ced204935f55d7\COMCTL32.dll
0x00007ffd32850000 - 0x00007ffd32b58000 	C:\WINDOWS\System32\combase.dll
0x00007ffd30c70000 - 0x00007ffd30ce2000 	C:\WINDOWS\System32\bcryptPrimitives.dll
0x00007ffd32df0000 - 0x00007ffd32e1d000 	C:\WINDOWS\System32\IMM32.DLL
0x000000006ed70000 - 0x000000006ee42000 	E:\Android\Android Studio\jre\jre\bin\msvcr100.dll
0x000000006ee50000 - 0x000000006f68e000 	E:\Android\Android Studio\jre\jre\bin\server\jvm.dll
0x00007ffd32e80000 - 0x00007ffd32e88000 	C:\WINDOWS\System32\PSAPI.DLL
0x00007ffd2c320000 - 0x00007ffd2c343000 	C:\WINDOWS\SYSTEM32\WINMM.dll
0x00007ffd06170000 - 0x00007ffd06179000 	C:\WINDOWS\SYSTEM32\WSOCK32.dll
0x00007ffd1c100000 - 0x00007ffd1c10a000 	C:\WINDOWS\SYSTEM32\VERSION.dll
0x00007ffd33430000 - 0x00007ffd3349c000 	C:\WINDOWS\System32\WS2_32.dll
0x00007ffd2c2c0000 - 0x00007ffd2c2ea000 	C:\WINDOWS\SYSTEM32\WINMMBASE.dll
0x00007ffd30810000 - 0x00007ffd3085a000 	C:\WINDOWS\System32\cfgmgr32.dll
0x00007ffd2c380000 - 0x00007ffd2c38f000 	E:\Android\Android Studio\jre\jre\bin\verify.dll
0x00007ffd2a5c0000 - 0x00007ffd2a5e9000 	E:\Android\Android Studio\jre\jre\bin\java.dll
0x00007ffd2ac50000 - 0x00007ffd2ac66000 	E:\Android\Android Studio\jre\jre\bin\zip.dll
0x00007ffd31410000 - 0x00007ffd32846000 	C:\WINDOWS\System32\SHELL32.dll
0x00007ffd33610000 - 0x00007ffd336b6000 	C:\WINDOWS\System32\shcore.dll
0x00007ffd2ff00000 - 0x00007ffd30647000 	C:\WINDOWS\System32\windows.storage.dll
0x00007ffd33550000 - 0x00007ffd335a1000 	C:\WINDOWS\System32\shlwapi.dll
0x00007ffd2fee0000 - 0x00007ffd2fef1000 	C:\WINDOWS\System32\kernel.appcore.dll
0x00007ffd2fe90000 - 0x00007ffd2fedc000 	C:\WINDOWS\System32\powrprof.dll
0x00007ffd2fe50000 - 0x00007ffd2fe6b000 	C:\WINDOWS\System32\profapi.dll
0x00007ffd2a4c0000 - 0x00007ffd2a4da000 	E:\Android\Android Studio\jre\jre\bin\net.dll
0x00007ffd2f6e0000 - 0x00007ffd2f746000 	C:\WINDOWS\system32\mswsock.dll
0x00007ffd2a3c0000 - 0x00007ffd2a3d1000 	E:\Android\Android Studio\jre\jre\bin\nio.dll

VM Arguments:
java_command: org.jetbrains.kotlin.cli.jvm.K2JVMCompiler -Xadd-compiler-builtins -Xbuild-file=C:\Users\zrk83\AppData\Local\Temp\kjps979585239865827089app_debug.script.xml -classpath C:\Users\zrk83\.gradle\caches\modules-2\files-2.1\org.jetbrains.kotlin\kotlin-stdlib-jre7\1.2.21\3beb08c67673033183c8652572680587876e64b5\kotlin-stdlib-jre7-1.2.21.jar;C:\Users\zrk83\.gradle\caches\transforms-1\files-1.1\appcompat-v7-27.1.0.aar\0aad7d85238d51e674372fddf3edaf70\jars\classes.jar;C:\Users\zrk83\.gradle\caches\transforms-1\files-1.1\constraint-layout-1.0.2.aar\5e1e5273e5338ae560a210e2d119a5ee\jars\classes.jar;C:\Users\zrk83\.gradle\caches\modules-2\files-2.1\org.jetbrains.kotlin\kotlin-stdlib\1.2.21\d64187eb2d9d1521be3421aa8c6774a8625cdde8\kotlin-stdlib-1.2.21.jar;C:\Users\zrk83\.gradle\caches\transforms-1\files-1.1\support-fragment-27.1.0.aar\cc869da6e984f2a946ba102785abcba6\jars\classes.jar;C:\Users\zrk83\.gradle\caches\transforms-1\files-1.1\animated-vector-drawable-27.1.0.aar\52ca45cc328a74579727a296d97e0e0d\jars\classes.jar;C:\Users\zrk83\.gradle\caches\transforms-1\files-1.1\support-core-ui-27.1.0.aar\5cc8bb3c765209ff5aa8d1507a06f5ef\jars\classes.jar;C:\Users\zrk83\.gradle\caches\transforms-1\files-1.1\support-core-utils-27.1.0.aar\8634a234133af22a2e3a2cee53be5912\jars\classes.jar;C:\Users\zrk83\.gradle\caches\transforms-1\files-1.1\support-vector-drawable-27.1.0.aar\a5ba03989ef7d3680e444276765252ec\jars\classes.jar;C:\Users\zrk83\.gradle\caches\transforms-1\files-1.1\support-compat-27.1.0.aar\bd284d65ec86e257015b88f7fee1ed6a\jars\classes.jar;C:\Users\zrk83\.gradle\caches\modules-2\files-2.1\com.android.support\support-annotations\27.1.0\39ded76b5e1ce1c5b2688e1d25cdc20ecee32007\support-annotations-27.1.0.jar;C:\Users\zrk83\AppData\Local\Android\Sdk\extras\m2repository\com\android\support\constraint\constraint-layout-solver\1.0.2\constraint-layout-solver-1.0.2.jar;E:\Android\Android Studio\gradle\m2repository\org\jetbrains\annotations\13.0\annotations-13.0.jar;C:\User
java_class_path (initial): C:\Users\zrk83\.gradle\caches\modules-2\files-2.1\org.jetbrains.kotlin\kotlin-compiler-embeddable\1.2.21\39456b64a42dc359e385697e2e93b5cba52e197f\kotlin-compiler-embeddable-1.2.21.jar;C:\Users\zrk83\.gradle\caches\modules-2\files-2.1\org.jetbrains.kotlin\kotlin-stdlib\1.2.21\d64187eb2d9d1521be3421aa8c6774a8625cdde8\kotlin-stdlib-1.2.21.jar;C:\Users\zrk83\.gradle\caches\modules-2\files-2.1\org.jetbrains.kotlin\kotlin-script-runtime\1.2.21\40c37b171146be48a989ab74b937b17a96d28d87\kotlin-script-runtime-1.2.21.jar;C:\Users\zrk83\.gradle\caches\modules-2\files-2.1\org.jetbrains.kotlin\kotlin-reflect\1.2.21\3159ff5936aa570a90050d385cb717fbb6c1723a\kotlin-reflect-1.2.21.jar;E:\Android\Android Studio\jre\lib\tools.jar
Launcher Type: SUN_STANDARD

Environment Variables:
PATH=C:\Program Files (x86)\NVIDIA Corporation\PhysX\Common;C:\ProgramData\Oracle\Java\javapath;E:\Microsoft MPI\Bin\;C:\WINDOWS\system32;C:\WINDOWS;C:\WINDOWS\System32\Wbem;C:\WINDOWS\System32\WindowsPowerShell\v1.0\;E:\Git\Git\cmd;C:\Program Files\Microsoft SQL Server\Client SDK\ODBC\110\Tools\Binn\;C:\Program Files (x86)\Microsoft SQL Server\120\Tools\Binn\;C:\Program Files\Microsoft SQL Server\120\Tools\Binn\;C:\Program Files\Microsoft SQL Server\120\DTS\Binn\;C:\Program Files (x86)\Windows Kits\8.1\Windows Performance Toolkit\;C:\Program Files\dotnet\;E:\Anaconda3;E:\Anaconda3\Library\mingw-w64\bin;E:\Anaconda3\Library\usr\bin;E:\Anaconda3\Library\bin;E:\Anaconda3\Scripts;E:\opencv\build\bin;C:\Users\zrk83\AppData\Local\Microsoft\WindowsApps;E:\Microsoft VS Code\bin;E:\Fiddler;C:\Users\zrk83\AppData\Local\GitHubDesktop\bin;E:\Quartus\13.0sp1\modelsim_ase\win32aloem;C:\MinGW\bin;
USERNAME=zrk83
OS=Windows_NT
PROCESSOR_IDENTIFIER=Intel64 Family 6 Model 69 Stepping 1, GenuineIntel



---------------  S Y S T E M  ---------------

OS: Windows 10.0 , 64 bit Build 16299 (10.0.16299.15)

CPU:total 4 (initial active 4) (2 cores per cpu, 2 threads per core) family 6 model 69 stepping 1, cmov, cx8, fxsr, mmx, sse, sse2, sse3, ssse3, sse4.1, sse4.2, popcnt, avx, avx2, aes, clmul, erms, lzcnt, ht, tsc, tscinvbit, bmi1, bmi2

Memory: 4k page, physical 8291408k(904360k free), swap 8291408k(5760k free)

vm_info: OpenJDK 64-Bit Server VM (25.152-b01) for windows-amd64 JRE (1.8.0_152-release-915-b01), built by "builder" with MS VC++ 10.0 (VS2010)

time: Sat Mar 10 15:42:16 2018
elapsed time: 3 seconds (0d 0h 0m 3s)

